
RevBayes version (1.1.1)
Build from development (rapture-649-g20534c) on Sun Apr 11 23:30:45 CDT 2021

Visit the website www.RevBayes.com for more information about RevBayes.

RevBayes is free software released under the GPL license, version 3. Type 'license()' for details.

To quit RevBayes type 'quit()' or 'q()'.


> source("scripts/morpho_MCMC.Rev")
   Processing file "scripts/morpho_MCMC.Rev"
   Successfully read one character matrix from file 'data/extant_morpho.nex'
   NOTE: setNumStatesPartition() partitions by the maximum observed state, not the total number of observed states.

   Running MCMC simulation
   This simulation runs 2 independent replicates.
   The simulator uses 56 different moves in a random move schedule with 72 moves per iteration

Iter        |      Posterior   |     Likelihood   |          Prior   |    elapsed   |        ETA   |
----------------------------------------------------------------------------------------------------
0           |        -329.34   |       -336.369   |        7.02838   |   00:00:00   |   --:--:--   |
1000        |        -209.31   |       -223.635   |        14.3244   |   00:00:05   |   --:--:--   |
2000        |       -202.626   |       -218.435   |        15.8091   |   00:00:09   |   00:07:21   |
3000        |       -203.017   |       -220.822   |        17.8045   |   00:00:13   |   00:07:00   |
4000        |       -207.141   |       -221.941   |        14.7999   |   00:00:18   |   00:07:12   |
5000        |       -202.414   |       -218.686   |        16.2712   |   00:00:22   |   00:06:58   |
6000        |       -203.278   |       -219.883   |        16.6046   |   00:00:27   |   00:07:03   |
7000        |       -204.256   |       -221.372   |        17.1163   |   00:00:31   |   00:06:51   |
8000        |       -205.709   |       -223.346   |        17.6368   |   00:00:35   |   00:06:42   |
9000        |       -207.951   |       -226.385   |        18.4335   |   00:00:40   |   00:06:44   |
10000       |       -211.942   |       -226.336   |        14.3938   |   00:00:44   |   00:06:36   |
11000       |       -206.617   |       -222.392   |        15.7743   |   00:00:48   |   00:06:28   |
12000       |       -205.369   |       -222.371   |        17.0017   |   00:00:53   |   00:06:28   |
13000       |       -207.057   |       -223.735   |        16.6777   |   00:00:57   |   00:06:21   |
14000       |        -206.32   |       -223.992   |        17.6721   |   00:01:02   |   00:06:20   |
15000       |       -204.696   |       -220.446   |        15.7504   |   00:01:06   |   00:06:14   |
16000       |       -208.164   |       -225.261   |        17.0974   |   00:01:10   |   00:06:07   |
17000       |        -207.72   |       -222.645   |        14.9244   |   00:01:15   |   00:06:06   |
18000       |        -205.41   |       -221.585   |        16.1754   |   00:01:19   |   00:05:59   |
19000       |       -209.405   |       -225.129   |         15.724   |   00:01:23   |   00:05:53   |


Iter        |      Posterior   |     Likelihood   |          Prior   |    elapsed   |        ETA   |
----------------------------------------------------------------------------------------------------
20000       |       -211.589   |       -223.798   |        12.2086   |   00:01:28   |   00:05:52   |
21000       |       -212.166   |       -227.317   |        15.1512   |   00:01:32   |   00:05:46   |
22000       |       -209.069   |       -222.397   |        13.3285   |   00:01:37   |   00:05:43   |
23000       |       -208.864   |       -225.696   |        16.8316   |   00:01:41   |   00:05:38   |
24000       |       -210.602   |       -223.344   |        12.7421   |   00:01:45   |   00:05:32   |
25000       |       -208.853   |       -224.531   |        15.6784   |   00:01:50   |   00:05:30   |
26000       |        -205.24   |        -221.98   |        16.7405   |   00:01:54   |   00:05:24   |
27000       |       -202.884   |       -218.427   |        15.5425   |   00:01:58   |   00:05:19   |
28000       |       -208.116   |       -222.944   |        14.8279   |   00:02:03   |   00:05:16   |
29000       |        -212.27   |       -228.878   |        16.6077   |   00:02:07   |   00:05:10   |
30000       |       -211.666   |       -224.228   |        12.5618   |   00:02:12   |   00:05:08   |
31000       |       -203.332   |       -219.019   |        15.6876   |   00:02:16   |   00:05:02   |
32000       |       -210.341   |       -225.276   |        14.9347   |   00:02:20   |   00:04:57   |
33000       |       -205.759   |       -223.078   |        17.3198   |   00:02:25   |   00:04:54   |
34000       |       -210.413   |       -223.826   |        13.4126   |   00:02:29   |   00:04:49   |
35000       |       -205.597   |       -221.719   |         16.122   |   00:02:33   |   00:04:44   |
36000       |       -209.053   |        -223.73   |        14.6774   |   00:02:38   |   00:04:40   |
37000       |       -205.258   |       -222.634   |        17.3758   |   00:02:42   |   00:04:35   |
38000       |       -213.764   |       -226.349   |        12.5849   |   00:02:46   |   00:04:30   |
39000       |       -209.978   |        -224.86   |        14.8823   |   00:02:51   |   00:04:27   |


Iter        |      Posterior   |     Likelihood   |          Prior   |    elapsed   |        ETA   |
----------------------------------------------------------------------------------------------------
40000       |        -204.63   |       -221.248   |        16.6177   |   00:02:55   |   00:04:22   |
41000       |       -202.865   |       -220.811   |        17.9459   |   00:02:59   |   00:04:17   |
42000       |       -209.941   |       -224.168   |         14.227   |   00:03:04   |   00:04:14   |
43000       |       -206.239   |       -221.148   |         14.909   |   00:03:08   |   00:04:09   |
44000       |       -206.063   |       -223.337   |         17.274   |   00:03:12   |   00:04:04   |
45000       |       -210.591   |       -224.117   |        13.5259   |   00:03:17   |   00:04:00   |
46000       |       -205.466   |       -221.268   |         15.802   |   00:03:21   |   00:03:55   |
47000       |       -203.652   |       -220.913   |        17.2609   |   00:03:26   |   00:03:52   |
48000       |       -204.589   |       -221.157   |        16.5673   |   00:03:30   |   00:03:47   |
49000       |       -207.165   |       -223.906   |         16.741   |   00:03:34   |   00:03:42   |
50000       |       -208.145   |        -224.65   |        16.5048   |   00:03:39   |   00:03:39   |
51000       |       -212.423   |       -225.602   |        13.1787   |   00:03:43   |   00:03:34   |
52000       |       -207.671   |       -221.269   |        13.5981   |   00:03:47   |   00:03:29   |
53000       |       -204.333   |       -220.784   |        16.4509   |   00:03:52   |   00:03:25   |
54000       |       -203.832   |       -220.906   |        17.0736   |   00:03:56   |   00:03:21   |
55000       |       -209.415   |       -226.118   |        16.7024   |   00:04:01   |   00:03:17   |
56000       |       -208.163   |       -223.647   |        15.4844   |   00:04:05   |   00:03:12   |
57000       |       -213.245   |       -225.756   |        12.5114   |   00:04:09   |   00:03:07   |
58000       |       -203.502   |       -219.451   |        15.9482   |   00:04:14   |   00:03:03   |
59000       |       -205.742   |        -222.56   |        16.8185   |   00:04:18   |   00:02:59   |


Iter        |      Posterior   |     Likelihood   |          Prior   |    elapsed   |        ETA   |
----------------------------------------------------------------------------------------------------
60000       |       -208.541   |       -223.131   |        14.5894   |   00:04:22   |   00:02:54   |
61000       |       -206.844   |       -222.501   |        15.6571   |   00:04:27   |   00:02:50   |
62000       |        -213.95   |       -226.241   |        12.2907   |   00:04:31   |   00:02:46   |
63000       |       -204.791   |       -221.458   |        16.6675   |   00:04:35   |   00:02:41   |
64000       |       -206.402   |       -224.389   |        17.9869   |   00:04:40   |   00:02:37   |
65000       |       -220.914   |        -233.09   |        12.1758   |   00:04:44   |   00:02:32   |
66000       |       -201.229   |       -218.957   |        17.7284   |   00:04:49   |   00:02:28   |
67000       |       -213.261   |       -227.375   |        14.1137   |   00:04:53   |   00:02:24   |
68000       |       -213.018   |       -229.869   |        16.8516   |   00:04:57   |   00:02:19   |
69000       |        -205.46   |       -222.934   |        17.4742   |   00:05:02   |   00:02:15   |
70000       |       -210.299   |       -225.303   |        15.0035   |   00:05:06   |   00:02:11   |
71000       |       -216.058   |       -228.656   |        12.5978   |   00:05:10   |   00:02:06   |
72000       |       -206.813   |       -223.642   |        16.8289   |   00:05:15   |   00:02:02   |
73000       |       -210.157   |       -223.591   |        13.4343   |   00:05:19   |   00:01:57   |
74000       |       -209.581   |       -227.089   |        17.5081   |   00:05:23   |   00:01:53   |
75000       |       -201.453   |       -220.029   |        18.5754   |   00:05:28   |   00:01:49   |
76000       |       -210.776   |       -226.902   |        16.1256   |   00:05:32   |   00:01:44   |
77000       |       -210.912   |       -224.128   |        13.2163   |   00:05:37   |   00:01:40   |
78000       |       -203.627   |        -218.87   |        15.2426   |   00:05:41   |   00:01:36   |
79000       |       -214.616   |       -230.191   |        15.5755   |   00:05:45   |   00:01:31   |


Iter        |      Posterior   |     Likelihood   |          Prior   |    elapsed   |        ETA   |
----------------------------------------------------------------------------------------------------
80000       |       -212.507   |       -225.293   |         12.786   |   00:05:50   |   00:01:27   |
81000       |       -211.293   |       -226.687   |        15.3936   |   00:05:54   |   00:01:23   |
82000       |       -212.271   |       -223.555   |        11.2846   |   00:05:58   |   00:01:18   |
83000       |       -206.534   |       -221.723   |        15.1887   |   00:06:03   |   00:01:14   |
84000       |       -211.983   |       -225.524   |        13.5408   |   00:06:07   |   00:01:09   |
85000       |       -205.771   |       -220.439   |        14.6685   |   00:06:11   |   00:01:05   |
86000       |        -205.41   |       -221.889   |        16.4793   |   00:06:16   |   00:01:01   |
87000       |       -213.174   |       -228.126   |        14.9514   |   00:06:20   |   00:00:56   |
88000       |       -207.532   |       -222.421   |        14.8886   |   00:06:24   |   00:00:52   |
89000       |       -204.204   |       -220.233   |        16.0292   |   00:06:29   |   00:00:48   |
90000       |       -206.194   |       -222.268   |         16.074   |   00:06:33   |   00:00:43   |
91000       |       -210.738   |       -225.645   |        14.9072   |   00:06:38   |   00:00:39   |
92000       |       -220.951   |       -231.972   |        11.0216   |   00:06:42   |   00:00:34   |
93000       |       -207.917   |       -223.285   |        15.3681   |   00:06:46   |   00:00:30   |
94000       |       -207.014   |       -221.446   |        14.4321   |   00:06:51   |   00:00:26   |
95000       |        -208.21   |       -223.028   |        14.8177   |   00:06:55   |   00:00:21   |
96000       |       -205.936   |       -221.218   |         15.282   |   00:06:59   |   00:00:17   |
97000       |       -211.441   |       -224.167   |        12.7266   |   00:07:04   |   00:00:13   |
98000       |       -207.363   |       -222.175   |        14.8122   |   00:07:08   |   00:00:08   |
99000       |       -217.014   |       -230.086   |        13.0722   |   00:07:12   |   00:00:04   |


Iter        |      Posterior   |     Likelihood   |          Prior   |    elapsed   |        ETA   |
----------------------------------------------------------------------------------------------------
100000      |        -215.02   |       -228.404   |        13.3835   |   00:07:17   |   00:00:00   |
