
RevBayes version (1.1.1)
Build from development (rapture-649-g20534c) on Sun Apr 11 23:30:45 CDT 2021

Visit the website www.RevBayes.com for more information about RevBayes.

RevBayes is free software released under the GPL license, version 3. Type 'license()' for details.

To quit RevBayes type 'quit()' or 'q()'.


> source("scripts/combined_evidence_fbd.Rev")
   Processing file "scripts/combined_evidence_fbd.Rev"
   Successfully read one character matrix from file 'data/nuclear.nex'
   Successfully read one character matrix from file 'data/morpho.nex'
   NOTE: setNumStatesPartition() partitions by the maximum observed state, not the total number of observed states.
   NOTE: setNumStatesPartition() partitions by the maximum observed state, not the total number of observed states.
   NOTE: setNumStatesPartition() partitions by the maximum observed state, not the total number of observed states.

   Running MCMC simulation
   This simulation runs 2 independent replicates.
   The simulator uses 51 different moves in a random move schedule with 115 moves per iteration

Iter        |      Posterior   |     Likelihood   |          Prior   |   clock_morp..      |clock_morp..      |clock_morp..   |   clock_nucl..   |      root_time   |    elapsed   |        ETA   |
---------------------------------------------------------------------------------------------------------------------------------------------------------------------------------------------------
0           |    -5.4751e+06   |   -5.46478e+06   |       -10321.3   |         1.6599      |     2.20463      |    0.243184   |       1.329569   |       28.52763   |   00:00:00   |   --:--:--   |
100         |   -2.67537e+06   |   -2.66494e+06   |       -10429.8   |        2.63467      |     3.01651      |    0.382981   |      0.2234237   |       27.48563   |   00:04:33   |   --:--:--   |
200         |   -2.66312e+06   |   -2.65269e+06   |         -10434   |         3.0613      |     3.57354      |    0.527756   |      0.2343576   |       22.36702   |   00:09:12   |   76:30:48   |
300         |   -2.62566e+06   |   -2.61522e+06   |       -10441.6   |        2.92067      |     4.10181      |    0.562756   |      0.2413326   |       22.62417   |   00:14:08   |   78:16:58   |
400         |   -2.61986e+06   |   -2.60946e+06   |       -10399.8   |        2.92067      |     3.63068      |    0.609918   |      0.2400162   |       16.40318   |   00:18:56   |   78:34:24   |
500         |   -2.61949e+06   |    -2.6091e+06   |       -10381.9   |        2.92067      |     4.08784      |    0.645188   |      0.2424429   |        14.8398   |   00:24:02   |   79:42:38   |
600         |    -2.6194e+06   |   -2.60904e+06   |       -10364.3   |         5.0151      |     5.76731      |    0.546744   |      0.2425574   |        20.6536   |   00:28:49   |   79:33:57   |
700         |   -2.61936e+06   |   -2.60899e+06   |       -10371.6   |        6.16199      |     6.50548      |    0.726025   |      0.2425839   |         13.765   |   00:33:20   |   78:48:34   |
800         |   -2.61936e+06   |   -2.60897e+06   |       -10385.7   |        7.45885      |     7.30915      |     0.67946   |      0.2417195   |       10.85726   |   00:38:04   |   78:40:16   |
900         |   -2.61938e+06   |   -2.60897e+06   |       -10410.6   |        6.99352      |     7.01368      |    0.926097   |      0.2419719   |       18.16252   |   00:42:35   |   78:08:53   |
1000        |   -2.61936e+06   |   -2.60897e+06   |       -10396.8   |        8.33352      |     9.63147      |    0.867119   |      0.2409115   |       18.02485   |   00:47:35   |   78:30:45   |
1100        |   -2.61357e+06   |   -2.60318e+06   |         -10388   |        8.11143      |     9.02623      |     1.13534   |      0.2475324   |       29.51377   |   00:51:51   |   77:41:47   |
1200        |   -2.61328e+06   |   -2.60292e+06   |       -10368.2   |        8.79646      |     12.3164      |    0.819497   |      0.2473863   |       12.90708   |   00:56:07   |   77:00:16   |
1300        |   -2.61324e+06   |   -2.60288e+06   |       -10365.1   |        11.0267      |     9.95072      |    0.786957   |      0.2493202   |       12.51731   |   01:00:41   |   76:47:15   |
1400        |   -2.61321e+06   |   -2.60286e+06   |       -10355.2   |        11.8432      |     9.72976      |    0.855863   |      0.2493158   |       22.45993   |   01:04:58   |   76:15:30   |
1500        |   -2.61323e+06   |   -2.60285e+06   |       -10377.4   |        10.0002      |     9.40335      |     1.00992   |      0.2487828   |       28.09466   |   01:09:21   |   75:53:59   |
1600        |   -2.61323e+06   |   -2.60286e+06   |       -10373.1   |        10.4601      |     11.6871      |    0.823051   |      0.2493601   |       23.41928   |   01:13:35   |   75:25:22   |
1700        |    -2.6132e+06   |   -2.60285e+06   |       -10350.8   |        13.3195      |     11.3989      |     0.91289   |      0.2488693   |       18.63361   |   01:17:43   |   74:53:51   |
1800        |   -2.61318e+06   |   -2.60285e+06   |       -10335.1   |        14.6308      |      14.776      |    0.775648   |       0.249869   |       25.37173   |   01:21:55   |   74:29:00   |
1900        |   -2.61318e+06   |   -2.60284e+06   |       -10342.5   |        13.1055      |     11.1183      |    0.917653   |      0.2490591   |       11.99046   |   01:26:48   |   74:41:37   |


Iter        |      Posterior   |     Likelihood   |          Prior   |   clock_morp..      |clock_morp..      |clock_morp..   |   clock_nucl..   |      root_time   |    elapsed   |        ETA   |
---------------------------------------------------------------------------------------------------------------------------------------------------------------------------------------------------
2000        |   -2.61316e+06   |   -2.60284e+06   |       -10315.9   |        12.2045      |     13.0059      |    0.880412   |      0.2485684   |       16.27525   |   01:31:24   |   74:38:36   |
2100        |   -2.61248e+06   |   -2.60216e+06   |         -10328   |        9.21547      |     7.80562      |    0.945173   |      0.2480425   |       23.78684   |   01:36:00   |   74:35:25   |
2200        |   -2.61243e+06   |   -2.60212e+06   |       -10310.7   |        9.61737      |     8.94206      |     1.03289   |      0.2481621   |       16.92047   |   01:40:12   |   74:14:20   |
2300        |   -2.61242e+06   |   -2.60211e+06   |       -10305.1   |        9.48402      |     10.2688      |    0.986184   |       0.246975   |       8.017282   |   01:44:17   |   73:49:46   |
2400        |   -2.61241e+06   |   -2.60211e+06   |       -10295.4   |         11.089      |     9.97252      |    0.938891   |      0.2470285   |       13.31439   |   01:48:24   |   73:28:16   |
2500        |   -2.61243e+06   |   -2.60211e+06   |       -10312.7   |        9.78314      |     11.8171      |    0.967076   |      0.2473542   |       9.668256   |   01:52:52   |   73:21:48   |
2600        |   -2.61243e+06   |   -2.60212e+06   |       -10312.5   |        9.76839      |     11.7134      |     1.03989   |      0.2482372   |       28.40482   |   01:56:57   |   73:01:07   |
2700        |   -2.61242e+06   |   -2.60211e+06   |       -10312.9   |         10.591      |     13.2829      |     1.18206   |      0.2474338   |       28.68028   |   02:01:21   |   72:53:05   |
2800        |   -2.61244e+06   |   -2.60212e+06   |       -10324.6   |        10.9062      |     10.3943      |    0.992934   |      0.2471191   |       22.30348   |   02:05:37   |   72:40:41   |
2900        |   -2.61244e+06   |   -2.60211e+06   |       -10328.1   |        9.79074      |     9.95302      |     1.01686   |      0.2483202   |       18.15115   |   02:09:24   |   72:12:40   |
3000        |   -2.61244e+06   |   -2.60211e+06   |       -10324.7   |        10.1962      |     13.0782      |    0.834075   |      0.2479973   |       29.54776   |   02:14:00   |   72:12:40   |
3100        |   -2.61245e+06   |   -2.60211e+06   |       -10338.5   |        10.1962      |     13.0782      |    0.937814   |      0.2470978   |       13.26781   |   02:18:29   |   72:08:43   |
3200        |   -2.61244e+06   |   -2.60211e+06   |       -10323.1   |        11.3234      |     11.2764      |    0.828306   |       0.247821   |       29.50345   |   02:23:11   |   72:11:17   |
3300        |   -2.61244e+06   |   -2.60211e+06   |       -10329.6   |        14.3074      |     12.3334      |     0.91922   |      0.2483556   |       25.77811   |   02:27:46   |   72:10:00   |
3400        |   -2.61246e+06   |   -2.60211e+06   |       -10355.7   |        14.2905      |      11.558      |    0.990067   |      0.2480482   |       24.60084   |   02:32:15   |   72:05:41   |
3500        |   -2.61247e+06   |   -2.60211e+06   |       -10358.4   |        14.6553      |     11.9912      |     1.05445   |      0.2475572   |       19.28908   |   02:37:00   |   72:08:42   |
3600        |   -2.61244e+06   |   -2.60211e+06   |       -10337.8   |        13.5659      |     13.1133      |     0.97015   |       0.246978   |       27.56982   |   02:41:36   |   72:07:17   |
3700        |   -2.61242e+06   |   -2.60211e+06   |       -10310.8   |        12.6721      |     11.4476      |     1.25707   |       0.246939   |       25.00225   |   02:45:42   |   71:52:40   |
3800        |   -2.61241e+06   |   -2.60211e+06   |       -10302.2   |        12.8055      |     12.9801      |     1.20675   |      0.2469815   |       24.77343   |   02:49:57   |   71:42:25   |
3900        |   -2.61243e+06   |   -2.60211e+06   |       -10320.2   |        14.6481      |     11.9065      |     1.06613   |      0.2479034   |       22.50954   |   02:53:57   |   71:26:18   |


Iter        |      Posterior   |     Likelihood   |          Prior   |   clock_morp..      |clock_morp..      |clock_morp..   |   clock_nucl..   |      root_time   |    elapsed   |        ETA   |
---------------------------------------------------------------------------------------------------------------------------------------------------------------------------------------------------
4000        |   -2.61243e+06   |   -2.60211e+06   |       -10314.2   |        14.6701      |     12.4839      |     1.26481   |      0.2478286   |       29.27179   |   02:58:30   |   71:24:00   |
4100        |   -2.61243e+06   |   -2.60211e+06   |       -10321.6   |        12.8333      |     13.6158      |     1.13738   |        0.24813   |       21.11684   |   03:02:55   |   71:18:27   |
4200        |   -2.61242e+06   |   -2.60211e+06   |       -10305.4   |        14.2851      |     12.9977      |    0.964167   |      0.2476657   |       20.93259   |   03:07:10   |   71:09:10   |
4300        |   -2.61239e+06   |   -2.60211e+06   |       -10284.7   |        12.1772      |     14.5607      |    0.964167   |      0.2485871   |       20.35751   |   03:11:40   |   71:05:41   |
4400        |    -2.6124e+06   |   -2.60211e+06   |       -10289.7   |        13.0603      |     12.3285      |    0.914424   |      0.2477845   |       11.47053   |   03:15:46   |   70:53:28   |
4500        |    -2.6124e+06   |   -2.60211e+06   |       -10294.6   |        12.1443      |     15.6152      |     1.13013   |      0.2472559   |       17.74615   |   03:19:57   |   70:43:23   |
4600        |   -2.61241e+06   |   -2.60211e+06   |       -10301.8   |        13.4596      |     15.8851      |     1.17867   |      0.2475467   |       21.86616   |   03:24:15   |   70:35:58   |
4700        |   -2.61242e+06   |   -2.60211e+06   |       -10303.2   |        13.1344      |     12.5562      |     1.39307   |      0.2478785   |       20.54224   |   03:28:17   |   70:23:16   |
4800        |    -2.6124e+06   |   -2.60212e+06   |       -10282.5   |        12.7342      |     9.99517      |     1.12373   |      0.2478926   |       12.56305   |   03:32:41   |   70:18:13   |
4900        |    -2.6124e+06   |   -2.60211e+06   |         -10285   |         10.207      |     13.0463      |     1.15653   |      0.2490402   |       15.44549   |   03:36:52   |   70:08:59   |
5000        |    -2.6124e+06   |   -2.60211e+06   |       -10292.4   |        13.6042      |     11.2727      |     1.11389   |       0.248114   |       17.58192   |   03:41:24   |   70:06:36   |
5100        |   -2.61239e+06   |   -2.60211e+06   |       -10282.5   |        11.5816      |     10.2612      |       1.175   |      0.2467762   |       21.03973   |   03:45:13   |   69:50:47   |
5200        |   -2.61241e+06   |   -2.60211e+06   |       -10296.7   |        12.6535      |     12.2677      |     1.25004   |      0.2470559   |       18.47884   |   03:49:20   |   69:40:55   |
5300        |    -2.6124e+06   |   -2.60212e+06   |         -10285   |        13.9316      |     13.6566      |     1.31187   |      0.2468256   |       13.47488   |   03:53:49   |   69:37:49   |
5400        |   -2.61242e+06   |   -2.60211e+06   |       -10306.9   |        13.9316      |     13.6566      |     1.45668   |      0.2473573   |       17.76296   |   03:58:11   |   69:32:37   |
5500        |   -2.61243e+06   |   -2.60211e+06   |       -10317.4   |        14.9308      |     11.8521      |     1.42072   |      0.2466677   |       25.80592   |   04:02:34   |   69:27:44   |
5600        |   -2.61242e+06   |   -2.60211e+06   |       -10310.9   |        12.7185      |     11.8482      |     1.08588   |      0.2468976   |       12.89604   |   04:07:04   |   69:24:50   |
5700        |   -2.61241e+06   |   -2.60211e+06   |       -10304.3   |        12.7185      |     11.8482      |     1.08588   |      0.2472831   |       14.49081   |   04:11:30   |   69:20:46   |
5800        |   -2.61241e+06   |   -2.60211e+06   |       -10297.6   |        12.7185      |     11.8482      |    0.907301   |      0.2481804   |       25.89706   |   04:15:55   |   69:16:26   |
5900        |    -2.6124e+06   |   -2.60211e+06   |       -10293.5   |        12.7185      |     11.8482      |    0.821302   |      0.2471526   |       25.32891   |   04:20:20   |   69:12:05   |


Iter        |      Posterior   |     Likelihood   |          Prior   |   clock_morp..      |clock_morp..      |clock_morp..   |   clock_nucl..   |      root_time   |    elapsed   |        ETA   |
---------------------------------------------------------------------------------------------------------------------------------------------------------------------------------------------------
6000        |   -2.61239e+06   |   -2.60211e+06   |       -10284.7   |        12.7185      |     11.8482      |    0.979978   |      0.2472073   |       28.70109   |   04:24:55   |   69:10:21   |
6100        |    -2.6124e+06   |   -2.60211e+06   |       -10288.4   |        12.4622      |     11.8482      |     1.00946   |       0.248391   |       13.63172   |   04:28:37   |   68:54:56   |
6200        |   -2.61238e+06   |   -2.60211e+06   |       -10271.6   |        13.0993      |     12.6548      |     1.09862   |      0.2474025   |       18.01743   |   04:32:49   |   68:47:27   |
6300        |   -2.61239e+06   |   -2.60212e+06   |       -10269.6   |        11.9635      |     12.7555      |     1.05571   |      0.2478482   |       13.13278   |   04:37:00   |   68:39:49   |
6400        |   -2.61239e+06   |   -2.60211e+06   |       -10281.7   |        12.1797      |     12.7006      |      1.3311   |      0.2466903   |       14.77818   |   04:41:17   |   68:33:46   |
6500        |   -2.61239e+06   |   -2.60211e+06   |       -10284.1   |          10.98      |     13.7043      |      1.2478   |      0.2465757   |       13.64606   |   04:45:48   |   68:31:07   |
6600        |   -2.61242e+06   |   -2.60211e+06   |       -10315.3   |        14.5813      |     13.2819      |     1.13143   |      0.2468039   |       14.18715   |   04:50:12   |   68:26:46   |
6700        |   -2.61241e+06   |   -2.60211e+06   |       -10302.8   |         13.102      |     11.9508      |     1.10133   |      0.2460975   |       24.86231   |   04:54:21   |   68:18:56   |
6800        |   -2.61242e+06   |   -2.60211e+06   |       -10314.3   |        11.8387      |     11.5255      |      1.1237   |      0.2465114   |       12.16899   |   04:58:37   |   68:12:48   |
6900        |   -2.61242e+06   |   -2.60211e+06   |       -10308.2   |        12.4217      |     12.1097      |     1.23713   |      0.2460871   |       10.33832   |   05:02:58   |   68:07:51   |
7000        |    -2.6124e+06   |   -2.60211e+06   |       -10293.8   |        10.8577      |     10.5091      |     1.39871   |      0.2470064   |       24.00826   |   05:07:19   |   68:02:55   |
7100        |   -2.61239e+06   |   -2.60211e+06   |       -10278.6   |        12.4863      |     13.0769      |     1.45256   |      0.2472595   |       14.62337   |   05:11:55   |   68:01:16   |
7200        |    -2.6124e+06   |   -2.60211e+06   |       -10287.9   |        11.3667      |     12.1468      |     1.24252   |      0.2471988   |       14.87732   |   05:16:01   |   67:53:06   |
7300        |   -2.61238e+06   |   -2.60211e+06   |       -10273.6   |        11.5552      |     11.9773      |      1.3948   |      0.2473783   |       24.57053   |   05:20:28   |   67:49:29   |
7400        |   -2.61237e+06   |   -2.60211e+06   |       -10261.8   |        11.0758      |     11.3922      |      1.2988   |      0.2471883   |       14.42354   |   05:25:02   |   67:47:18   |
7500        |   -2.61239e+06   |   -2.60211e+06   |       -10279.9   |        11.0758      |     10.9939      |     1.39065   |      0.2478052   |       17.90805   |   05:29:39   |   67:45:41   |
7600        |   -2.61239e+06   |   -2.60211e+06   |         -10276   |        10.6437      |     11.7328      |     1.30343   |      0.2477482   |       13.24683   |   05:34:08   |   67:42:21   |
7700        |   -2.61238e+06   |   -2.60211e+06   |       -10265.5   |        10.6437      |     11.7328      |    0.957186   |      0.2474156   |       19.61281   |   05:38:15   |   67:34:36   |
7800        |   -2.61238e+06   |   -2.60211e+06   |       -10270.1   |        10.2645      |     10.3395      |     1.23254   |      0.2466728   |       17.47212   |   05:42:08   |   67:24:11   |
7900        |   -2.61237e+06   |   -2.60211e+06   |       -10262.7   |         9.8617      |     10.8333      |     1.06321   |      0.2467081   |        24.1536   |   05:46:38   |   67:21:07   |


Iter        |      Posterior   |     Likelihood   |          Prior   |   clock_morp..      |clock_morp..      |clock_morp..   |   clock_nucl..   |      root_time   |    elapsed   |        ETA   |
---------------------------------------------------------------------------------------------------------------------------------------------------------------------------------------------------
8000        |   -2.61238e+06   |   -2.60211e+06   |       -10270.9   |        12.0938      |     10.9677      |     1.15257   |      0.2471703   |       28.95745   |   05:51:09   |   67:18:13   |
8100        |   -2.61236e+06   |   -2.60211e+06   |         -10241   |        9.40825      |     10.9499      |     1.03794   |      0.2480629   |       24.66708   |   05:55:00   |   67:07:42   |
8200        |   -2.61235e+06   |   -2.60211e+06   |       -10236.3   |        8.76104      |     11.9936      |     1.12199   |       0.245489   |        17.4806   |   05:59:11   |   67:01:06   |
8300        |   -2.61235e+06   |   -2.60211e+06   |       -10237.7   |        10.5697      |      11.192      |     1.11973   |      0.2468828   |       29.82691   |   06:03:19   |   66:53:59   |
8400        |   -2.61237e+06   |   -2.60211e+06   |       -10256.1   |        10.3902      |     13.2256      |     1.22517   |      0.2474863   |         24.233   |   06:07:23   |   66:46:13   |
8500        |   -2.61237e+06   |   -2.60211e+06   |       -10262.3   |        10.8896      |     14.2373      |     1.29869   |       0.246676   |       27.93325   |   06:11:39   |   66:40:42   |
8600        |   -2.61236e+06   |   -2.60211e+06   |       -10253.8   |        8.76875      |     10.0946      |     1.15911   |      0.2461909   |        21.7213   |   06:15:28   |   66:30:25   |
8700        |   -2.61239e+06   |   -2.60211e+06   |       -10277.4   |        8.52015      |     8.24104      |      1.3926   |      0.2461013   |       28.30858   |   06:19:19   |   66:20:38   |
8800        |   -2.61239e+06   |   -2.60211e+06   |       -10279.5   |        10.6222      |      10.497      |     1.21427   |       0.245331   |       13.95295   |   06:23:14   |   66:11:41   |
8900        |   -2.61239e+06   |   -2.60211e+06   |       -10281.5   |        9.16571      |      12.471      |     1.04098   |      0.2461167   |       16.34128   |   06:27:17   |   66:04:12   |
9000        |   -2.61237e+06   |   -2.60211e+06   |       -10259.6   |        9.16571      |     8.71798      |     1.06409   |      0.2452105   |       17.44234   |   06:31:39   |   66:00:01   |
9100        |   -2.61237e+06   |   -2.60211e+06   |       -10262.6   |        7.88469      |     10.5615      |     1.04733   |      0.2450417   |       16.85269   |   06:35:50   |   65:53:59   |
9200        |   -2.61238e+06   |   -2.60211e+06   |       -10265.4   |        8.14869      |     12.1346      |    0.920245   |      0.2442311   |         10.944   |   06:40:02   |   65:48:09   |
9300        |   -2.61239e+06   |   -2.60211e+06   |       -10277.3   |        9.92992      |     10.7746      |     1.23085   |      0.2443807   |       10.81111   |   06:44:12   |   65:42:02   |
9400        |   -2.61237e+06   |   -2.60211e+06   |       -10265.9   |         10.962      |      14.099      |     1.10257   |      0.2436368   |       28.05062   |   06:48:22   |   65:35:57   |
9500        |   -2.61236e+06   |   -2.60211e+06   |         -10252   |        12.0614      |     11.7868      |    0.994947   |      0.2436927   |       23.47356   |   06:52:40   |   65:31:11   |
9600        |   -2.61238e+06   |   -2.60211e+06   |         -10275   |        11.3271      |     12.8368      |     1.03454   |      0.2439359   |       10.88099   |   06:56:57   |   65:26:16   |
9700        |   -2.61238e+06   |   -2.60211e+06   |       -10267.8   |        10.3721      |     10.8188      |     1.13252   |      0.2437259   |       12.86634   |   07:01:18   |   65:21:59   |
9800        |   -2.61238e+06   |   -2.60211e+06   |       -10268.8   |        12.9282      |     13.0538      |     1.13252   |      0.2443212   |       24.83792   |   07:05:21   |   65:14:57   |
9900        |   -2.61235e+06   |   -2.60211e+06   |       -10240.6   |        14.8596      |     16.8542      |     1.13252   |      0.2443618   |        15.3302   |   07:09:40   |   65:10:24   |


Iter        |      Posterior   |     Likelihood   |          Prior   |   clock_morp..      |clock_morp..      |clock_morp..   |   clock_nucl..   |      root_time   |    elapsed   |        ETA   |
---------------------------------------------------------------------------------------------------------------------------------------------------------------------------------------------------
10000       |   -2.61234e+06   |   -2.60211e+06   |       -10235.2   |         10.967      |     13.3727      |    0.936932   |      0.2452619   |       28.59075   |   07:13:46   |   65:03:54   |
10100       |   -2.61237e+06   |   -2.60211e+06   |       -10254.3   |        14.0446      |     12.7728      |    0.857088   |      0.2455094   |       27.44034   |   07:17:50   |   64:57:09   |
10200       |   -2.61238e+06   |   -2.60211e+06   |       -10267.6   |        14.3693      |     18.4916      |     1.15709   |      0.2457733   |       19.59787   |   07:21:49   |   64:49:43   |
10300       |   -2.61238e+06   |   -2.60211e+06   |       -10266.3   |         13.828      |     13.6035      |     1.11753   |      0.2457149   |        14.4903   |   07:25:54   |   64:43:13   |
10400       |   -2.61237e+06   |   -2.60211e+06   |       -10265.5   |        14.1968      |     15.3589      |    0.954939   |      0.2454341   |       22.93562   |   07:29:44   |   64:34:37   |
10500       |   -2.61237e+06   |   -2.60211e+06   |       -10258.2   |        14.2793      |      16.935      |     1.11378   |       0.244399   |       23.08561   |   07:33:55   |   64:29:05   |
10600       |   -2.61236e+06   |   -2.60211e+06   |       -10248.6   |         15.031      |     17.0412      |     1.00695   |      0.2442816   |        26.7529   |   07:37:42   |   64:20:13   |
10700       |   -2.61236e+06   |   -2.60211e+06   |       -10245.9   |        12.7163      |     16.1006      |     1.34034   |      0.2435952   |       13.07063   |   07:41:51   |   64:14:30   |
10800       |   -2.61237e+06   |   -2.60211e+06   |       -10257.9   |        12.6336      |     15.8157      |     1.24366   |      0.2438274   |       20.18397   |   07:45:58   |   64:08:32   |
10900       |   -2.61238e+06   |   -2.60211e+06   |       -10271.3   |        13.6859      |     14.9777      |     1.33395   |      0.2438358   |       17.81475   |   07:50:08   |   64:03:00   |
11000       |   -2.61238e+06   |   -2.60211e+06   |       -10268.4   |        14.8036      |     13.5816      |     1.20468   |      0.2427875   |       29.11536   |   07:54:26   |   63:58:35   |
11100       |   -2.61238e+06   |   -2.60211e+06   |       -10269.5   |        13.8547      |     14.7537      |      1.0311   |      0.2430475   |       29.95927   |   07:58:34   |   63:52:50   |
11200       |   -2.61238e+06   |   -2.60211e+06   |       -10267.9   |        16.3201      |     13.1038      |     1.12238   |      0.2442205   |       14.21445   |   08:02:53   |   63:48:34   |
11300       |   -2.61237e+06   |   -2.60211e+06   |       -10253.3   |        12.3997      |     12.1932      |     1.11959   |      0.2441441   |       28.47779   |   08:07:21   |   63:45:28   |
11400       |   -2.61235e+06   |   -2.60211e+06   |       -10245.9   |        13.7349      |     13.3728      |     1.14429   |      0.2441932   |       28.28288   |   08:11:39   |   63:41:04   |
11500       |   -2.61237e+06   |   -2.60211e+06   |       -10260.2   |        14.2751      |     11.5525      |     1.11954   |      0.2439435   |       19.47522   |   08:15:52   |   63:36:01   |
11600       |   -2.61237e+06   |   -2.60211e+06   |       -10258.6   |        14.3564      |       14.02      |     1.23585   |      0.2439651   |       28.05821   |   08:19:50   |   63:29:04   |
11700       |   -2.61237e+06   |   -2.60211e+06   |       -10264.2   |         12.909      |      15.422      |     1.21673   |      0.2424439   |       23.65316   |   08:23:51   |   63:22:33   |
11800       |   -2.61238e+06   |   -2.60211e+06   |       -10270.5   |        12.5708      |     11.2133      |     1.34614   |      0.2438797   |       18.84043   |   08:28:19   |   63:19:27   |
11900       |    -2.6124e+06   |   -2.60211e+06   |       -10280.6   |        13.6978      |     12.5689      |     1.07202   |      0.2443259   |       20.38597   |   08:32:11   |   63:11:52   |


Iter        |      Posterior   |     Likelihood   |          Prior   |   clock_morp..      |clock_morp..      |clock_morp..   |   clock_nucl..   |      root_time   |    elapsed   |        ETA   |
---------------------------------------------------------------------------------------------------------------------------------------------------------------------------------------------------
12000       |    -2.6124e+06   |   -2.60211e+06   |       -10289.6   |        13.6244      |     12.1556      |     1.29078   |      0.2443757   |       11.79975   |   08:35:57   |   63:03:38   |
12100       |    -2.6124e+06   |   -2.60212e+06   |       -10285.7   |        14.2491      |     13.9645      |    0.944899   |      0.2456931   |       21.37397   |   08:39:50   |   62:56:18   |
12200       |   -2.61238e+06   |   -2.60211e+06   |       -10271.7   |        14.2491      |     17.0025      |     1.04563   |      0.2438182   |       18.14324   |   08:43:38   |   62:48:26   |
12300       |   -2.61238e+06   |   -2.60211e+06   |       -10274.1   |        12.1112      |     10.5123      |     1.18851   |      0.2454943   |        29.6411   |   08:47:28   |   62:40:52   |
12400       |    -2.6124e+06   |   -2.60211e+06   |       -10284.5   |        13.8335      |     17.0404      |    0.914587   |      0.2449222   |       17.10222   |   08:51:55   |   62:37:44   |
12500       |    -2.6124e+06   |   -2.60211e+06   |         -10283   |        13.1421      |     13.5475      |     1.26897   |      0.2448123   |       25.39665   |   08:56:27   |   62:35:09   |
