
RevBayes version (1.1.1)
Build from development (rapture-649-g20534c) on Sun Apr 18 13:22:17 CDT 2021

Visit the website www.RevBayes.com for more information about RevBayes.

RevBayes is free software released under the GPL license, version 3. Type 'license()' for details.

To quit RevBayes type 'quit()' or 'q()'.


> source("scripts/avg_nuclear_MCMC.Rev")
   Processing file "scripts/avg_nuclear_MCMC.Rev"
   Successfully read one character matrix from file '/home/petrucci/canid_tree/data/nuclear_full.nex'

   Running MCMC simulation
   This simulation runs 2 independent replicates.
   The simulator uses 39 different moves in a random move schedule with 44.3 moves per iteration

Iter        |      Posterior   |     Likelihood   |          Prior   |   alpha_indi..   |    Q_indicator   |    elapsed   |        ETA   |
------------------------------------------------------------------------------------------------------------------------------------------
0           |   -5.33847e+06   |   -5.33844e+06   |       -21.1104   |              1   |              1   |   00:00:00   |   --:--:--   |
1000        |   -3.55094e+06   |   -3.55096e+06   |        24.4504   |              0   |              4   |   00:42:55   |   --:--:--   |
2000        |   -3.54885e+06   |   -3.54885e+06   |        4.67308   |              1   |              5   |   01:25:59   |   34:23:36   |
3000        |   -3.54884e+06   |   -3.54884e+06   |         2.8775   |              1   |              5   |   02:08:54   |   33:39:26   |
4000        |   -3.54883e+06   |   -3.54884e+06   |        5.44789   |              1   |              5   |   02:51:36   |   32:53:24   |
5000        |   -3.54884e+06   |   -3.54885e+06   |        5.81034   |              1   |              5   |   03:34:25   |   32:09:45   |
6000        |   -3.54884e+06   |   -3.54885e+06   |        5.57904   |              1   |              5   |   04:17:18   |   31:26:52   |
7000        |   -3.54884e+06   |   -3.54884e+06   |        4.80388   |              1   |              5   |   05:00:04   |   30:43:15   |
8000        |   -3.54884e+06   |   -3.54884e+06   |        5.77853   |              1   |              5   |   05:43:02   |   30:00:55   |
9000        |   -3.54884e+06   |   -3.54884e+06   |        5.32707   |              1   |              5   |   06:25:49   |   29:17:36   |
10000       |   -3.54884e+06   |   -3.54884e+06   |        3.13781   |              1   |              5   |   07:08:43   |   28:34:52   |
11000       |   -3.54882e+06   |   -3.54884e+06   |        22.7041   |              0   |              5   |   07:51:34   |   27:51:55   |
12000       |   -3.54883e+06   |   -3.54884e+06   |        5.87861   |              1   |              5   |   08:34:19   |   27:08:40   |
13000       |   -3.54884e+06   |   -3.54885e+06   |        3.76329   |              1   |              5   |   09:17:07   |   26:25:38   |
14000       |   -3.54883e+06   |   -3.54884e+06   |        5.75218   |              1   |              5   |   09:59:58   |   25:42:46   |
15000       |   -3.54883e+06   |   -3.54884e+06   |        5.90131   |              1   |              5   |   10:42:53   |   25:00:03   |
16000       |   -3.54882e+06   |   -3.54884e+06   |        23.7747   |              0   |              5   |   11:25:48   |   24:17:19   |
17000       |   -3.54884e+06   |   -3.54884e+06   |        4.94639   |              1   |              5   |   12:08:41   |   23:34:30   |
18000       |   -3.54882e+06   |   -3.54884e+06   |        24.0202   |              0   |              5   |   12:51:34   |   22:51:40   |
19000       |   -3.54881e+06   |   -3.54884e+06   |        24.3458   |              0   |              5   |   13:34:20   |   22:08:38   |


Iter        |      Posterior   |     Likelihood   |          Prior   |   alpha_indi..   |    Q_indicator   |    elapsed   |        ETA   |
------------------------------------------------------------------------------------------------------------------------------------------
20000       |   -3.54882e+06   |   -3.54884e+06   |        22.3679   |              0   |              5   |   14:17:15   |   21:25:52   |
21000       |   -3.54882e+06   |   -3.54884e+06   |         22.356   |              0   |              5   |   15:00:10   |   20:43:05   |
22000       |   -3.54882e+06   |   -3.54884e+06   |        24.3339   |              0   |              5   |   15:43:11   |   20:00:24   |
23000       |   -3.54881e+06   |   -3.54884e+06   |        24.0816   |              0   |              5   |   16:25:56   |   19:17:24   |
24000       |   -3.54882e+06   |   -3.54884e+06   |        23.6831   |              0   |              5   |   17:08:42   |   18:34:25   |
25000       |   -3.54882e+06   |   -3.54884e+06   |        24.3851   |              0   |              5   |   17:51:32   |   17:51:32   |
26000       |   -3.54884e+06   |   -3.54884e+06   |        5.57225   |              1   |              5   |   18:34:22   |   17:08:38   |
27000       |   -3.54881e+06   |   -3.54884e+06   |        23.3087   |              0   |              5   |   19:17:20   |   16:25:52   |
28000       |   -3.54884e+06   |   -3.54884e+06   |        3.53338   |              1   |              5   |   20:00:11   |   15:43:00   |
29000       |   -3.54881e+06   |   -3.54884e+06   |        23.9077   |              0   |              5   |   20:42:56   |   15:00:03   |
30000       |   -3.54882e+06   |   -3.54884e+06   |        24.1436   |              0   |              5   |   21:25:41   |   14:17:07   |
31000       |   -3.54881e+06   |   -3.54884e+06   |        21.4383   |              0   |              5   |   22:08:32   |   13:34:15   |
32000       |   -3.54883e+06   |   -3.54885e+06   |        23.5562   |              0   |              5   |   22:51:17   |   12:51:20   |
33000       |   -3.54884e+06   |   -3.54884e+06   |        5.12012   |              1   |              5   |   23:34:01   |   12:08:25   |
34000       |   -3.54882e+06   |   -3.54884e+06   |        22.5053   |              0   |              5   |   24:16:51   |   11:25:34   |
35000       |   -3.54882e+06   |   -3.54885e+06   |        24.0342   |              0   |              5   |   24:59:44   |   10:42:44   |
36000       |   -3.54883e+06   |   -3.54884e+06   |        5.83614   |              1   |              5   |   25:42:36   |   09:59:54   |
37000       |   -3.54881e+06   |   -3.54884e+06   |        24.4237   |              0   |              5   |   26:25:20   |   09:17:00   |
38000       |   -3.54882e+06   |   -3.54884e+06   |        23.4393   |              0   |              5   |   27:08:11   |   08:34:09   |
39000       |   -3.54883e+06   |   -3.54884e+06   |        4.70265   |              1   |              5   |   27:50:54   |   07:51:16   |


Iter        |      Posterior   |     Likelihood   |          Prior   |   alpha_indi..   |    Q_indicator   |    elapsed   |        ETA   |
------------------------------------------------------------------------------------------------------------------------------------------
40000       |   -3.54882e+06   |   -3.54884e+06   |        22.9239   |              0   |              5   |   28:33:47   |   07:08:26   |
41000       |   -3.54884e+06   |   -3.54885e+06   |        5.76025   |              1   |              5   |   29:16:46   |   06:25:37   |
42000       |   -3.54882e+06   |   -3.54884e+06   |        22.9296   |              0   |              5   |   29:59:38   |   05:42:47   |
43000       |   -3.54884e+06   |   -3.54885e+06   |        5.26896   |              1   |              5   |   30:42:42   |   04:59:58   |
44000       |   -3.54883e+06   |   -3.54884e+06   |        5.80239   |              1   |              5   |   31:25:28   |   04:17:06   |
45000       |   -3.54882e+06   |   -3.54884e+06   |        22.5451   |              0   |              5   |   32:08:07   |   03:34:14   |
46000       |   -3.54882e+06   |   -3.54884e+06   |        23.6593   |              0   |              5   |   32:50:57   |   02:51:23   |
47000       |   -3.54883e+06   |   -3.54884e+06   |        4.52661   |              1   |              5   |   33:33:58   |   02:08:33   |
48000       |   -3.54884e+06   |   -3.54884e+06   |        5.88464   |              1   |              5   |   34:16:46   |   01:25:41   |
49000       |   -3.54884e+06   |   -3.54884e+06   |        5.70252   |              1   |              5   |   34:59:39   |   00:42:51   |
50000       |   -3.54883e+06   |   -3.54884e+06   |        4.62267   |              1   |              5   |   35:42:34   |   00:00:00   |
   Processing file "/home/petrucci/canid_tree/output/output_nuclear_avg/nuclear_avg.trees"

Progress:
0---------------25---------------50---------------75--------------100
********************************************************************

   Missing Variable:	Variable treeTrace does not exist
   Error:	Problem processing line 136 in file "scripts/avg_nuclear_MCMC.Rev"
> 