
RevBayes version (1.1.1)
Build from development (rapture-649-g20534c) on Sun Apr 11 23:30:45 CDT 2021

Visit the website www.RevBayes.com for more information about RevBayes.

RevBayes is free software released under the GPL license, version 3. Type 'license()' for details.

To quit RevBayes type 'quit()' or 'q()'.


> source("scripts/avg_morpho_MCMC.Rev")
   Processing file "scripts/avg_morpho_MCMC.Rev"
   Processing file "scripts/avg_morpho_setup.Rev"
   Successfully read one character matrix from file '/home/petrucci/canid_tree/data/extant_morpho.nex'
   Processing of file "scripts/avg_morpho_setup.Rev" completed
   NOTE: setNumStatesPartition() partitions by the maximum observed state, not the total number of observed states.

   Running MCMC simulation
   This simulation runs 2 independent replicates.
   The simulator uses 30 different moves in a random move schedule with 102.5 moves per iteration

Iter        |      Posterior   |     Likelihood   |          Prior   |   alpha_indi..   |   er_indicator   |   pi_indicator   |    Q_indicator   |    elapsed   |        ETA   |
--------------------------------------------------------------------------------------------------------------------------------------------------------------------------------
0           |       -390.136   |       -342.074   |       -48.0615   |              1   |              1   |              1   |              1   |   00:00:00   |   --:--:--   |
1000        |       -270.778   |       -224.273   |       -46.5049   |              1   |              1   |              1   |              2   |   00:03:49   |   --:--:--   |
2000        |       -266.958   |       -222.647   |       -44.3113   |              1   |              1   |              1   |              3   |   00:07:41   |   06:16:29   |
3000        |       -262.459   |       -227.077   |       -35.3817   |              1   |              0   |              1   |              3   |   00:11:33   |   06:13:27   |
4000        |       -269.089   |       -223.447   |       -45.6423   |              1   |              1   |              1   |              2   |   00:15:25   |   06:10:00   |
5000        |       -240.761   |       -224.384   |       -16.3775   |              0   |              0   |              1   |              3   |   00:19:16   |   06:06:04   |
6000        |       -270.898   |       -227.196   |       -43.7016   |              1   |              1   |              1   |              3   |   00:23:07   |   06:02:09   |
7000        |       -267.138   |       -223.356   |       -43.7828   |              1   |              1   |              1   |              2   |   00:26:59   |   05:58:29   |
8000        |       -249.581   |       -223.143   |       -26.4384   |              0   |              1   |              1   |              3   |   00:30:49   |   05:54:23   |
9000        |       -265.586   |        -230.08   |       -35.5066   |              1   |              0   |              1   |              2   |   00:34:40   |   05:50:31   |
10000       |       -240.705   |       -223.712   |       -16.9929   |              0   |              0   |              1   |              3   |   00:38:31   |   05:46:39   |
11000       |       -246.885   |        -229.56   |       -17.3257   |              0   |              0   |              1   |              3   |   00:42:23   |   05:42:55   |
12000       |       -241.157   |       -224.237   |       -16.9196   |              0   |              0   |              1   |              2   |   00:46:14   |   05:39:02   |
13000       |       -258.038   |       -223.542   |       -34.4958   |              1   |              0   |              1   |              3   |   00:50:06   |   05:35:17   |
14000       |       -272.069   |       -226.116   |       -45.9537   |              1   |              1   |              1   |              3   |   00:53:58   |   05:31:30   |
15000       |        -250.48   |       -234.094   |       -16.3866   |              0   |              0   |              1   |              2   |   00:57:50   |   05:27:43   |
16000       |        -263.46   |       -229.689   |       -33.7705   |              1   |              0   |              1   |              3   |   01:01:43   |   05:24:00   |
17000       |       -268.993   |       -222.905   |        -46.088   |              1   |              1   |              1   |              2   |   01:05:36   |   05:20:16   |
18000       |       -266.633   |       -221.753   |       -44.8798   |              1   |              1   |              1   |              3   |   01:09:27   |   05:16:23   |
19000       |       -246.767   |       -220.553   |       -26.2137   |              0   |              1   |              1   |              3   |   01:13:18   |   05:12:29   |


Iter        |      Posterior   |     Likelihood   |          Prior   |   alpha_indi..   |   er_indicator   |   pi_indicator   |    Q_indicator   |    elapsed   |        ETA   |
--------------------------------------------------------------------------------------------------------------------------------------------------------------------------------
20000       |       -253.023   |       -234.464   |       -18.5597   |              0   |              0   |              1   |              2   |   01:17:09   |   05:08:36   |
21000       |       -260.872   |       -226.305   |       -34.5672   |              1   |              0   |              1   |              3   |   01:21:02   |   05:04:50   |
22000       |       -263.646   |       -227.449   |       -36.1976   |              1   |              0   |              1   |              3   |   01:24:52   |   05:00:53   |
23000       |       -266.424   |       -221.443   |       -44.9816   |              1   |              1   |              1   |              2   |   01:28:44   |   04:57:03   |
24000       |       -275.008   |       -228.643   |       -46.3644   |              1   |              1   |              1   |              2   |   01:32:35   |   04:53:10   |
25000       |       -259.001   |       -229.974   |       -29.0267   |              0   |              1   |              1   |              2   |   01:36:25   |   04:49:15   |
26000       |       -246.386   |       -229.938   |       -16.4479   |              0   |              0   |              1   |              2   |   01:40:18   |   04:45:28   |
27000       |       -268.053   |       -232.802   |       -35.2502   |              1   |              0   |              1   |              2   |   01:44:10   |   04:41:38   |
28000       |       -252.029   |       -223.413   |       -28.6161   |              0   |              1   |              1   |              3   |   01:48:02   |   04:37:47   |
29000       |       -261.779   |       -226.893   |       -34.8854   |              1   |              0   |              1   |              2   |   01:51:53   |   04:33:55   |
30000       |       -257.514   |       -230.266   |       -27.2477   |              0   |              1   |              1   |              2   |   01:55:44   |   04:30:02   |
31000       |       -271.813   |       -225.935   |       -45.8783   |              1   |              1   |              1   |              3   |   01:59:35   |   04:26:10   |
32000       |       -260.342   |        -226.68   |       -33.6626   |              1   |              0   |              1   |              2   |   02:03:26   |   04:22:17   |
33000       |       -279.365   |       -232.648   |       -46.7169   |              1   |              1   |              1   |              2   |   02:07:18   |   04:18:27   |
34000       |       -252.412   |       -234.988   |       -17.4245   |              0   |              0   |              1   |              2   |   02:11:10   |   04:14:37   |
35000       |       -266.553   |       -220.417   |       -46.1358   |              1   |              1   |              1   |              3   |   02:15:02   |   04:10:46   |
36000       |       -248.298   |       -221.042   |       -27.2559   |              0   |              1   |              1   |              2   |   02:18:54   |   04:06:56   |
37000       |       -244.602   |       -229.015   |       -15.5869   |              0   |              0   |              1   |              2   |   02:22:45   |   04:03:03   |
38000       |       -260.958   |       -225.927   |       -35.0309   |              1   |              0   |              1   |              3   |   02:26:37   |   03:59:13   |
39000       |        -239.32   |       -223.075   |       -16.2454   |              0   |              0   |              1   |              2   |   02:30:29   |   03:55:22   |


Iter        |      Posterior   |     Likelihood   |          Prior   |   alpha_indi..   |   er_indicator   |   pi_indicator   |    Q_indicator   |    elapsed   |        ETA   |
--------------------------------------------------------------------------------------------------------------------------------------------------------------------------------
40000       |       -247.567   |       -221.807   |         -25.76   |              0   |              1   |              1   |              3   |   02:34:22   |   03:51:33   |
41000       |       -256.533   |       -223.373   |       -33.1602   |              1   |              0   |              1   |              3   |   02:38:14   |   03:47:42   |
42000       |       -266.513   |       -231.264   |       -35.2486   |              1   |              0   |              1   |              2   |   02:42:05   |   03:43:49   |
43000       |       -253.652   |       -220.559   |        -33.093   |              1   |              0   |              1   |              2   |   02:45:55   |   03:39:56   |
44000       |       -240.609   |       -224.648   |       -15.9614   |              0   |              0   |              1   |              2   |   02:49:47   |   03:36:05   |
45000       |       -247.915   |       -228.782   |       -19.1325   |              0   |              0   |              1   |              2   |   02:53:39   |   03:32:14   |
46000       |       -249.431   |        -222.38   |       -27.0508   |              0   |              1   |              1   |              3   |   02:57:32   |   03:28:24   |
47000       |       -251.801   |       -225.021   |       -26.7799   |              0   |              1   |              1   |              3   |   03:01:24   |   03:24:33   |
48000       |       -258.335   |       -225.281   |        -33.054   |              1   |              0   |              1   |              3   |   03:05:15   |   03:20:41   |
49000       |       -276.634   |       -230.751   |       -45.8827   |              1   |              1   |              1   |              3   |   03:09:08   |   03:16:51   |
50000       |       -267.296   |       -221.357   |        -45.939   |              1   |              1   |              1   |              3   |   03:12:59   |   03:12:59   |
51000       |       -241.536   |       -222.704   |        -18.832   |              0   |              0   |              1   |              3   |   03:16:51   |   03:09:07   |
52000       |       -250.738   |       -224.334   |       -26.4035   |              0   |              1   |              1   |              2   |   03:20:43   |   03:05:16   |
53000       |        -252.66   |       -223.789   |       -28.8709   |              0   |              1   |              1   |              3   |   03:24:35   |   03:01:25   |
54000       |       -270.828   |       -226.648   |       -44.1807   |              1   |              1   |              1   |              3   |   03:28:25   |   02:57:32   |
55000       |        -257.11   |       -227.956   |       -29.1545   |              0   |              1   |              1   |              3   |   03:32:16   |   02:53:40   |
56000       |       -248.128   |       -220.274   |       -27.8541   |              0   |              1   |              1   |              2   |   03:36:09   |   02:49:49   |
57000       |       -268.414   |       -223.536   |       -44.8779   |              1   |              1   |              1   |              3   |   03:40:01   |   02:45:58   |
58000       |        -256.08   |       -221.883   |       -34.1975   |              1   |              0   |              1   |              2   |   03:43:53   |   02:42:07   |
59000       |       -246.554   |       -228.362   |       -18.1919   |              0   |              0   |              1   |              2   |   03:47:45   |   02:38:16   |


Iter        |      Posterior   |     Likelihood   |          Prior   |   alpha_indi..   |   er_indicator   |   pi_indicator   |    Q_indicator   |    elapsed   |        ETA   |
--------------------------------------------------------------------------------------------------------------------------------------------------------------------------------
60000       |       -265.081   |       -229.051   |       -36.0304   |              1   |              0   |              1   |              2   |   03:51:37   |   02:34:24   |
61000       |       -250.923   |       -222.788   |       -28.1355   |              0   |              1   |              1   |              2   |   03:55:29   |   02:30:33   |
62000       |       -256.308   |       -226.707   |        -29.601   |              0   |              1   |              1   |              3   |   03:59:19   |   02:26:40   |
63000       |       -241.232   |       -225.565   |       -15.6674   |              0   |              0   |              1   |              2   |   04:03:11   |   02:22:49   |
64000       |       -257.249   |       -227.728   |       -29.5211   |              0   |              1   |              1   |              3   |   04:07:02   |   02:18:57   |
65000       |       -266.715   |       -221.014   |       -45.7005   |              1   |              1   |              1   |              3   |   04:10:53   |   02:15:05   |
66000       |       -251.838   |       -225.147   |       -26.6912   |              0   |              1   |              1   |              2   |   04:14:45   |   02:11:14   |
67000       |       -241.765   |       -227.148   |        -14.617   |              0   |              0   |              1   |              3   |   04:18:37   |   02:07:22   |
68000       |       -271.924   |       -226.032   |        -45.892   |              1   |              1   |              1   |              3   |   04:22:27   |   02:03:30   |
69000       |       -239.254   |       -224.081   |       -15.1725   |              0   |              0   |              1   |              2   |   04:26:19   |   01:59:38   |
70000       |       -268.029   |        -223.21   |       -44.8184   |              1   |              1   |              1   |              3   |   04:30:11   |   01:55:47   |
71000       |       -268.044   |       -222.271   |       -45.7727   |              1   |              1   |              1   |              2   |   04:34:01   |   01:51:55   |
72000       |       -271.659   |        -225.78   |       -45.8793   |              1   |              1   |              1   |              3   |   04:37:52   |   01:48:03   |
73000       |       -261.606   |       -226.625   |       -34.9811   |              1   |              0   |              1   |              2   |   04:41:44   |   01:44:12   |
74000       |       -258.171   |       -223.773   |        -34.398   |              1   |              0   |              1   |              2   |   04:45:35   |   01:40:20   |
75000       |        -272.34   |       -233.783   |       -38.5565   |              1   |              0   |              1   |              3   |   04:49:26   |   01:36:28   |
76000       |       -268.122   |       -221.601   |       -46.5212   |              1   |              1   |              1   |              3   |   04:53:17   |   01:32:36   |
77000       |       -268.039   |       -221.804   |       -46.2342   |              1   |              1   |              1   |              2   |   04:57:08   |   01:28:45   |
78000       |       -261.626   |       -228.132   |       -33.4948   |              1   |              0   |              1   |              2   |   05:00:59   |   01:24:53   |
79000       |       -245.985   |       -230.337   |       -15.6484   |              0   |              0   |              1   |              3   |   05:04:51   |   01:21:02   |


Iter        |      Posterior   |     Likelihood   |          Prior   |   alpha_indi..   |   er_indicator   |   pi_indicator   |    Q_indicator   |    elapsed   |        ETA   |
--------------------------------------------------------------------------------------------------------------------------------------------------------------------------------
80000       |       -267.144   |       -220.973   |       -46.1706   |              1   |              1   |              1   |              2   |   05:08:42   |   01:17:10   |
81000       |        -270.61   |       -224.855   |       -45.7554   |              1   |              1   |              1   |              3   |   05:12:34   |   01:13:19   |
82000       |       -259.442   |       -226.007   |       -33.4348   |              1   |              0   |              1   |              2   |   05:16:26   |   01:09:27   |
83000       |       -259.655   |       -226.652   |       -33.0036   |              1   |              0   |              1   |              2   |   05:20:17   |   01:05:36   |
84000       |       -264.806   |       -220.726   |       -44.0796   |              1   |              1   |              1   |              2   |   05:24:09   |   01:01:44   |
85000       |       -251.133   |       -224.578   |       -26.5558   |              0   |              1   |              1   |              3   |   05:28:01   |   00:57:53   |
86000       |       -245.404   |       -227.451   |       -17.9533   |              0   |              0   |              1   |              2   |   05:31:53   |   00:54:01   |
87000       |       -253.931   |       -224.844   |       -29.0876   |              0   |              1   |              1   |              3   |   05:35:44   |   00:50:10   |
88000       |       -247.879   |       -220.836   |       -27.0435   |              0   |              1   |              1   |              3   |   05:39:35   |   00:46:18   |
89000       |       -262.653   |       -226.817   |        -35.836   |              1   |              0   |              1   |              3   |   05:43:27   |   00:42:26   |
90000       |       -241.986   |       -225.946   |       -16.0402   |              0   |              0   |              1   |              3   |   05:47:16   |   00:38:35   |
91000       |       -246.848   |       -221.164   |       -25.6834   |              0   |              1   |              1   |              3   |   05:51:07   |   00:34:43   |
92000       |       -240.517   |       -224.989   |       -15.5277   |              0   |              0   |              1   |              2   |   05:54:59   |   00:30:52   |
93000       |       -251.858   |       -223.445   |       -28.4134   |              0   |              1   |              1   |              3   |   05:58:51   |   00:27:00   |
94000       |       -263.091   |       -226.628   |       -36.4632   |              1   |              0   |              1   |              3   |   06:02:42   |   00:23:09   |
95000       |        -272.11   |        -225.35   |       -46.7599   |              1   |              1   |              1   |              2   |   06:06:34   |   00:19:17   |
96000       |       -247.154   |       -220.697   |       -26.4567   |              0   |              1   |              1   |              3   |   06:10:27   |   00:15:26   |
97000       |        -279.48   |       -229.607   |       -49.8737   |              1   |              1   |              1   |              3   |   06:14:18   |   00:11:34   |
98000       |       -255.069   |       -226.889   |       -28.1798   |              0   |              1   |              1   |              2   |   06:18:10   |   00:07:43   |
99000       |       -258.632   |       -228.793   |       -29.8386   |              0   |              1   |              1   |              3   |   06:22:01   |   00:03:51   |


Iter        |      Posterior   |     Likelihood   |          Prior   |   alpha_indi..   |   er_indicator   |   pi_indicator   |    Q_indicator   |    elapsed   |        ETA   |
--------------------------------------------------------------------------------------------------------------------------------------------------------------------------------
100000      |       -260.497   |       -227.006   |       -33.4908   |              1   |              0   |              1   |              2   |   06:25:53   |   00:00:00   |
