
RevBayes version (1.1.1)
Build from development (rapture-649-g20534c) on Sun Apr 11 23:30:45 CDT 2021

Visit the website www.RevBayes.com for more information about RevBayes.

RevBayes is free software released under the GPL license, version 3. Type 'license()' for details.

To quit RevBayes type 'quit()' or 'q()'.


> source("scripts/nuclear_MCMC.Rev")
   Processing file "scripts/nuclear_MCMC.Rev"
   Successfully read one character matrix from file 'data/nuclear.nex'

   Running MCMC simulation
   This simulation runs 2 independent replicates.
   The simulator uses 57 different moves in a random move schedule with 81 moves per iteration

Iter        |      Posterior   |     Likelihood   |          Prior   |    elapsed   |        ETA   |
----------------------------------------------------------------------------------------------------
0           |   -4.20449e+06   |    -4.2045e+06   |        10.8223   |   00:00:00   |   --:--:--   |
1000        |    -2.5445e+06   |   -2.54451e+06   |        18.9994   |   00:03:35   |   --:--:--   |
2000        |   -2.54449e+06   |   -2.54451e+06   |         19.039   |   00:07:11   |   02:52:24   |
3000        |    -2.5445e+06   |   -2.54452e+06   |        19.0517   |   00:10:47   |   02:48:56   |
4000        |   -2.54449e+06   |   -2.54451e+06   |        19.0556   |   00:14:23   |   02:45:24   |
5000        |   -2.54449e+06   |   -2.54451e+06   |        19.0473   |   00:17:58   |   02:41:42   |
6000        |    -2.5445e+06   |   -2.54452e+06   |        19.0056   |   00:21:34   |   02:38:09   |
7000        |   -2.54449e+06   |   -2.54451e+06   |        19.0329   |   00:25:10   |   02:34:35   |
8000        |    -2.5445e+06   |   -2.54451e+06   |          19.04   |   00:28:45   |   02:30:56   |
9000        |    -2.5445e+06   |   -2.54452e+06   |         19.027   |   00:32:22   |   02:27:26   |
10000       |    -2.5445e+06   |   -2.54452e+06   |        19.0323   |   00:35:58   |   02:23:52   |
11000       |    -2.5445e+06   |   -2.54452e+06   |        19.0258   |   00:39:34   |   02:20:16   |
12000       |   -2.54449e+06   |   -2.54451e+06   |        19.0233   |   00:43:10   |   02:16:41   |
13000       |    -2.5445e+06   |   -2.54451e+06   |        19.0282   |   00:46:46   |   02:13:06   |
14000       |    -2.5445e+06   |   -2.54452e+06   |        19.0333   |   00:50:21   |   02:09:28   |
15000       |    -2.5445e+06   |   -2.54452e+06   |        19.0646   |   00:53:57   |   02:05:53   |
16000       |   -2.54449e+06   |   -2.54451e+06   |        19.0143   |   00:57:33   |   02:02:17   |
17000       |   -2.54449e+06   |   -2.54451e+06   |        19.0094   |   01:01:08   |   01:58:40   |
18000       |    -2.5445e+06   |   -2.54452e+06   |        19.0521   |   01:04:43   |   01:55:03   |
19000       |   -2.54449e+06   |   -2.54451e+06   |        19.0539   |   01:08:19   |   01:51:27   |


Iter        |      Posterior   |     Likelihood   |          Prior   |    elapsed   |        ETA   |
----------------------------------------------------------------------------------------------------
20000       |    -2.5445e+06   |   -2.54452e+06   |        19.0798   |   01:11:54   |   01:47:51   |
21000       |    -2.5445e+06   |   -2.54451e+06   |        19.0357   |   01:15:30   |   01:44:15   |
22000       |   -2.54449e+06   |   -2.54451e+06   |         19.046   |   01:19:06   |   01:40:40   |
23000       |    -2.5445e+06   |   -2.54452e+06   |        19.0447   |   01:22:42   |   01:37:04   |
24000       |   -2.54449e+06   |   -2.54451e+06   |        19.0356   |   01:26:18   |   01:33:29   |
25000       |   -2.54449e+06   |   -2.54451e+06   |        19.0126   |   01:29:52   |   01:29:52   |
26000       |    -2.5445e+06   |   -2.54452e+06   |        19.0223   |   01:33:28   |   01:26:16   |
27000       |    -2.5445e+06   |   -2.54451e+06   |        19.0441   |   01:37:03   |   01:22:40   |
28000       |    -2.5445e+06   |   -2.54452e+06   |         19.018   |   01:40:39   |   01:19:04   |
29000       |   -2.54449e+06   |   -2.54451e+06   |        19.0364   |   01:44:15   |   01:15:29   |
30000       |   -2.54449e+06   |   -2.54451e+06   |        19.0075   |   01:47:50   |   01:11:53   |
31000       |    -2.5445e+06   |   -2.54452e+06   |        19.0285   |   01:51:25   |   01:08:17   |
32000       |   -2.54449e+06   |   -2.54451e+06   |         19.034   |   01:55:00   |   01:04:41   |
33000       |   -2.54449e+06   |   -2.54451e+06   |        19.0366   |   01:58:36   |   01:01:05   |
34000       |   -2.54449e+06   |   -2.54451e+06   |        19.0131   |   02:02:12   |   00:57:30   |
35000       |    -2.5445e+06   |   -2.54452e+06   |        19.0636   |   02:05:47   |   00:53:54   |
36000       |    -2.5445e+06   |   -2.54452e+06   |        19.0353   |   02:09:23   |   00:50:18   |
37000       |    -2.5445e+06   |   -2.54452e+06   |        19.0535   |   02:12:58   |   00:46:43   |
38000       |    -2.5445e+06   |   -2.54452e+06   |        18.9988   |   02:16:34   |   00:43:07   |
39000       |   -2.54451e+06   |   -2.54452e+06   |        19.0298   |   02:20:09   |   00:39:31   |


Iter        |      Posterior   |     Likelihood   |          Prior   |    elapsed   |        ETA   |
----------------------------------------------------------------------------------------------------
40000       |    -2.5445e+06   |   -2.54452e+06   |        19.0432   |   02:23:45   |   00:35:56   |
41000       |   -2.54449e+06   |   -2.54451e+06   |        19.0425   |   02:27:21   |   00:32:20   |
42000       |   -2.54449e+06   |   -2.54451e+06   |        19.0306   |   02:30:56   |   00:28:44   |
43000       |    -2.5445e+06   |   -2.54452e+06   |        19.0216   |   02:34:31   |   00:25:09   |
44000       |    -2.5445e+06   |   -2.54452e+06   |        19.0257   |   02:38:06   |   00:21:33   |
45000       |   -2.54451e+06   |   -2.54453e+06   |        19.0062   |   02:41:41   |   00:17:57   |
46000       |    -2.5445e+06   |   -2.54451e+06   |         19.009   |   02:45:16   |   00:14:22   |
47000       |    -2.5445e+06   |   -2.54452e+06   |        19.0498   |   02:48:52   |   00:10:46   |
48000       |    -2.5445e+06   |   -2.54452e+06   |        19.0383   |   02:52:27   |   00:07:11   |
49000       |   -2.54449e+06   |   -2.54451e+06   |        19.0613   |   02:56:03   |   00:03:35   |
50000       |   -2.54449e+06   |   -2.54451e+06   |        19.0261   |   02:59:39   |   00:00:00   |
   Processing of file "scripts/nuclear_MCMC.Rev" completed
> 