
RevBayes version (1.1.1)
Build from development (rapture-649-g20534c) on Sun Apr 18 13:22:17 CDT 2021

Visit the website www.RevBayes.com for more information about RevBayes.

RevBayes is free software released under the GPL license, version 3. Type 'license()' for details.

To quit RevBayes type 'quit()' or 'q()'.


> source("scripts/combined_evidence_fbd_clean.Rev")
   Processing file "scripts/combined_evidence_fbd_clean.Rev"
   Successfully read one character matrix from file 'data/nuclear.nex'
   Successfully read one character matrix from file 'data/morpho_clean.nex'
   NOTE: setNumStatesPartition() partitions by the maximum observed state, not the total number of observed states.
   WARNING: There are 18 characters incompatible with the specified coding bias. These characters will be excluded.
   Could not compute lnProb for node fbd_tree.
   ((Urocyon_minicephalus[&index=23]:6.491439,Urocyon_...

   Drawing new initial states ...
   Could not compute lnProb for node fbd_tree.
   ((Urocyon_cinereoargenteus[&index=23]:9.153915,Uroc...

   Drawing new initial states ...
   Could not compute lnProb for node fbd_tree.
   (Urocyon_webbi[&index=23]:18.355508,((Urocyon_minic...

   Drawing new initial states ...
   Could not compute lnProb for node fbd_tree.
   ((Urocyon_webbi[&index=23]:5.030323,Urocyon_cinereo...

   Drawing new initial states ...
   Could not compute lnProb for node fbd_tree.
   ((Urocyon_cinereoargenteus[&index=23]:15.518183,Uro...

   Drawing new initial states ...
   Could not compute lnProb for node fbd_tree.
   ((Urocyon_minicephalus[&index=23]:13.556674,Urocyon...

   Drawing new initial states ...

   Running MCMC simulation
   This simulation runs 2 independent replicates.
   The simulator uses 296 different moves in a random move schedule with 346.767 moves per iteration

Iter        |      Posterior   |     Likelihood   |          Prior   |   divtime_di..   |   divtime_ja..   |      root_time   |    elapsed   |        ETA   |
-------------------------------------------------------------------------------------------------------------------------------------------------------------
0           |   -5.09223e+06   |   -5.09201e+06   |       -214.837   |       20.93218   |       20.93218   |       23.64815   |   00:00:00   |   --:--:--   |
1000        |   -2.55914e+06   |   -2.55922e+06   |        86.4272   |       20.35428   |       20.35428   |       29.56602   |   00:09:31   |   --:--:--   |
2000        |    -2.5591e+06   |    -2.5592e+06   |        96.7817   |       20.37822   |       20.37822   |        29.0513   |   00:18:53   |   46:53:37   |
3000        |   -2.55908e+06   |   -2.55918e+06   |        100.547   |        20.7819   |        20.7819   |       26.75381   |   00:28:20   |   46:45:00   |
4000        |   -2.55908e+06   |   -2.55919e+06   |        105.607   |       20.80517   |       20.80517   |        25.1671   |   00:37:38   |   46:24:52   |
5000        |   -2.55904e+06   |   -2.55917e+06   |        128.823   |       20.67923   |       20.67923   |       29.80855   |   00:46:54   |   46:07:06   |
6000        |   -2.55904e+06   |   -2.55916e+06   |        120.289   |       20.49294   |       20.49294   |       28.50861   |   00:55:53   |   45:38:17   |
7000        |   -2.55904e+06   |   -2.55916e+06   |        118.781   |       20.38039   |       20.38039   |       27.60783   |   01:05:00   |   45:20:42   |
8000        |   -2.55903e+06   |   -2.55917e+06   |        137.731   |       20.43816   |       20.43816   |       29.94487   |   01:14:05   |   45:04:02   |
9000        |   -2.55904e+06   |   -2.55917e+06   |        130.616   |       20.45466   |       20.45466   |        29.7574   |   01:22:57   |   44:42:03   |
10000       |   -2.55907e+06   |   -2.55917e+06   |        103.449   |       20.65033   |       20.65033   |       26.71488   |   01:31:48   |   44:22:12   |
11000       |   -2.55906e+06   |   -2.55917e+06   |        109.263   |       20.83423   |       20.83423   |       29.69397   |   01:40:39   |   44:04:21   |
12000       |   -2.55903e+06   |   -2.55915e+06   |        123.688   |       20.87682   |       20.87682   |       28.59221   |   01:49:40   |   43:52:00   |
13000       |   -2.55587e+06   |   -2.55599e+06   |        118.115   |        21.1801   |        21.1801   |       28.95152   |   01:58:38   |   43:39:03   |
14000       |   -2.55587e+06   |   -2.55599e+06   |        115.614   |       20.93462   |       20.93462   |        26.9509   |   02:07:34   |   43:26:00   |
15000       |   -2.54834e+06   |   -2.54848e+06   |        141.524   |       23.12066   |       23.12066   |       28.45275   |   02:16:25   |   43:11:55   |
16000       |   -2.54834e+06   |   -2.54848e+06   |        138.273   |       23.44218   |       23.44218   |       28.68498   |   02:25:11   |   42:57:00   |
17000       |   -2.54835e+06   |   -2.54848e+06   |        128.072   |       23.14041   |       23.14041   |       26.78722   |   02:33:54   |   42:41:58   |
18000       |   -2.54737e+06   |   -2.54749e+06   |        119.286   |       23.47408   |       23.47408   |       29.16836   |   02:42:42   |   42:28:58   |
19000       |   -2.54737e+06   |   -2.54749e+06   |        122.813   |       23.66826   |       23.66826   |       29.81414   |   02:51:30   |   42:16:23   |


Iter        |      Posterior   |     Likelihood   |          Prior   |   divtime_di..   |   divtime_ja..   |      root_time   |    elapsed   |        ETA   |
-------------------------------------------------------------------------------------------------------------------------------------------------------------
20000       |   -2.54731e+06   |   -2.54747e+06   |         161.23   |       23.43937   |       23.43937   |       25.12383   |   03:00:18   |   42:04:12   |
21000       |   -2.54733e+06   |   -2.54748e+06   |        154.036   |       23.35811   |       23.35811   |       27.02379   |   03:09:11   |   41:53:26   |
22000       |   -2.54733e+06   |   -2.54747e+06   |        147.057   |        23.2782   |        23.2782   |       27.02037   |   03:18:09   |   41:43:53   |
23000       |   -2.54734e+06   |   -2.54749e+06   |        142.702   |       23.31316   |       23.31316   |       28.99437   |   03:27:08   |   41:34:36   |
24000       |   -2.54733e+06   |   -2.54748e+06   |        150.931   |       23.39899   |       23.39899   |       29.53987   |   03:35:57   |   41:23:25   |
25000       |   -2.54734e+06   |   -2.54748e+06   |        136.656   |       23.24304   |       23.24304   |       27.71764   |   03:44:35   |   41:10:25   |
26000       |   -2.54732e+06   |   -2.54746e+06   |          147.7   |       23.28347   |       23.28347   |        25.1785   |   03:53:28   |   41:00:22   |
27000       |    -2.5473e+06   |   -2.54747e+06   |        170.807   |       23.09653   |       23.09653   |       29.05655   |   04:02:29   |   40:51:46   |
28000       |   -2.54733e+06   |   -2.54747e+06   |        137.568   |       23.09658   |       23.09658   |       26.31983   |   04:11:24   |   40:42:10   |
29000       |   -2.54733e+06   |   -2.54747e+06   |        141.165   |       22.87107   |       22.87107   |       27.06292   |   04:20:23   |   40:33:14   |
30000       |   -2.54731e+06   |   -2.54747e+06   |        158.817   |       22.97361   |       22.97361   |       25.35548   |   04:29:32   |   40:25:48   |
31000       |   -2.54731e+06   |   -2.54747e+06   |        159.363   |       23.03551   |       23.03551   |       27.83037   |   04:38:59   |   40:20:51   |
32000       |   -2.54731e+06   |   -2.54747e+06   |        155.805   |       23.17223   |       23.17223   |       27.51444   |   04:48:31   |   40:16:19   |
33000       |   -2.54731e+06   |   -2.54746e+06   |        153.301   |       23.13656   |       23.13656   |       29.90672   |   04:58:05   |   40:11:45   |
34000       |   -2.54729e+06   |   -2.54748e+06   |        192.421   |       23.26979   |       23.26979   |       28.41987   |   05:07:28   |   40:05:28   |
35000       |   -2.54733e+06   |   -2.54747e+06   |        134.866   |       22.97364   |       22.97364   |       24.30087   |   05:16:54   |   39:59:23   |
36000       |   -2.54733e+06   |   -2.54748e+06   |        143.495   |        22.7641   |        22.7641   |       25.54931   |   05:26:17   |   39:52:44   |
37000       |   -2.54622e+06   |   -2.54635e+06   |        130.467   |       22.98351   |        22.4343   |       24.43734   |   05:35:50   |   39:47:08   |
38000       |    -2.5462e+06   |   -2.54635e+06   |         154.55   |       23.14675   |       22.39341   |       25.65913   |   05:45:18   |   39:40:45   |
39000       |   -2.54618e+06   |   -2.54634e+06   |        153.154   |       23.31846   |       22.40674   |        25.4044   |   05:55:07   |   39:36:33   |


Iter        |      Posterior   |     Likelihood   |          Prior   |   divtime_di..   |   divtime_ja..   |      root_time   |    elapsed   |        ETA   |
-------------------------------------------------------------------------------------------------------------------------------------------------------------
40000       |   -2.54618e+06   |   -2.54634e+06   |        156.405   |       23.43152   |       22.42102   |       27.17346   |   06:05:16   |   39:34:14   |
41000       |   -2.54613e+06   |   -2.54633e+06   |        193.371   |       23.34509   |       22.41997   |        26.8252   |   06:15:16   |   39:30:35   |
42000       |   -2.54617e+06   |   -2.54633e+06   |        166.884   |       23.25116   |       22.40064   |       27.82436   |   06:25:32   |   39:28:16   |
43000       |   -2.54618e+06   |   -2.54634e+06   |        163.242   |       23.07258   |       22.44679   |       27.20899   |   06:35:48   |   39:25:35   |
44000       |   -2.54618e+06   |   -2.54633e+06   |        152.091   |       23.07966   |       22.42695   |       28.49103   |   06:46:06   |   39:22:45   |
45000       |   -2.54615e+06   |   -2.54633e+06   |        187.517   |       23.06529   |       22.53185   |       29.37766   |   06:56:18   |   39:19:02   |
46000       |   -2.54617e+06   |   -2.54633e+06   |        162.391   |       23.06933   |       22.50269   |       29.76867   |   07:06:33   |   39:15:17   |
47000       |    -2.5462e+06   |   -2.54634e+06   |        134.878   |       23.07173   |       22.61654   |       27.81222   |   07:16:30   |   39:09:40   |
48000       |   -2.54617e+06   |   -2.54633e+06   |        162.841   |       23.20704   |       22.61172   |       27.77498   |   07:27:08   |   39:07:27   |
49000       |   -2.54619e+06   |   -2.54635e+06   |        157.558   |       23.09499   |       22.64331   |        29.0333   |   07:37:17   |   39:02:24   |
50000       |    -2.5462e+06   |   -2.54635e+06   |        146.587   |       23.05575   |          22.59   |       27.81743   |   07:47:02   |   38:55:10   |
51000       |   -2.54617e+06   |   -2.54633e+06   |        163.192   |       23.07474   |       22.54183   |       29.81219   |   07:56:44   |   38:47:34   |
52000       |   -2.54616e+06   |   -2.54633e+06   |        173.776   |       23.15936   |       22.56157   |       27.18559   |   08:06:33   |   38:40:28   |
53000       |   -2.54617e+06   |   -2.54633e+06   |        165.672   |       23.13677   |       22.60798   |       27.61191   |   08:16:17   |   38:32:52   |
54000       |   -2.54616e+06   |   -2.54634e+06   |        178.607   |       23.11966   |       22.70595   |       29.71423   |   08:25:58   |   38:24:57   |
55000       |   -2.54616e+06   |   -2.54634e+06   |        181.594   |       23.20032   |       22.68705   |       27.40366   |   08:35:50   |   38:17:48   |
56000       |   -2.54615e+06   |   -2.54634e+06   |        186.151   |       23.25971   |       22.62698   |       26.86959   |   08:45:25   |   38:09:18   |
57000       |    -2.5462e+06   |   -2.54634e+06   |        142.196   |       23.18547   |       22.73944   |       29.14611   |   08:55:19   |   38:02:08   |
58000       |   -2.54617e+06   |   -2.54633e+06   |        162.801   |       23.15212   |       22.69603   |       29.14761   |   09:05:27   |   37:55:50   |
59000       |   -2.54617e+06   |   -2.54633e+06   |        154.165   |        23.1367   |        22.7709   |        29.2709   |   09:15:05   |   37:47:22   |


Iter        |      Posterior   |     Likelihood   |          Prior   |   divtime_di..   |   divtime_ja..   |      root_time   |    elapsed   |        ETA   |
-------------------------------------------------------------------------------------------------------------------------------------------------------------
60000       |   -2.54618e+06   |   -2.54634e+06   |        160.385   |       23.14418   |       22.79559   |       28.27488   |   09:24:38   |   37:38:32   |
61000       |   -2.54617e+06   |   -2.54633e+06   |        161.122   |       23.14934   |       22.74119   |       29.66863   |   09:34:12   |   37:29:44   |
62000       |   -2.54619e+06   |   -2.54634e+06   |        152.082   |        23.1597   |       22.67917   |       28.24586   |   09:43:50   |   37:21:10   |
63000       |   -2.54618e+06   |   -2.54634e+06   |        153.181   |       23.21058   |       22.76132   |       28.93969   |   09:53:32   |   37:12:48   |
64000       |   -2.54617e+06   |   -2.54634e+06   |        174.544   |       23.20363   |       22.56554   |       27.90628   |   10:03:28   |   37:05:17   |
65000       |   -2.54618e+06   |   -2.54634e+06   |        165.393   |       23.29933   |       22.52639   |       27.81189   |   10:12:59   |   36:56:10   |
66000       |    -2.5462e+06   |   -2.54634e+06   |        146.953   |       23.33454   |       22.42079   |        25.1989   |   10:22:46   |   36:47:59   |
67000       |   -2.54618e+06   |   -2.54633e+06   |        146.837   |       23.31852   |       22.34469   |       28.20256   |   10:32:26   |   36:39:21   |
68000       |   -2.54617e+06   |   -2.54633e+06   |        155.028   |       23.74511   |       22.54842   |       28.35834   |   10:41:52   |   36:29:53   |
69000       |   -2.54621e+06   |   -2.54635e+06   |        139.185   |       23.37556   |        22.1613   |       25.15514   |   10:51:17   |   36:20:23   |
70000       |   -2.54616e+06   |   -2.54633e+06   |        173.088   |       23.48141   |       22.27927   |       26.45112   |   11:00:52   |   36:11:25   |
71000       |   -2.54615e+06   |   -2.54633e+06   |        182.691   |       23.42689   |       22.46066   |       29.60767   |   11:10:47   |   36:03:30   |
72000       |   -2.54619e+06   |   -2.54634e+06   |         147.78   |       23.46893   |       22.32341   |       28.06177   |   11:20:45   |   35:55:42   |
73000       |   -2.54618e+06   |   -2.54634e+06   |        155.561   |       23.57784   |       22.21509   |       28.09788   |   11:30:24   |   35:46:51   |
74000       |    -2.5462e+06   |   -2.54634e+06   |         143.65   |       23.65454   |       21.93934   |       29.37305   |   11:40:18   |   35:38:45   |
75000       |   -2.54616e+06   |   -2.54633e+06   |        169.045   |       23.98737   |       21.80881   |       25.75625   |   11:49:36   |   35:28:48   |
76000       |   -2.54617e+06   |   -2.54634e+06   |        167.065   |       24.54109   |       21.78442   |       28.69451   |   11:59:21   |   35:20:11   |
77000       |   -2.54618e+06   |   -2.54634e+06   |        155.552   |       23.88369   |       21.79359   |       28.87759   |   12:08:51   |   35:10:49   |
78000       |   -2.54616e+06   |   -2.54635e+06   |         184.82   |       23.79341   |       21.92459   |       28.74477   |   12:18:28   |   35:01:47   |
79000       |   -2.54618e+06   |   -2.54634e+06   |        165.786   |       24.15146   |        21.7258   |       29.60243   |   12:28:07   |   34:52:49   |


Iter        |      Posterior   |     Likelihood   |          Prior   |   divtime_di..   |   divtime_ja..   |      root_time   |    elapsed   |        ETA   |
-------------------------------------------------------------------------------------------------------------------------------------------------------------
80000       |   -2.54621e+06   |   -2.54634e+06   |        130.887   |       23.76013   |        21.6186   |       26.86845   |   12:37:52   |   34:44:08   |
81000       |   -2.54616e+06   |   -2.54633e+06   |        173.933   |       24.05996   |       21.51094   |       28.83759   |   12:47:53   |   34:36:07   |
82000       |   -2.54617e+06   |   -2.54633e+06   |        161.655   |        24.3798   |       21.63452   |       29.15922   |   12:58:38   |   34:30:01   |
83000       |   -2.54619e+06   |   -2.54634e+06   |         146.38   |       25.04502   |       21.61161   |       28.14839   |   13:08:24   |   34:21:14   |
84000       |   -2.54618e+06   |   -2.54634e+06   |        159.588   |       26.65629   |       21.51681   |       29.48495   |   13:18:03   |   34:12:07   |
85000       |   -2.54616e+06   |   -2.54633e+06   |        170.551   |       25.48035   |       21.60881   |       28.64502   |   13:27:40   |   34:02:55   |
86000       |   -2.54617e+06   |   -2.54634e+06   |        166.945   |       25.11709   |       21.50995   |       28.33525   |   13:37:15   |   33:53:37   |
87000       |   -2.54619e+06   |   -2.54634e+06   |        147.842   |       25.40735   |        21.4389   |       29.34637   |   13:46:49   |   33:44:16   |
88000       |   -2.54617e+06   |   -2.54634e+06   |        173.395   |       25.67675   |       21.49736   |       26.22549   |   13:56:40   |   33:35:36   |
89000       |   -2.54615e+06   |   -2.54633e+06   |        185.432   |       26.56308   |       21.70966   |        28.0044   |   14:06:20   |   33:26:28   |
90000       |   -2.54616e+06   |   -2.54633e+06   |          177.4   |       25.66251   |       21.72649   |       27.01676   |   14:15:55   |   33:17:08   |
91000       |   -2.54616e+06   |   -2.54633e+06   |        169.121   |       25.16961   |       21.94269   |       28.29269   |   14:25:44   |   33:08:19   |
92000       |   -2.54616e+06   |   -2.54634e+06   |        180.883   |       25.76292   |       22.00477   |       29.81257   |   14:35:23   |   32:59:07   |
93000       |   -2.54618e+06   |   -2.54635e+06   |        162.005   |       24.58469   |       22.03768   |       28.40663   |   14:44:56   |   32:49:41   |
94000       |   -2.54618e+06   |   -2.54634e+06   |         167.41   |       24.31015   |       22.06692   |       28.56163   |   14:54:26   |   32:40:08   |
95000       |   -2.54618e+06   |   -2.54634e+06   |        153.598   |       23.97348   |       21.97658   |        29.9753   |   15:03:57   |   32:30:37   |
96000       |   -2.54618e+06   |   -2.54633e+06   |        151.092   |       24.51184   |       21.98843   |       26.16476   |   15:13:22   |   32:20:54   |
97000       |   -2.54619e+06   |   -2.54634e+06   |        148.123   |       24.46373   |       22.00825   |       27.54333   |   15:22:41   |   32:10:58   |
98000       |   -2.54618e+06   |   -2.54634e+06   |        160.866   |       24.59439   |       22.01187   |       29.43458   |   15:32:04   |   32:01:11   |
99000       |   -2.54616e+06   |   -2.54634e+06   |        182.441   |       23.68967   |       22.06662   |       27.79288   |   15:41:22   |   31:51:15   |


Iter        |      Posterior   |     Likelihood   |          Prior   |   divtime_di..   |   divtime_ja..   |      root_time   |    elapsed   |        ETA   |
-------------------------------------------------------------------------------------------------------------------------------------------------------------
100000      |   -2.54617e+06   |   -2.54635e+06   |        178.266   |       23.57725   |       22.02531   |       29.82855   |   15:50:48   |   31:41:36   |
101000      |   -2.54615e+06   |   -2.54634e+06   |         187.49   |       23.99065   |       21.97958   |        28.2331   |   16:00:14   |   31:31:56   |
102000      |   -2.54617e+06   |   -2.54634e+06   |        168.295   |       25.47545   |       22.00613   |       28.31627   |   16:09:46   |   31:22:29   |
103000      |   -2.54616e+06   |   -2.54634e+06   |        181.044   |       25.00954   |       21.93169   |       28.07729   |   16:19:35   |   31:13:34   |
104000      |   -2.54617e+06   |   -2.54634e+06   |        169.751   |       26.38083   |       22.03982   |       29.90655   |   16:29:15   |   31:04:21   |
105000      |   -2.54618e+06   |   -2.54634e+06   |        159.369   |        26.6591   |       21.95758   |       29.21768   |   16:38:55   |   30:55:07   |
106000      |   -2.54617e+06   |   -2.54633e+06   |        159.011   |       25.59831   |       21.89344   |       29.18615   |   16:48:35   |   30:45:53   |
107000      |   -2.54617e+06   |   -2.54634e+06   |        164.777   |       25.94473   |       21.80105   |       28.49524   |   16:58:13   |   30:36:35   |
108000      |   -2.54621e+06   |   -2.54634e+06   |        136.825   |        26.0625   |       21.81835   |        27.9615   |   17:07:55   |   30:27:24   |
109000      |   -2.54618e+06   |   -2.54634e+06   |         165.95   |       26.70934   |       21.82262   |       27.02669   |   17:17:20   |   30:17:42   |
110000      |   -2.54619e+06   |   -2.54634e+06   |        153.945   |       25.07566   |       21.78539   |        28.3612   |   17:26:54   |   30:08:16   |
111000      |   -2.54616e+06   |   -2.54634e+06   |        176.406   |       25.29387   |       21.75346   |       28.32227   |   17:36:32   |   29:58:57   |
112000      |   -2.54616e+06   |   -2.54635e+06   |        185.837   |       24.88366   |       21.75867   |       28.17582   |   17:46:21   |   29:49:56   |
113000      |   -2.54617e+06   |   -2.54634e+06   |        162.893   |       25.04661   |       21.89837   |       27.60647   |   17:56:12   |   29:40:58   |
114000      |   -2.54617e+06   |   -2.54633e+06   |        165.884   |       25.29704   |       22.06339   |       27.49219   |   18:06:06   |   29:32:03   |
115000      |   -2.54617e+06   |   -2.54636e+06   |        183.796   |       25.57399   |       22.31124   |       27.14167   |   18:16:02   |   29:23:11   |
116000      |   -2.54619e+06   |   -2.54635e+06   |        156.626   |       25.54587   |       22.34877   |       26.73502   |   18:25:31   |   29:13:34   |
117000      |   -2.54617e+06   |   -2.54634e+06   |        173.972   |       25.12137   |       22.44293   |        26.3734   |   18:34:58   |   29:03:55   |
118000      |   -2.54619e+06   |   -2.54635e+06   |        163.053   |        25.2272   |        22.6486   |       27.58031   |   18:44:45   |   28:54:47   |
119000      |    -2.5462e+06   |   -2.54635e+06   |        151.771   |        24.9184   |       22.87733   |       26.61661   |   18:54:46   |   28:45:59   |


Iter        |      Posterior   |     Likelihood   |          Prior   |   divtime_di..   |   divtime_ja..   |      root_time   |    elapsed   |        ETA   |
-------------------------------------------------------------------------------------------------------------------------------------------------------------
120000      |   -2.54618e+06   |   -2.54633e+06   |         158.08   |        24.6186   |       22.93561   |       29.86068   |   19:04:28   |   28:36:42   |
121000      |   -2.54622e+06   |   -2.54634e+06   |        116.947   |       24.04559   |       22.97838   |       27.00676   |   19:14:11   |   28:27:25   |
122000      |   -2.54619e+06   |   -2.54635e+06   |        151.357   |        24.1783   |       23.00034   |       29.90183   |   19:24:00   |   28:18:17   |
123000      |   -2.54618e+06   |   -2.54634e+06   |        161.649   |       24.16277   |       23.06919   |       29.63653   |   19:34:05   |   28:09:32   |
124000      |   -2.54614e+06   |   -2.54633e+06   |        187.398   |       24.16113   |       22.98509   |       26.98654   |   19:43:51   |   28:00:18   |
125000      |   -2.54618e+06   |   -2.54633e+06   |        148.194   |       23.99357   |       22.89266   |       29.81464   |   19:53:39   |   27:51:06   |
126000      |   -2.54617e+06   |   -2.54634e+06   |        167.632   |       24.44968   |       22.84883   |       28.33181   |   20:03:48   |   27:42:23   |
127000      |   -2.54619e+06   |   -2.54634e+06   |        153.636   |       24.09537   |       22.89855   |       28.37569   |   20:13:44   |   27:33:21   |
128000      |   -2.54616e+06   |   -2.54633e+06   |        166.359   |       24.25099   |       22.85914   |         28.148   |   20:23:47   |   27:24:27   |
129000      |   -2.54617e+06   |   -2.54633e+06   |        161.361   |       24.47491   |       22.93601   |       28.60782   |   20:33:27   |   27:15:02   |
130000      |   -2.54617e+06   |   -2.54634e+06   |         170.59   |       24.97741   |       22.90841   |       28.22927   |   20:43:58   |   27:06:43   |
131000      |   -2.54619e+06   |   -2.54634e+06   |         147.23   |       25.80177   |       22.62581   |       29.12393   |   20:53:27   |   26:57:02   |
132000      |    -2.5462e+06   |   -2.54634e+06   |        144.567   |       25.68061   |        22.7403   |       28.04939   |   21:02:58   |   26:47:24   |
133000      |   -2.54617e+06   |   -2.54633e+06   |        164.296   |        25.2483   |       22.76435   |       29.10135   |   21:12:36   |   26:37:55   |
134000      |   -2.54617e+06   |   -2.54633e+06   |        165.128   |       26.31584   |       22.78731   |       29.37915   |   21:22:31   |   26:28:47   |
135000      |    -2.5462e+06   |   -2.54635e+06   |        151.828   |       25.70337   |       22.67293   |       29.66206   |   21:32:16   |   26:19:26   |
136000      |   -2.54617e+06   |   -2.54633e+06   |        158.612   |       25.06477   |       22.46879   |       28.75981   |   21:41:57   |   26:09:59   |
137000      |   -2.54617e+06   |   -2.54633e+06   |        164.115   |       25.71584   |       22.41043   |       29.69171   |   21:51:24   |   26:00:16   |
138000      |   -2.54617e+06   |   -2.54634e+06   |         170.64   |       26.25205   |       22.12389   |       29.59563   |   22:00:51   |   25:50:33   |
139000      |   -2.54619e+06   |   -2.54635e+06   |         159.79   |        26.7728   |       22.24869   |       29.02708   |   22:10:40   |   25:41:16   |


Iter        |      Posterior   |     Likelihood   |          Prior   |   divtime_di..   |   divtime_ja..   |      root_time   |    elapsed   |        ETA   |
-------------------------------------------------------------------------------------------------------------------------------------------------------------
140000      |   -2.54617e+06   |   -2.54634e+06   |        170.645   |       28.24939   |       22.20674   |       29.00514   |   22:20:57   |   25:32:30   |
141000      |   -2.54618e+06   |   -2.54633e+06   |          154.6   |       26.89521   |       22.53155   |        29.1678   |   22:30:58   |   25:23:25   |
142000      |   -2.54616e+06   |   -2.54633e+06   |        176.727   |       26.07727   |       22.40107   |       29.21381   |   22:40:36   |   25:13:54   |
143000      |   -2.54616e+06   |   -2.54634e+06   |        171.506   |       27.00511   |       22.40789   |       28.30435   |   22:50:24   |   25:04:33   |
144000      |   -2.54617e+06   |   -2.54634e+06   |        164.195   |       26.20082   |       22.70212   |       28.49394   |   22:59:58   |   24:54:57   |
145000      |   -2.54616e+06   |   -2.54633e+06   |        171.604   |       26.04717   |       23.24977   |       26.69047   |   23:09:07   |   24:44:55   |
146000      |   -2.54619e+06   |   -2.54634e+06   |        153.405   |       25.67826   |        23.2161   |       28.49914   |   23:18:19   |   24:34:56   |
147000      |   -2.54617e+06   |   -2.54635e+06   |        178.197   |       25.06162   |        23.4041   |       28.40774   |   23:28:08   |   24:25:36   |
148000      |   -2.54617e+06   |   -2.54635e+06   |        171.436   |       25.48634   |       23.56256   |       29.03923   |   23:37:44   |   24:16:03   |
149000      |   -2.54618e+06   |   -2.54634e+06   |        155.261   |       25.13168   |        23.9985   |       29.73086   |   23:47:24   |   24:06:33   |
150000      |   -2.54616e+06   |   -2.54633e+06   |        169.352   |       25.02722   |       23.79218   |       28.24828   |   23:56:59   |   23:56:59   |
151000      |   -2.54618e+06   |   -2.54634e+06   |        158.533   |       24.68542   |        23.7609   |       28.79613   |   24:06:33   |   23:47:23   |
152000      |   -2.54618e+06   |   -2.54633e+06   |        150.721   |       24.92524   |       23.95335   |       29.33736   |   24:16:17   |   23:37:57   |
153000      |   -2.54619e+06   |   -2.54634e+06   |        148.419   |       24.86202   |       23.80474   |       28.30113   |   24:26:25   |   23:28:54   |
154000      |   -2.54615e+06   |   -2.54635e+06   |        200.614   |       24.95165   |       23.76634   |       28.86403   |   24:36:15   |   23:19:33   |
155000      |   -2.54617e+06   |   -2.54634e+06   |        170.965   |       24.97626   |       23.63814   |       27.22302   |   24:45:42   |   23:09:50   |
156000      |    -2.5462e+06   |   -2.54635e+06   |        150.229   |       24.70006   |       23.62269   |       27.04964   |   24:55:25   |   23:00:23   |
157000      |   -2.54619e+06   |   -2.54634e+06   |        153.811   |       24.86502   |       23.72864   |       27.06964   |   25:04:56   |   22:50:44   |
158000      |   -2.54619e+06   |   -2.54635e+06   |        152.346   |        24.7222   |       23.67882   |       27.29902   |   25:14:44   |   22:41:20   |
159000      |   -2.54619e+06   |   -2.54634e+06   |        148.927   |       24.35966   |       23.72455   |       27.81489   |   25:24:13   |   22:31:39   |


Iter        |      Posterior   |     Likelihood   |          Prior   |   divtime_di..   |   divtime_ja..   |      root_time   |    elapsed   |        ETA   |
-------------------------------------------------------------------------------------------------------------------------------------------------------------
160000      |   -2.54616e+06   |   -2.54634e+06   |        172.811   |       24.31826   |       23.71226   |       25.42703   |   25:33:57   |   22:22:12   |
161000      |    -2.5462e+06   |   -2.54634e+06   |        143.892   |        24.5391   |       23.64017   |       29.51741   |   25:44:09   |   22:13:08   |
162000      |   -2.54617e+06   |   -2.54633e+06   |        156.828   |       24.42452   |       23.66726   |       29.30294   |   25:54:24   |   22:04:07   |
163000      |   -2.54617e+06   |   -2.54633e+06   |        166.286   |       24.36711   |       23.67459   |       26.46262   |   26:04:17   |   21:54:45   |
164000      |   -2.54618e+06   |   -2.54634e+06   |        162.588   |       24.39216   |       23.59978   |       27.95677   |   26:14:37   |   21:45:46   |
165000      |   -2.54616e+06   |   -2.54633e+06   |        172.824   |       24.42904   |       23.47399   |       27.93436   |   26:24:26   |   21:36:21   |
166000      |   -2.54619e+06   |   -2.54635e+06   |         165.72   |       24.37991   |       23.54097   |       27.11992   |   26:33:58   |   21:26:41   |
167000      |   -2.54615e+06   |   -2.54634e+06   |         187.79   |        24.8011   |       23.44791   |       26.66445   |   26:43:40   |   21:17:10   |
168000      |    -2.5462e+06   |   -2.54635e+06   |        143.531   |       24.36139   |       23.47541   |       29.86425   |   26:53:45   |   21:07:56   |
169000      |   -2.54618e+06   |   -2.54635e+06   |        169.814   |       24.49318   |       23.48631   |       26.53067   |   27:03:42   |   20:58:36   |
170000      |   -2.54617e+06   |   -2.54634e+06   |        169.667   |       24.35382   |       23.23302   |       25.91099   |   27:13:29   |   20:49:08   |
171000      |   -2.54617e+06   |   -2.54633e+06   |        161.076   |       24.63459   |        23.4098   |       27.87724   |   27:23:08   |   20:39:33   |
172000      |   -2.54619e+06   |   -2.54634e+06   |         153.19   |       25.14128   |       23.24606   |       27.58736   |   27:32:41   |   20:29:54   |
173000      |   -2.54618e+06   |   -2.54636e+06   |        179.874   |       25.38383   |       23.04209   |       28.36345   |   27:42:14   |   20:20:15   |
174000      |   -2.54617e+06   |   -2.54634e+06   |        165.716   |       26.30911   |         23.363   |       29.47873   |   27:51:54   |   20:10:41   |
175000      |   -2.54617e+06   |   -2.54635e+06   |        175.523   |       26.59627   |       23.25015   |        27.4342   |   28:01:31   |   20:01:05   |
176000      |   -2.54617e+06   |   -2.54635e+06   |        174.475   |       25.97631   |       22.66918   |       29.05019   |   28:11:35   |   19:51:47   |
177000      |   -2.54615e+06   |   -2.54634e+06   |        188.403   |       26.00856   |       23.06944   |       28.92591   |   28:21:23   |   19:42:19   |
178000      |   -2.54618e+06   |   -2.54635e+06   |        177.307   |       27.35035   |       22.29709   |       28.40071   |   28:31:10   |   19:32:49   |
179000      |   -2.54617e+06   |   -2.54634e+06   |        169.861   |       27.46387   |       22.40232   |       28.47875   |   28:40:58   |   19:23:20   |


Iter        |      Posterior   |     Likelihood   |          Prior   |   divtime_di..   |   divtime_ja..   |      root_time   |    elapsed   |        ETA   |
-------------------------------------------------------------------------------------------------------------------------------------------------------------
180000      |   -2.54618e+06   |   -2.54634e+06   |        167.733   |       26.96541   |       21.43417   |       27.52628   |   28:50:51   |   19:13:54   |
181000      |   -2.54619e+06   |   -2.54635e+06   |         162.87   |       26.11446   |       21.87558   |       29.79027   |   29:00:22   |   19:04:13   |
182000      |   -2.54617e+06   |   -2.54634e+06   |        166.268   |       25.74476   |        22.6427   |       28.07139   |   29:09:46   |   18:54:27   |
183000      |   -2.54618e+06   |   -2.54634e+06   |        160.968   |        25.1231   |       22.37018   |       27.23215   |   29:19:18   |   18:44:47   |
184000      |   -2.54616e+06   |   -2.54634e+06   |        180.493   |       25.17198   |       21.98613   |       29.84576   |   29:28:53   |   18:35:09   |
185000      |   -2.54618e+06   |   -2.54634e+06   |        162.384   |       25.28162   |       22.16784   |       29.55671   |   29:38:37   |   18:25:37   |
186000      |   -2.54618e+06   |   -2.54633e+06   |        151.966   |       24.78595   |       21.70694   |       28.58259   |   29:48:16   |   18:16:02   |
187000      |   -2.54619e+06   |   -2.54634e+06   |        156.124   |       26.11655   |       21.15134   |       28.41325   |   29:58:11   |   18:06:36   |
188000      |   -2.54616e+06   |   -2.54634e+06   |        177.847   |       25.73678   |       20.84093   |        29.2302   |   30:07:45   |   17:56:57   |
189000      |   -2.54619e+06   |   -2.54635e+06   |        168.684   |       26.44491   |       21.42299   |       29.98291   |   30:17:19   |   17:47:18   |
190000      |    -2.5462e+06   |   -2.54635e+06   |        146.212   |       25.52387   |       20.97105   |       29.86023   |   30:26:33   |   17:37:28   |
191000      |    -2.5462e+06   |   -2.54636e+06   |        161.689   |       25.95565   |       20.45548   |        29.1286   |   30:35:58   |   17:27:45   |
192000      |    -2.5462e+06   |   -2.54636e+06   |         156.52   |       26.15336   |       20.54152   |        27.8877   |   30:45:17   |   17:17:58   |
193000      |   -2.54617e+06   |   -2.54634e+06   |        170.248   |       25.54344   |       19.95866   |       29.35604   |   30:54:30   |   17:08:08   |
194000      |    -2.5462e+06   |   -2.54635e+06   |        147.365   |       25.69085   |       19.51721   |       29.23597   |   31:03:46   |   16:58:20   |
195000      |    -2.5462e+06   |   -2.54636e+06   |        155.152   |       22.99652   |       19.44502   |       29.15247   |   31:13:08   |   16:48:36   |
196000      |   -2.54617e+06   |   -2.54634e+06   |        164.613   |       23.63243   |       19.83334   |       27.39702   |   31:22:51   |   16:39:03   |
197000      |   -2.54617e+06   |   -2.54634e+06   |        167.896   |       23.16602   |         20.249   |       24.99615   |   31:32:13   |   16:29:19   |
198000      |   -2.54617e+06   |   -2.54634e+06   |         170.45   |       23.53224   |       20.17927   |       29.43372   |   31:41:49   |   16:19:43   |
199000      |   -2.54617e+06   |   -2.54635e+06   |        179.721   |       23.53133   |       19.97863   |       24.72728   |   31:51:22   |   16:10:05   |


Iter        |      Posterior   |     Likelihood   |          Prior   |   divtime_di..   |   divtime_ja..   |      root_time   |    elapsed   |        ETA   |
-------------------------------------------------------------------------------------------------------------------------------------------------------------
200000      |   -2.54618e+06   |   -2.54634e+06   |        153.279   |       22.70372   |       20.39138   |       27.39441   |   32:00:42   |   16:00:21   |
201000      |   -2.54619e+06   |   -2.54634e+06   |        154.821   |       22.09943   |       20.21161   |       27.78688   |   32:10:01   |   15:50:36   |
202000      |   -2.54619e+06   |   -2.54634e+06   |          149.6   |       21.97924   |       20.32479   |       29.41089   |   32:19:23   |   15:40:53   |
203000      |   -2.54618e+06   |   -2.54634e+06   |        164.051   |       21.89022   |        20.0026   |       27.85798   |   32:28:46   |   15:31:11   |
204000      |   -2.54616e+06   |   -2.54634e+06   |        188.026   |       21.61271   |       19.99406   |       29.63213   |   32:38:11   |   15:21:29   |
205000      |   -2.54618e+06   |   -2.54635e+06   |        167.122   |       21.88101   |       20.15263   |       27.37769   |   32:47:42   |   15:11:51   |
206000      |   -2.54616e+06   |   -2.54634e+06   |        183.652   |       21.88887   |        20.0733   |       25.68982   |   32:57:25   |   15:02:18   |
207000      |   -2.54618e+06   |   -2.54634e+06   |        158.627   |       22.13954   |        19.8714   |       24.50745   |   33:07:10   |   14:52:47   |
208000      |   -2.54618e+06   |   -2.54634e+06   |        156.042   |       21.97549   |       19.28828   |       29.14205   |   33:16:49   |   14:43:12   |
209000      |   -2.54619e+06   |   -2.54633e+06   |         146.63   |       21.83065   |       18.90128   |       28.61523   |   33:26:30   |   14:33:38   |
210000      |   -2.54618e+06   |   -2.54635e+06   |        177.843   |       21.08202   |       18.80551   |       27.23811   |   33:35:52   |   14:23:56   |
211000      |   -2.54619e+06   |   -2.54636e+06   |        163.992   |       21.24243   |       18.91777   |       24.28166   |   33:45:22   |   14:14:18   |
212000      |   -2.54619e+06   |   -2.54634e+06   |        150.032   |       21.49382   |       18.92295   |       25.11502   |   33:54:32   |   14:04:31   |
213000      |   -2.54618e+06   |   -2.54634e+06   |        153.172   |       21.73669   |       18.09765   |       24.64983   |   34:03:44   |   13:54:45   |
214000      |   -2.54618e+06   |   -2.54635e+06   |         167.18   |       22.49815   |       18.06038   |       28.70555   |   34:13:19   |   13:45:09   |
215000      |   -2.54619e+06   |   -2.54635e+06   |         152.79   |        21.4473   |       18.58717   |       25.99888   |   34:22:47   |   13:35:31   |
216000      |   -2.54619e+06   |   -2.54634e+06   |        151.607   |       22.21823   |       18.27416   |        27.1962   |   34:32:12   |   13:25:51   |
217000      |   -2.54619e+06   |   -2.54634e+06   |        152.915   |       20.38648   |       18.03202   |       27.51624   |   34:41:48   |   13:16:15   |
218000      |   -2.54616e+06   |   -2.54633e+06   |        172.316   |         20.561   |       18.59094   |       26.53165   |   34:51:19   |   13:06:38   |
219000      |   -2.54617e+06   |   -2.54634e+06   |          173.1   |       20.02301   |       18.47491   |       26.59619   |   35:00:54   |   12:57:02   |


Iter        |      Posterior   |     Likelihood   |          Prior   |   divtime_di..   |   divtime_ja..   |      root_time   |    elapsed   |        ETA   |
-------------------------------------------------------------------------------------------------------------------------------------------------------------
220000      |   -2.54618e+06   |   -2.54634e+06   |        160.567   |       20.05783   |       18.46168   |        26.8425   |   35:10:40   |   12:47:30   |
221000      |   -2.54616e+06   |   -2.54635e+06   |         187.48   |       19.86126   |       17.81467   |       26.08084   |   35:20:34   |   12:38:01   |
222000      |   -2.54617e+06   |   -2.54634e+06   |        174.605   |       20.38893   |       16.83395   |       29.37486   |   35:29:51   |   12:28:19   |
223000      |   -2.54618e+06   |   -2.54633e+06   |        146.798   |       19.91935   |       16.74571   |       27.32935   |   35:39:27   |   12:18:44   |
224000      |   -2.54615e+06   |   -2.54634e+06   |        192.789   |       19.45523   |       16.75196   |        28.0698   |   35:49:22   |   12:09:14   |
225000      |   -2.54621e+06   |   -2.54635e+06   |        138.116   |       18.49393   |       16.68987   |       23.45882   |   35:59:15   |   11:59:45   |
226000      |   -2.54616e+06   |   -2.54634e+06   |        184.595   |       18.49276   |       16.85625   |       29.33405   |   36:09:04   |   11:50:13   |
227000      |   -2.54618e+06   |   -2.54634e+06   |        160.348   |        18.5374   |       16.28933   |       22.44968   |   36:19:00   |   11:40:44   |
228000      |   -2.54619e+06   |   -2.54634e+06   |        144.409   |       18.52298   |        16.5071   |       24.46812   |   36:28:47   |   11:31:11   |
229000      |   -2.54616e+06   |   -2.54634e+06   |        175.666   |       18.47585   |       16.41643   |       25.96145   |   36:38:29   |   11:21:37   |
230000      |   -2.54619e+06   |   -2.54635e+06   |        160.071   |       18.57289   |       16.71866   |       23.26088   |   36:48:13   |   11:12:03   |
231000      |    -2.5462e+06   |   -2.54633e+06   |         137.46   |       18.52502   |       16.77365   |       25.53289   |   36:57:55   |   11:02:29   |
232000      |   -2.54619e+06   |   -2.54634e+06   |        149.511   |       18.49778   |       16.86209   |       26.87783   |   37:07:41   |   10:52:56   |
233000      |   -2.54618e+06   |   -2.54635e+06   |        175.856   |       18.51282   |       16.64707   |       23.51828   |   37:17:27   |   10:43:23   |
234000      |   -2.54615e+06   |   -2.54634e+06   |        190.061   |       18.95192   |       16.70174   |       27.51376   |   37:27:27   |   10:33:53   |
235000      |   -2.54615e+06   |   -2.54634e+06   |        189.473   |        18.9705   |       16.71677   |       27.33616   |   37:37:03   |   10:24:17   |
236000      |   -2.54621e+06   |   -2.54635e+06   |        133.371   |        18.9167   |       16.57836   |       24.79222   |   37:46:20   |   10:14:35   |
237000      |   -2.54617e+06   |   -2.54634e+06   |        170.763   |       18.18787   |       16.39455   |       27.71545   |   37:55:48   |   10:04:57   |
238000      |    -2.5462e+06   |   -2.54634e+06   |        139.186   |       17.83051   |       16.48864   |       24.98943   |   38:05:11   |   09:55:17   |
239000      |   -2.54617e+06   |   -2.54634e+06   |        168.528   |       17.87793   |       16.62261   |       26.59265   |   38:14:42   |   09:45:40   |


Iter        |      Posterior   |     Likelihood   |          Prior   |   divtime_di..   |   divtime_ja..   |      root_time   |    elapsed   |        ETA   |
-------------------------------------------------------------------------------------------------------------------------------------------------------------
240000      |   -2.54619e+06   |   -2.54636e+06   |        173.432   |       17.95033   |       16.95674   |       28.20364   |   38:24:08   |   09:36:02   |
241000      |   -2.54618e+06   |   -2.54635e+06   |        172.706   |       17.71456   |       16.88161   |       29.00315   |   38:33:48   |   09:26:26   |
242000      |   -2.54618e+06   |   -2.54635e+06   |        168.409   |       17.51803   |       16.70816   |       25.56216   |   38:43:42   |   09:16:55   |
243000      |   -2.54619e+06   |   -2.54634e+06   |          153.4   |       17.58812   |       16.54396   |       28.81759   |   38:53:36   |   09:07:23   |
244000      |   -2.54619e+06   |   -2.54634e+06   |        154.067   |       17.64548   |       16.57251   |        26.4546   |   39:03:18   |   08:57:48   |
245000      |    -2.5462e+06   |   -2.54635e+06   |        155.475   |       17.72442   |       16.67183   |       28.18285   |   39:12:58   |   08:48:13   |
246000      |   -2.54617e+06   |   -2.54635e+06   |        182.071   |       17.76867   |       16.75246   |       29.11179   |   39:22:35   |   08:38:36   |
247000      |   -2.54619e+06   |   -2.54635e+06   |        152.734   |       17.88098   |       16.97902   |       25.02811   |   39:32:05   |   08:28:59   |
248000      |    -2.5462e+06   |   -2.54636e+06   |        158.276   |       17.99157   |        16.9965   |        29.9912   |   39:41:36   |   08:19:22   |
249000      |   -2.54618e+06   |   -2.54635e+06   |        168.353   |       18.20784   |       17.04236   |       29.12027   |   39:51:00   |   08:09:43   |
250000      |   -2.54618e+06   |   -2.54635e+06   |        162.923   |       18.41738   |       16.85712   |       27.92024   |   40:00:13   |   08:00:02   |
251000      |   -2.54617e+06   |   -2.54634e+06   |        176.133   |        18.5628   |       16.78867   |       25.23538   |   40:09:28   |   07:50:22   |
252000      |   -2.54617e+06   |   -2.54634e+06   |        169.826   |        18.2317   |       16.58746   |       26.71376   |   40:18:20   |   07:40:38   |
253000      |    -2.5462e+06   |   -2.54635e+06   |        153.448   |       17.71744   |       16.54331   |       29.20345   |   40:27:28   |   07:30:57   |
254000      |   -2.54618e+06   |   -2.54634e+06   |        162.476   |       17.51642   |       16.59825   |       21.67062   |   40:36:39   |   07:21:16   |
255000      |    -2.5462e+06   |   -2.54635e+06   |        146.446   |       17.30996   |         16.717   |       23.69204   |   40:45:48   |   07:11:36   |
256000      |    -2.5462e+06   |   -2.54635e+06   |         149.23   |       17.21702   |       16.79474   |       28.29701   |   40:55:11   |   07:01:59   |
257000      |   -2.54619e+06   |   -2.54635e+06   |        164.118   |       17.30629   |       16.71331   |       25.30765   |   41:04:42   |   06:52:22   |
258000      |    -2.5462e+06   |   -2.54635e+06   |         147.12   |        17.4658   |       16.69891   |       25.45789   |   41:14:06   |   06:42:45   |
259000      |   -2.54619e+06   |   -2.54634e+06   |        150.379   |       17.43659   |       16.51897   |       22.69798   |   41:23:25   |   06:33:07   |


Iter        |      Posterior   |     Likelihood   |          Prior   |   divtime_di..   |   divtime_ja..   |      root_time   |    elapsed   |        ETA   |
-------------------------------------------------------------------------------------------------------------------------------------------------------------
260000      |   -2.54622e+06   |   -2.54635e+06   |        130.665   |       17.39793   |       16.52887   |       23.16572   |   41:32:42   |   06:23:29   |
261000      |   -2.54622e+06   |   -2.54636e+06   |        137.469   |       17.51329   |       16.35512   |        24.8735   |   41:42:23   |   06:13:55   |
262000      |    -2.5462e+06   |   -2.54635e+06   |        153.355   |       17.89102   |       16.22925   |       26.39769   |   41:52:09   |   06:04:21   |
263000      |   -2.54618e+06   |   -2.54635e+06   |        169.373   |       18.61821   |       16.56062   |       26.75052   |   42:01:53   |   05:54:47   |
264000      |   -2.54618e+06   |   -2.54635e+06   |        165.575   |        18.7521   |       16.67947   |       25.27221   |   42:11:28   |   05:45:12   |
265000      |   -2.54618e+06   |   -2.54634e+06   |        166.554   |       18.43789   |       16.93228   |       29.66207   |   42:21:19   |   05:35:38   |
266000      |   -2.54619e+06   |   -2.54635e+06   |        155.673   |       18.97103   |       16.79102   |       28.73753   |   42:31:18   |   05:26:06   |
267000      |   -2.54621e+06   |   -2.54634e+06   |        133.224   |       19.10618   |       16.19661   |       25.25266   |   42:41:13   |   05:16:33   |
268000      |   -2.54619e+06   |   -2.54635e+06   |        162.297   |       18.97316   |       17.16978   |       23.87572   |   42:50:59   |   05:06:58   |
269000      |   -2.54622e+06   |   -2.54636e+06   |        140.137   |       18.58216   |       17.08816   |       22.88796   |   43:00:24   |   04:57:22   |
270000      |   -2.54622e+06   |   -2.54635e+06   |        129.562   |       18.59049   |       17.48442   |       27.86107   |   43:09:49   |   04:47:45   |
271000      |   -2.54619e+06   |   -2.54634e+06   |        153.724   |       18.33829   |       17.38374   |       25.36488   |   43:19:02   |   04:38:07   |
272000      |   -2.54617e+06   |   -2.54634e+06   |        167.449   |       18.43264   |       17.39523   |       26.39451   |   43:27:59   |   04:28:28   |
273000      |   -2.54618e+06   |   -2.54634e+06   |          163.1   |       18.37396   |       17.54454   |       28.00223   |   43:37:13   |   04:18:50   |
274000      |   -2.54618e+06   |   -2.54635e+06   |        170.243   |       18.21643   |       17.49781   |        29.0874   |   43:46:33   |   04:09:14   |
275000      |   -2.54622e+06   |   -2.54635e+06   |        129.288   |       18.15715   |       17.60919   |       22.98711   |   43:55:47   |   03:59:37   |
276000      |   -2.54617e+06   |   -2.54635e+06   |        184.905   |        18.1949   |        17.5976   |       23.67393   |   44:05:04   |   03:50:00   |
277000      |    -2.5462e+06   |   -2.54634e+06   |        142.063   |       18.22551   |       17.52506   |       27.35599   |   44:14:27   |   03:40:24   |
278000      |   -2.54621e+06   |   -2.54635e+06   |        137.795   |       18.16838   |       17.46089   |       24.29443   |   44:24:08   |   03:30:49   |
279000      |    -2.5462e+06   |   -2.54634e+06   |        144.713   |       18.16036   |       17.43129   |       29.24382   |   44:33:55   |   03:21:15   |


Iter        |      Posterior   |     Likelihood   |          Prior   |   divtime_di..   |   divtime_ja..   |      root_time   |    elapsed   |        ETA   |
-------------------------------------------------------------------------------------------------------------------------------------------------------------
280000      |   -2.54617e+06   |   -2.54635e+06   |        181.196   |       18.26161   |       17.52689   |       25.72514   |   44:43:34   |   03:11:41   |
281000      |   -2.54618e+06   |   -2.54634e+06   |         162.76   |       18.34696   |       17.46053   |        29.2991   |   44:52:59   |   03:02:05   |
282000      |   -2.54617e+06   |   -2.54633e+06   |        163.464   |       18.32513   |         17.449   |        26.7257   |   45:02:14   |   02:52:28   |
283000      |   -2.54618e+06   |   -2.54634e+06   |          155.8   |       18.33095   |        17.5787   |       21.61371   |   45:11:32   |   02:42:53   |
284000      |   -2.54622e+06   |   -2.54635e+06   |        126.403   |       18.22808   |       17.51082   |       20.60847   |   45:20:46   |   02:33:16   |
285000      |   -2.54618e+06   |   -2.54634e+06   |        160.908   |       18.21573   |       17.58632   |       21.53956   |   45:30:10   |   02:23:41   |
286000      |   -2.54619e+06   |   -2.54634e+06   |        150.222   |       18.19634   |       17.55739   |       27.75632   |   45:39:46   |   02:14:06   |
287000      |   -2.54618e+06   |   -2.54635e+06   |        165.698   |       18.16086   |       17.55937   |       20.98295   |   45:49:33   |   02:04:32   |
288000      |   -2.54622e+06   |   -2.54635e+06   |        134.702   |       18.17144   |       17.53374   |        21.8411   |   45:59:32   |   01:54:58   |
289000      |   -2.54619e+06   |   -2.54634e+06   |          153.6   |       18.15097   |       17.54887   |       26.81475   |   46:09:12   |   01:45:24   |
290000      |   -2.54618e+06   |   -2.54634e+06   |        162.428   |       18.11476   |       17.50783   |       23.62474   |   46:18:42   |   01:35:49   |
291000      |   -2.54619e+06   |   -2.54634e+06   |        148.537   |       18.17314   |       17.53027   |       28.02998   |   46:28:14   |   01:26:14   |
292000      |   -2.54618e+06   |   -2.54634e+06   |        160.899   |       18.15487   |       17.44068   |       24.30225   |   46:37:45   |   01:16:39   |
293000      |   -2.54618e+06   |   -2.54634e+06   |        160.252   |       18.02306   |       17.39802   |       23.38083   |   46:47:09   |   01:07:03   |
294000      |   -2.54619e+06   |   -2.54634e+06   |        145.209   |       18.20945   |       17.36736   |       28.76747   |   46:56:36   |   00:57:28   |
295000      |   -2.54618e+06   |   -2.54635e+06   |        163.248   |       18.31399   |       17.39252   |       23.97897   |   47:06:12   |   00:47:54   |
296000      |   -2.54617e+06   |   -2.54634e+06   |         162.62   |       18.37083   |       17.29931   |       26.15565   |   47:15:56   |   00:38:19   |
297000      |   -2.54617e+06   |   -2.54634e+06   |        171.063   |       18.31684   |       17.44201   |         26.367   |   47:25:30   |   00:28:44   |
298000      |   -2.54615e+06   |   -2.54634e+06   |         191.01   |       18.34169   |       17.27219   |       27.71281   |   47:35:00   |   00:19:09   |
299000      |   -2.54617e+06   |   -2.54635e+06   |        174.331   |        18.3561   |       17.28089   |       24.61944   |   47:44:45   |   00:09:34   |


Iter        |      Posterior   |     Likelihood   |          Prior   |   divtime_di..   |   divtime_ja..   |      root_time   |    elapsed   |        ETA   |
-------------------------------------------------------------------------------------------------------------------------------------------------------------
300000      |    -2.5462e+06   |   -2.54635e+06   |        149.632   |       18.27868   |       17.18973   |        24.5717   |   47:54:28   |   00:00:00   |
