
RevBayes version (1.1.1)
Build from development (rapture-649-g20534c) on Sun Apr 18 13:22:17 CDT 2021

Visit the website www.RevBayes.com for more information about RevBayes.

RevBayes is free software released under the GPL license, version 3. Type 'license()' for details.

To quit RevBayes type 'quit()' or 'q()'.


> source("scripts/combined_evidence_fbd_clean.Rev")
   Processing file "scripts/combined_evidence_fbd_clean.Rev"
   Successfully read one character matrix from file 'data/nuclear.nex'
   Successfully read one character matrix from file 'data/morpho_clean.nex'
   NOTE: setNumStatesPartition() partitions by the maximum observed state, not the total number of observed states.
   WARNING: There are 18 characters incompatible with the specified coding bias. These characters will be excluded.
   Could not compute lnProb for node fbd_tree.
   (((((Canis_arnensis[&index=23]:11.734823,Canis_latr...

   Drawing new initial states ...
   Could not compute lnProb for node fbd_tree.
   (Urocyon_cinereoargenteus[&index=23]:23.310167,((Ur...

   Drawing new initial states ...
   Could not compute lnProb for node fbd_tree.
   (((Canis_mosbachensis[&index=23]:2.209081,Lycaon_pi...

   Drawing new initial states ...
   Could not compute lnProb for node fbd_tree.
   (Urocyon_cinereoargenteus[&index=23]:23.310167,((Ur...

   Drawing new initial states ...
   Could not compute lnProb for node fbd_tree.
   ((((((Canis_variabilis[&index=23]:4.165806,Lycaon_p...

   Drawing new initial states ...

   Running MCMC simulation
   This simulation runs 2 independent replicates.
   The simulator uses 296 different moves in a random move schedule with 346.767 moves per iteration

Iter        |      Posterior   |     Likelihood   |          Prior   |   divtime_di..   |   divtime_ja..   |      root_time   |    elapsed   |        ETA   |
-------------------------------------------------------------------------------------------------------------------------------------------------------------
0           |   -3.86539e+06   |    -3.8653e+06   |        -86.909   |       20.51133   |       20.51133   |       23.48167   |   00:00:00   |   --:--:--   |
1000        |   -2.54572e+06   |   -2.54585e+06   |        124.605   |       17.31044   |       17.31044   |       29.10348   |   00:09:54   |   --:--:--   |
2000        |    -2.5457e+06   |   -2.54584e+06   |        132.153   |        17.0704   |        17.0704   |       28.26924   |   00:19:34   |   48:35:26   |
3000        |   -2.54573e+06   |   -2.54584e+06   |        106.434   |        17.0472   |        17.0472   |       26.83377   |   00:29:11   |   48:09:09   |
4000        |   -2.54572e+06   |   -2.54584e+06   |        122.012   |       17.05314   |       17.05314   |       29.60296   |   00:38:31   |   47:30:14   |
5000        |   -2.54573e+06   |   -2.54586e+06   |        134.564   |       17.14421   |       17.14421   |       28.99755   |   00:48:07   |   47:18:53   |
6000        |   -2.54573e+06   |   -2.54584e+06   |        114.576   |       16.90502   |       16.90502   |       27.57227   |   00:57:50   |   47:13:50   |
7000        |   -2.54573e+06   |   -2.54584e+06   |        113.068   |       17.35541   |       17.35541   |       26.62679   |   01:07:52   |   47:20:42   |
8000        |   -2.54571e+06   |   -2.54585e+06   |        135.584   |       17.57204   |       17.57204   |       23.13949   |   01:17:43   |   47:16:39   |
9000        |   -2.54569e+06   |   -2.54584e+06   |        145.518   |       17.64763   |       17.64763   |       23.81735   |   01:27:20   |   47:03:46   |
10000       |   -2.54574e+06   |   -2.54585e+06   |        112.362   |       17.57678   |       17.57678   |       25.20811   |   01:36:56   |   46:51:04   |
11000       |   -2.54572e+06   |   -2.54585e+06   |        131.069   |       17.77091   |       17.77091   |       24.40552   |   01:46:23   |   46:34:58   |
12000       |   -2.54571e+06   |   -2.54585e+06   |        135.457   |       17.63942   |       17.63942   |       26.69593   |   01:55:55   |   46:22:00   |
13000       |   -2.54571e+06   |   -2.54584e+06   |        137.806   |         18.151   |         18.151   |       29.42185   |   02:05:24   |   46:08:26   |
14000       |   -2.54574e+06   |   -2.54585e+06   |        105.512   |       18.40514   |       18.40514   |        25.5098   |   02:14:55   |   45:56:09   |
15000       |   -2.54574e+06   |   -2.54585e+06   |        113.613   |       18.15306   |       18.15306   |       26.02567   |   02:24:41   |   45:48:59   |
16000       |   -2.54573e+06   |   -2.54584e+06   |        119.287   |       18.25602   |       18.25602   |       26.31357   |   02:34:29   |   45:42:04   |
17000       |   -2.54571e+06   |   -2.54584e+06   |        135.303   |       18.63343   |       18.63343   |       25.53812   |   02:44:01   |   45:30:23   |
18000       |    -2.5457e+06   |   -2.54584e+06   |        135.735   |       18.09429   |       18.09429   |       25.64274   |   02:53:25   |   45:16:51   |
19000       |   -2.54572e+06   |   -2.54584e+06   |        120.124   |       17.70596   |       17.70596   |       25.00877   |   03:02:43   |   45:02:16   |


Iter        |      Posterior   |     Likelihood   |          Prior   |   divtime_di..   |   divtime_ja..   |      root_time   |    elapsed   |        ETA   |
-------------------------------------------------------------------------------------------------------------------------------------------------------------
20000       |   -2.54571e+06   |   -2.54585e+06   |        135.694   |       17.72617   |       17.72617   |       29.41626   |   03:11:51   |   44:45:54   |
21000       |   -2.54573e+06   |   -2.54584e+06   |        116.191   |       17.73773   |       17.73773   |       26.30084   |   03:21:07   |   44:31:58   |
22000       |   -2.54571e+06   |   -2.54584e+06   |        131.312   |       17.65516   |       17.65516   |       27.88372   |   03:30:28   |   44:19:32   |
23000       |   -2.54571e+06   |   -2.54584e+06   |        132.784   |       17.63453   |       17.63453   |       27.28224   |   03:39:45   |   44:06:33   |
24000       |    -2.5457e+06   |   -2.54583e+06   |        126.362   |       17.60027   |       17.60027   |        25.1049   |   03:49:08   |   43:55:02   |
25000       |    -2.5457e+06   |   -2.54584e+06   |        139.681   |       17.50923   |       17.50923   |       29.18434   |   03:58:28   |   43:43:08   |
26000       |   -2.54572e+06   |   -2.54584e+06   |        121.885   |       17.49932   |       17.49932   |       23.63812   |   04:07:56   |   43:32:50   |
27000       |    -2.5457e+06   |   -2.54584e+06   |        138.741   |       17.35957   |       17.35957   |       27.13778   |   04:17:18   |   43:21:35   |
28000       |    -2.5457e+06   |   -2.54582e+06   |        118.569   |       17.75395   |       17.75395   |        29.6531   |   04:27:01   |   43:13:52   |
29000       |   -2.54571e+06   |   -2.54583e+06   |        118.162   |       17.77432   |       17.77432   |       23.91631   |   04:36:54   |   43:07:34   |
30000       |   -2.54571e+06   |   -2.54583e+06   |        128.873   |       17.38435   |       17.38435   |       23.87653   |   04:46:25   |   42:57:45   |
31000       |    -2.5457e+06   |   -2.54583e+06   |        129.441   |       16.73003   |       16.73003   |       24.60455   |   04:55:52   |   42:47:21   |
32000       |   -2.54573e+06   |   -2.54584e+06   |        110.068   |       15.65815   |       15.65815   |       29.14346   |   05:05:04   |   42:34:56   |
33000       |   -2.54574e+06   |   -2.54584e+06   |         98.087   |       15.66126   |       15.66126   |       23.74913   |   05:14:18   |   42:22:58   |
34000       |   -2.54572e+06   |   -2.54584e+06   |        111.605   |       15.50464   |       15.50464   |       27.63278   |   05:23:34   |   42:11:26   |
35000       |   -2.54572e+06   |   -2.54584e+06   |         123.49   |       15.49854   |       15.49854   |       26.31664   |   05:32:32   |   41:57:45   |
36000       |    -2.5457e+06   |   -2.54583e+06   |        129.071   |       15.50414   |       15.50414   |       29.11002   |   05:41:52   |   41:47:01   |
37000       |   -2.54571e+06   |   -2.54583e+06   |        120.217   |       15.47746   |       15.47746   |       28.52861   |   05:51:09   |   41:36:00   |
38000       |   -2.54571e+06   |   -2.54582e+06   |        110.566   |       15.81921   |       15.81921   |       26.61621   |   06:00:26   |   41:25:05   |
39000       |   -2.54571e+06   |   -2.54583e+06   |        118.535   |       15.72041   |       15.72041   |       27.93756   |   06:09:42   |   41:14:08   |


Iter        |      Posterior   |     Likelihood   |          Prior   |   divtime_di..   |   divtime_ja..   |      root_time   |    elapsed   |        ETA   |
-------------------------------------------------------------------------------------------------------------------------------------------------------------
40000       |    -2.5457e+06   |   -2.54582e+06   |        121.746   |       15.72175   |       15.72175   |       25.05513   |   06:19:02   |   41:03:43   |
41000       |   -2.54574e+06   |   -2.54583e+06   |        85.7491   |       15.73932   |       15.73932   |       25.47209   |   06:28:19   |   40:53:01   |
42000       |   -2.54571e+06   |   -2.54582e+06   |        110.384   |       15.77573   |       15.77573   |       25.20359   |   06:37:43   |   40:43:06   |
43000       |   -2.54572e+06   |   -2.54583e+06   |        107.363   |        15.7486   |        15.7486   |        28.4117   |   06:47:11   |   40:33:37   |
44000       |   -2.54571e+06   |   -2.54582e+06   |        110.495   |       15.70246   |       15.70246   |       26.57159   |   06:56:37   |   40:23:57   |
45000       |   -2.54573e+06   |   -2.54583e+06   |        97.6866   |       15.63447   |       15.63447   |       29.92757   |   07:06:00   |   40:14:00   |
46000       |    -2.5457e+06   |   -2.54582e+06   |        120.056   |       15.53083   |       15.53083   |        26.9005   |   07:15:12   |   40:03:03   |
47000       |   -2.54469e+06   |   -2.54478e+06   |        92.1776   |       16.21294   |       15.36853   |       25.60928   |   07:24:20   |   39:51:50   |
48000       |   -2.54465e+06   |   -2.54477e+06   |        121.548   |       16.19483   |       15.44563   |       24.18346   |   07:33:41   |   39:41:50   |
49000       |   -2.54466e+06   |   -2.54477e+06   |        109.174   |       16.18651   |       15.35338   |       28.03227   |   07:43:04   |   39:32:02   |
50000       |   -2.54466e+06   |   -2.54477e+06   |        109.917   |        16.1532   |       15.33687   |       29.37947   |   07:52:26   |   39:22:10   |
51000       |   -2.54466e+06   |   -2.54477e+06   |        116.848   |       16.10001   |       15.21815   |       26.13888   |   08:01:46   |   39:12:09   |
52000       |   -2.54469e+06   |   -2.54478e+06   |        95.8503   |       16.45729   |       15.33679   |       28.25063   |   08:11:08   |   39:02:19   |
53000       |   -2.54468e+06   |   -2.54478e+06   |         97.127   |       16.60091   |       15.43956   |       26.68425   |   08:20:30   |   38:52:31   |
54000       |   -2.54466e+06   |   -2.54478e+06   |        114.617   |       16.81733   |       15.27871   |       27.48633   |   08:29:43   |   38:42:02   |
55000       |   -2.54467e+06   |   -2.54478e+06   |        109.345   |       16.62376   |       15.38885   |       27.95799   |   08:39:06   |   38:32:21   |
56000       |   -2.54466e+06   |   -2.54477e+06   |        107.018   |       16.69398   |       15.12904   |       29.88502   |   08:48:30   |   38:22:45   |
57000       |   -2.54468e+06   |   -2.54477e+06   |         89.016   |       17.04296   |       15.20741   |       28.62382   |   08:57:54   |   38:13:09   |
58000       |   -2.54466e+06   |   -2.54478e+06   |        121.627   |       17.27616   |       15.39176   |       26.43764   |   09:07:25   |   38:04:02   |
59000       |   -2.54467e+06   |   -2.54478e+06   |        115.101   |       17.06006   |        15.3378   |       26.99973   |   09:16:46   |   37:54:15   |


Iter        |      Posterior   |     Likelihood   |          Prior   |   divtime_di..   |   divtime_ja..   |      root_time   |    elapsed   |        ETA   |
-------------------------------------------------------------------------------------------------------------------------------------------------------------
60000       |   -2.54466e+06   |   -2.54477e+06   |        108.064   |       17.31097   |       15.13705   |       28.62382   |   09:26:05   |   37:44:20   |
61000       |   -2.54467e+06   |   -2.54478e+06   |         104.51   |       17.93718   |       14.67921   |       27.81608   |   09:35:26   |   37:34:34   |
62000       |   -2.54465e+06   |   -2.54477e+06   |        116.951   |       17.73984   |       14.56476   |       27.22642   |   09:44:46   |   37:24:44   |
63000       |   -2.54468e+06   |   -2.54477e+06   |        93.2801   |       17.81629   |       14.42847   |       26.72592   |   09:54:17   |   37:15:38   |
64000       |   -2.54469e+06   |   -2.54479e+06   |        102.194   |       17.44583   |       14.49182   |       28.07614   |   10:03:53   |   37:06:49   |
65000       |   -2.54466e+06   |   -2.54478e+06   |        122.859   |       17.58933   |       14.56136   |       28.20929   |   10:13:07   |   36:56:39   |
66000       |   -2.54467e+06   |   -2.54479e+06   |        117.477   |       17.49895   |       14.66842   |       28.23866   |   10:22:33   |   36:47:13   |
67000       |    -2.5447e+06   |   -2.54479e+06   |        86.6275   |       18.02438   |        14.5458   |       28.65532   |   10:31:55   |   36:37:33   |
68000       |    -2.5447e+06   |   -2.54479e+06   |        96.5988   |       17.77602   |       14.46356   |       27.10121   |   10:41:15   |   36:27:47   |
69000       |   -2.54467e+06   |   -2.54478e+06   |        117.468   |       17.80043   |       14.49053   |        28.3916   |   10:50:33   |   36:17:55   |
70000       |   -2.54468e+06   |   -2.54478e+06   |        95.8708   |       17.08279   |         14.481   |       29.54252   |   11:00:02   |   36:08:40   |
71000       |   -2.54469e+06   |   -2.54478e+06   |        95.7792   |       17.56335   |       14.66686   |       29.25938   |   11:09:24   |   35:59:03   |
72000       |   -2.54466e+06   |   -2.54478e+06   |        127.051   |       17.83274   |       14.64554   |       27.51295   |   11:18:54   |   35:49:51   |
73000       |   -2.54467e+06   |   -2.54478e+06   |         111.84   |       16.93256   |       14.65464   |       27.31573   |   11:28:04   |   35:39:36   |
74000       |   -2.54467e+06   |   -2.54478e+06   |        112.594   |       16.67497   |       14.86654   |       28.01825   |   11:37:14   |   35:29:23   |
75000       |   -2.54471e+06   |   -2.54478e+06   |        69.5197   |       16.75225   |       14.67761   |       27.02659   |   11:46:31   |   35:19:33   |
76000       |   -2.54467e+06   |   -2.54478e+06   |        104.609   |       16.77071   |       14.74426   |       29.10643   |   11:55:45   |   35:09:34   |
77000       |   -2.54467e+06   |   -2.54478e+06   |         107.18   |       16.74047   |       14.83592   |       27.38623   |   12:05:04   |   34:59:52   |
78000       |   -2.54469e+06   |   -2.54477e+06   |          84.53   |       16.46144   |       14.67184   |        26.6808   |   12:14:38   |   34:50:52   |
79000       |   -2.54466e+06   |   -2.54478e+06   |        122.923   |       16.22435   |       14.49707   |       26.39058   |   12:24:21   |   34:42:17   |


Iter        |      Posterior   |     Likelihood   |          Prior   |   divtime_di..   |   divtime_ja..   |      root_time   |    elapsed   |        ETA   |
-------------------------------------------------------------------------------------------------------------------------------------------------------------
80000       |   -2.54464e+06   |   -2.54478e+06   |        140.076   |       16.74987   |       14.28785   |       28.08512   |   12:33:47   |   34:32:54   |
81000       |   -2.54465e+06   |   -2.54477e+06   |        118.468   |       16.85255   |       14.22159   |       29.20041   |   12:43:05   |   34:23:09   |
82000       |   -2.54468e+06   |   -2.54478e+06   |        99.5572   |        17.0154   |       14.49182   |       29.26934   |   12:52:39   |   34:14:07   |
83000       |    -2.5447e+06   |   -2.54478e+06   |        76.4786   |       17.37943   |       14.17306   |       26.02475   |   13:02:00   |   34:04:30   |
84000       |   -2.54468e+06   |   -2.54477e+06   |        99.2539   |       17.67696   |       13.83614   |       29.40329   |   13:11:07   |   33:54:17   |
85000       |   -2.54468e+06   |   -2.54478e+06   |        94.8719   |       17.39795   |       13.65448   |       27.55531   |   13:20:12   |   33:44:02   |
86000       |    -2.5447e+06   |   -2.54478e+06   |        84.3432   |       17.31807   |       13.77406   |       25.73782   |   13:29:12   |   33:33:35   |
87000       |   -2.54469e+06   |   -2.54479e+06   |        101.717   |       17.26544   |       14.20696   |       25.95289   |   13:38:15   |   33:23:18   |
88000       |   -2.54467e+06   |   -2.54478e+06   |        119.569   |       17.28453   |        13.8628   |       29.69415   |   13:47:05   |   33:12:31   |
89000       |   -2.54468e+06   |   -2.54479e+06   |        117.811   |        17.1828   |        13.9312   |       25.16628   |   13:55:56   |   33:01:49   |
90000       |   -2.54468e+06   |   -2.54478e+06   |        103.343   |       16.99485   |       13.42816   |       28.52788   |   14:04:44   |   32:51:02   |
91000       |   -2.54468e+06   |   -2.54478e+06   |        105.169   |       16.93343   |       13.60487   |        27.1118   |   14:13:29   |   32:40:11   |
92000       |    -2.5447e+06   |   -2.54479e+06   |        80.8929   |        16.8602   |       13.41222   |       26.53279   |   14:22:19   |   32:29:35   |
93000       |    -2.5447e+06   |   -2.54479e+06   |        92.7633   |       16.75242   |       13.24201   |       29.65261   |   14:31:16   |   32:19:16   |
94000       |   -2.54466e+06   |   -2.54478e+06   |        120.117   |        16.8265   |       13.25973   |       24.68643   |   14:40:14   |   32:09:01   |
95000       |   -2.54468e+06   |   -2.54479e+06   |        108.722   |       16.82639   |        13.2834   |       29.37888   |   14:49:07   |   31:58:37   |
96000       |   -2.54466e+06   |   -2.54478e+06   |        115.728   |       16.49263   |          13.37   |       25.58766   |   14:58:07   |   31:48:29   |
97000       |   -2.54467e+06   |   -2.54478e+06   |        113.399   |       16.27737   |       13.38181   |        26.5405   |   15:07:03   |   31:38:15   |
98000       |   -2.54466e+06   |   -2.54478e+06   |         114.48   |       16.51756   |       13.14625   |       28.37421   |   15:15:59   |   31:28:02   |
99000       |   -2.54467e+06   |   -2.54478e+06   |        108.327   |       16.11768   |        13.3064   |       26.08708   |   15:25:00   |   31:18:01   |


Iter        |      Posterior   |     Likelihood   |          Prior   |   divtime_di..   |   divtime_ja..   |      root_time   |    elapsed   |        ETA   |
-------------------------------------------------------------------------------------------------------------------------------------------------------------
100000      |   -2.54467e+06   |   -2.54478e+06   |        107.345   |       15.95418   |       13.24524   |       28.04168   |   15:33:58   |   31:07:56   |
101000      |   -2.54469e+06   |   -2.54477e+06   |        79.6423   |       15.98562   |       13.04992   |       25.25813   |   15:42:59   |   30:57:57   |
102000      |   -2.54466e+06   |   -2.54478e+06   |        116.021   |       16.04783   |       12.99425   |        27.7428   |   15:52:06   |   30:48:11   |
103000      |   -2.54467e+06   |   -2.54478e+06   |        113.901   |       16.05767   |       12.90778   |        24.7857   |   16:01:21   |   30:38:41   |
104000      |   -2.54469e+06   |   -2.54479e+06   |        99.2668   |       16.08323   |       12.90695   |       24.58781   |   16:10:27   |   30:28:55   |
105000      |   -2.54468e+06   |   -2.54478e+06   |        102.964   |       16.32265   |        12.9092   |       26.72788   |   16:19:30   |   30:19:04   |
106000      |   -2.54469e+06   |   -2.54478e+06   |        95.6582   |       16.37763   |       12.90592   |        25.6736   |   16:28:39   |   30:09:24   |
107000      |   -2.54467e+06   |   -2.54478e+06   |        108.334   |       16.41532   |       12.93055   |       27.85106   |   16:37:44   |   29:59:38   |
108000      |   -2.54467e+06   |   -2.54479e+06   |        120.658   |       16.38275   |       12.90727   |       29.45357   |   16:47:01   |   29:50:15   |
109000      |   -2.54438e+06   |    -2.5445e+06   |         113.34   |       16.19553   |       13.00521   |       28.08398   |   16:56:10   |   29:40:37   |
110000      |   -2.54439e+06   |    -2.5445e+06   |        111.388   |       16.06857   |        13.0066   |       25.87921   |   17:05:26   |   29:31:12   |
111000      |   -2.54438e+06   |    -2.5445e+06   |        125.862   |       16.11483   |       12.98844   |       24.69284   |   17:14:20   |   29:21:09   |
112000      |   -2.54442e+06   |   -2.54452e+06   |        98.7506   |       16.15566   |       13.01502   |       29.52396   |   17:23:08   |   29:10:58   |
113000      |   -2.54438e+06   |    -2.5445e+06   |        120.656   |       15.96507   |       13.00163   |       27.63824   |   17:32:07   |   29:01:06   |
114000      |   -2.54438e+06   |    -2.5445e+06   |        126.215   |       15.98969   |       12.98957   |       25.72567   |   17:40:57   |   28:51:01   |
115000      |   -2.54439e+06   |    -2.5445e+06   |        109.805   |       16.18123   |       13.10283   |       29.72534   |   17:49:45   |   28:40:54   |
116000      |   -2.54439e+06   |    -2.5445e+06   |         109.32   |       16.37221   |       13.16664   |       28.05078   |   17:58:33   |   28:30:48   |
117000      |   -2.54437e+06   |    -2.5445e+06   |        129.246   |       16.39091   |       13.13601   |       25.04299   |   18:07:23   |   28:20:46   |
118000      |    -2.5444e+06   |   -2.54451e+06   |        109.698   |        16.4619   |       13.19913   |       28.08763   |   18:16:13   |   28:10:46   |
119000      |   -2.54439e+06   |   -2.54451e+06   |        118.291   |       16.35252   |       13.20823   |       26.80726   |   18:25:02   |   28:00:45   |


Iter        |      Posterior   |     Likelihood   |          Prior   |   divtime_di..   |   divtime_ja..   |      root_time   |    elapsed   |        ETA   |
-------------------------------------------------------------------------------------------------------------------------------------------------------------
120000      |   -2.54441e+06   |    -2.5445e+06   |        89.5021   |       16.20182   |       13.34022   |       27.21133   |   18:33:57   |   27:50:55   |
121000      |    -2.5444e+06   |   -2.54451e+06   |        108.198   |       16.21553   |       13.42182   |       25.48113   |   18:42:47   |   27:40:58   |
122000      |   -2.54437e+06   |   -2.54451e+06   |         138.07   |       16.13633   |        13.3887   |        29.0049   |   18:51:33   |   27:30:57   |
123000      |   -2.54437e+06   |    -2.5445e+06   |        128.879   |       16.30285   |       13.40307   |       29.39702   |   19:00:18   |   27:20:55   |
124000      |    -2.5444e+06   |   -2.54451e+06   |        111.216   |       16.30114   |       13.46169   |       26.75223   |   19:08:58   |   27:10:47   |
125000      |   -2.54438e+06   |    -2.5445e+06   |          116.8   |       16.27914   |       13.51997   |       28.68051   |   19:17:35   |   27:00:37   |
126000      |   -2.54443e+06   |   -2.54451e+06   |        86.8784   |       16.24077   |       13.38988   |       29.34585   |   19:26:13   |   26:50:29   |
127000      |    -2.5444e+06   |   -2.54452e+06   |        119.633   |       16.14165   |       13.42373   |       26.58232   |   19:34:54   |   26:40:27   |
128000      |    -2.5444e+06   |   -2.54451e+06   |        108.656   |       16.24213   |       13.35197   |       25.48753   |   19:43:18   |   26:30:03   |
129000      |   -2.54438e+06   |    -2.5445e+06   |        118.683   |       16.29439   |       13.20785   |       28.90652   |   19:51:55   |   26:19:58   |
130000      |   -2.54441e+06   |   -2.54451e+06   |        99.4076   |       16.42274   |       13.14081   |       29.20415   |   20:00:36   |   26:10:00   |
131000      |   -2.54439e+06   |    -2.5445e+06   |        116.691   |       16.53259   |       13.30016   |       25.84854   |   20:09:18   |   26:00:05   |
132000      |   -2.54438e+06   |    -2.5445e+06   |        118.026   |       16.51851   |        13.3044   |       25.22498   |   20:18:11   |   25:50:24   |
133000      |    -2.5444e+06   |   -2.54451e+06   |        112.501   |       16.74714   |       13.28726   |       26.19353   |   20:27:25   |   25:41:11   |
134000      |   -2.54439e+06   |   -2.54451e+06   |        116.483   |       16.34298   |       13.25555   |       26.25971   |   20:36:35   |   25:31:53   |
135000      |   -2.54439e+06   |   -2.54451e+06   |        112.084   |        16.3502   |       13.27619   |       25.67214   |   20:45:39   |   25:22:27   |
136000      |   -2.54438e+06   |    -2.5445e+06   |        111.957   |       16.55409   |       13.17197   |       27.39396   |   20:54:35   |   25:12:52   |
137000      |   -2.54438e+06   |   -2.54451e+06   |        129.389   |       16.59308   |        13.1271   |       29.57018   |   21:03:24   |   25:03:10   |
138000      |   -2.54441e+06   |   -2.54451e+06   |        99.8212   |       16.61336   |        13.0874   |       28.99267   |   21:12:20   |   24:53:36   |
139000      |   -2.54439e+06   |   -2.54451e+06   |        125.343   |       16.64053   |       13.10723   |       28.32389   |   21:21:08   |   24:43:54   |


Iter        |      Posterior   |     Likelihood   |          Prior   |   divtime_di..   |   divtime_ja..   |      root_time   |    elapsed   |        ETA   |
-------------------------------------------------------------------------------------------------------------------------------------------------------------
140000      |   -2.54442e+06   |   -2.54451e+06   |        92.1599   |       16.72676   |        13.3349   |       26.08744   |   21:29:54   |   24:34:10   |
141000      |    -2.5444e+06   |   -2.54451e+06   |         109.74   |       16.68483   |       13.40598   |       28.36419   |   21:38:43   |   24:24:30   |
142000      |   -2.54437e+06   |    -2.5445e+06   |        135.103   |        16.4385   |       13.38918   |       28.95234   |   21:47:26   |   24:14:44   |
143000      |   -2.54437e+06   |    -2.5445e+06   |        122.502   |        16.5168   |       13.29434   |       25.26238   |   21:56:10   |   24:05:01   |
144000      |   -2.54438e+06   |    -2.5445e+06   |        113.513   |       16.86342   |       13.32977   |       27.77596   |   22:04:55   |   23:55:19   |
145000      |   -2.54439e+06   |    -2.5445e+06   |        109.069   |       17.03699   |       13.46594   |        25.0962   |   22:13:40   |   23:45:38   |
146000      |   -2.54441e+06   |    -2.5445e+06   |        86.2831   |       17.07297   |       13.47504   |       27.90562   |   22:22:30   |   23:36:03   |
147000      |    -2.5444e+06   |   -2.54451e+06   |        110.432   |       17.11592   |       13.31434   |       26.76834   |   22:31:14   |   23:26:23   |
148000      |   -2.54441e+06   |    -2.5445e+06   |        95.1224   |       16.89327   |       13.93708   |       26.96648   |   22:39:59   |   23:16:44   |
149000      |    -2.5444e+06   |    -2.5445e+06   |        104.405   |       17.11019   |       14.11903   |       28.97804   |   22:48:42   |   23:07:04   |
150000      |   -2.54441e+06   |   -2.54451e+06   |        101.971   |       17.20962   |       14.21542   |       29.07716   |   22:57:29   |   22:57:29   |
151000      |   -2.54439e+06   |    -2.5445e+06   |        117.205   |       17.10771   |       14.15903   |       26.38255   |   23:06:11   |   22:47:49   |
152000      |   -2.54439e+06   |   -2.54451e+06   |         115.35   |       17.09791   |       14.05319   |       24.96768   |   23:14:48   |   22:38:05   |
153000      |   -2.54438e+06   |    -2.5445e+06   |        121.887   |       17.30595   |       14.19326   |       25.05811   |   23:23:32   |   22:28:29   |
154000      |   -2.54441e+06   |   -2.54451e+06   |        97.1121   |        17.3326   |        14.4121   |       26.06063   |   23:32:32   |   22:19:09   |
155000      |    -2.5444e+06   |   -2.54451e+06   |        112.298   |       17.10662   |       14.83428   |       27.11541   |   23:41:22   |   22:09:39   |
156000      |   -2.54441e+06   |   -2.54451e+06   |        105.634   |       17.19533   |       14.65565   |       27.06835   |   23:50:08   |   22:00:07   |
157000      |   -2.54442e+06   |   -2.54452e+06   |        99.6249   |       17.62637   |       14.49986   |       25.15039   |   23:58:54   |   21:50:35   |
158000      |    -2.5444e+06   |   -2.54452e+06   |         116.46   |       17.54177   |       14.45562   |        27.3948   |   24:07:46   |   21:41:09   |
159000      |   -2.54441e+06   |   -2.54452e+06   |        105.285   |       18.35027   |       14.54804   |       26.34285   |   24:16:35   |   21:31:41   |


Iter        |      Posterior   |     Likelihood   |          Prior   |   divtime_di..   |   divtime_ja..   |      root_time   |    elapsed   |        ETA   |
-------------------------------------------------------------------------------------------------------------------------------------------------------------
160000      |    -2.5444e+06   |    -2.5445e+06   |        107.179   |       17.97276   |       14.76466   |       27.52807   |   24:25:27   |   21:22:16   |
161000      |   -2.54439e+06   |   -2.54452e+06   |         124.02   |       17.71564   |       14.42314   |        27.0727   |   24:34:13   |   21:12:46   |
162000      |   -2.54438e+06   |   -2.54451e+06   |        133.588   |       17.50069   |       14.29048   |       29.61512   |   24:42:57   |   21:03:15   |
163000      |   -2.54438e+06   |    -2.5445e+06   |        125.672   |       18.09159   |       14.59053   |       28.40981   |   24:51:45   |   20:53:48   |
164000      |   -2.54439e+06   |   -2.54451e+06   |        117.569   |       17.25579   |       14.99445   |       27.57132   |   25:00:33   |   20:44:21   |
165000      |   -2.54439e+06   |    -2.5445e+06   |        114.744   |       17.43161   |       15.35646   |       29.04176   |   25:09:18   |   20:34:52   |
166000      |   -2.54438e+06   |    -2.5445e+06   |         121.27   |       17.62969   |       16.16097   |       28.69067   |   25:18:11   |   20:25:31   |
167000      |    -2.5444e+06   |   -2.54451e+06   |        109.823   |       17.61332   |       16.65926   |       26.34854   |   25:27:05   |   20:16:10   |
168000      |   -2.54438e+06   |    -2.5445e+06   |        126.819   |       17.44334   |       16.79144   |       27.98677   |   25:35:54   |   20:06:46   |
169000      |   -2.54437e+06   |    -2.5445e+06   |        137.366   |       17.48124   |       16.73865   |       29.83166   |   25:44:46   |   19:57:25   |
170000      |    -2.5444e+06   |   -2.54451e+06   |        105.465   |       17.39852   |       16.78431   |       29.08946   |   25:53:32   |   19:47:59   |
171000      |   -2.54438e+06   |   -2.54451e+06   |        132.999   |       17.44936   |       16.78352   |       29.17433   |   26:02:16   |   19:38:33   |
172000      |   -2.54438e+06   |   -2.54451e+06   |        126.361   |        17.5501   |       16.59623   |       27.65752   |   26:11:30   |   19:29:29   |
173000      |    -2.5444e+06   |   -2.54451e+06   |        116.852   |       17.70498   |       16.49364   |       28.60722   |   26:20:13   |   19:20:02   |
174000      |   -2.54439e+06   |   -2.54451e+06   |        121.554   |         17.494   |       16.35728   |       27.32947   |   26:29:04   |   19:10:42   |
175000      |    -2.5444e+06   |   -2.54452e+06   |        111.501   |       17.36945   |       15.84218   |       28.71356   |   26:37:54   |   19:01:21   |
176000      |    -2.5444e+06   |   -2.54451e+06   |        113.053   |        17.2111   |       15.95666   |       28.39862   |   26:46:36   |   18:51:55   |
177000      |   -2.54441e+06   |   -2.54451e+06   |        95.7867   |       17.22157   |       16.19786   |       28.92724   |   26:55:26   |   18:42:35   |
178000      |   -2.54436e+06   |    -2.5445e+06   |        134.963   |       17.10623   |       15.61246   |       29.10726   |   27:04:20   |   18:33:18   |
179000      |   -2.54436e+06   |    -2.5445e+06   |        138.658   |       17.23164   |       15.13917   |       28.88437   |   27:13:16   |   18:24:03   |


Iter        |      Posterior   |     Likelihood   |          Prior   |   divtime_di..   |   divtime_ja..   |      root_time   |    elapsed   |        ETA   |
-------------------------------------------------------------------------------------------------------------------------------------------------------------
180000      |   -2.54438e+06   |    -2.5445e+06   |        116.613   |       16.74285   |        14.9486   |       28.45127   |   27:22:11   |   18:14:47   |
181000      |   -2.54438e+06   |   -2.54451e+06   |        130.446   |       17.47492   |       14.28411   |       28.55807   |   27:30:59   |   18:05:27   |
182000      |    -2.5444e+06   |    -2.5445e+06   |         100.45   |        18.0288   |       13.94411   |       29.96163   |   27:39:50   |   17:56:09   |
183000      |    -2.5444e+06   |   -2.54451e+06   |        107.788   |        17.0367   |       13.38562   |       28.86461   |   27:48:36   |   17:46:48   |
184000      |   -2.54437e+06   |    -2.5445e+06   |         134.54   |       17.28002   |        13.5247   |       29.10732   |   27:57:26   |   17:37:30   |
185000      |   -2.54438e+06   |    -2.5445e+06   |        122.245   |       17.91632   |       13.36822   |       29.26611   |   28:06:24   |   17:28:18   |
186000      |    -2.5444e+06   |    -2.5445e+06   |        102.748   |       18.32184   |       13.21945   |       29.82216   |   28:15:21   |   17:19:05   |
187000      |   -2.54437e+06   |    -2.5445e+06   |        131.727   |       18.87247   |        13.3517   |        28.1817   |   28:24:12   |   17:09:48   |
188000      |   -2.54437e+06   |    -2.5445e+06   |        132.309   |       18.50998   |       13.22084   |       28.78563   |   28:33:04   |   17:00:33   |
189000      |   -2.54439e+06   |   -2.54451e+06   |        111.709   |        19.0539   |       13.33355   |       28.84942   |   28:41:48   |   16:51:12   |
190000      |    -2.5444e+06   |   -2.54451e+06   |        104.797   |       19.54789   |       13.34853   |        29.9323   |   28:50:32   |   16:41:53   |
191000      |   -2.54439e+06   |   -2.54451e+06   |        126.282   |       19.91945   |       13.30014   |       28.96028   |   28:59:22   |   16:32:37   |
192000      |   -2.54439e+06   |   -2.54451e+06   |        116.934   |       20.19679   |       13.26746   |       29.32646   |   29:08:12   |   16:23:21   |
193000      |   -2.54438e+06   |    -2.5445e+06   |        125.253   |       20.49711   |       13.39135   |       29.96434   |   29:16:59   |   16:14:04   |
194000      |   -2.54441e+06   |   -2.54452e+06   |        114.877   |        19.9324   |       13.42715   |       29.12936   |   29:25:47   |   16:04:48   |
195000      |   -2.54439e+06   |    -2.5445e+06   |        116.011   |        19.6169   |       13.41806   |       29.83021   |   29:34:35   |   15:55:32   |
196000      |   -2.54438e+06   |    -2.5445e+06   |        124.814   |       19.96684   |       13.34069   |       28.91841   |   29:43:22   |   15:46:16   |
197000      |   -2.54438e+06   |    -2.5445e+06   |        129.723   |       20.40176   |       13.43791   |       29.44654   |   29:52:08   |   15:37:00   |
198000      |   -2.54439e+06   |   -2.54451e+06   |        126.171   |       20.05464   |       13.58656   |       29.95777   |   30:00:58   |   15:27:46   |
199000      |   -2.54439e+06   |    -2.5445e+06   |        114.409   |       19.92805   |       13.66835   |       29.84561   |   30:09:48   |   15:18:32   |


Iter        |      Posterior   |     Likelihood   |          Prior   |   divtime_di..   |   divtime_ja..   |      root_time   |    elapsed   |        ETA   |
-------------------------------------------------------------------------------------------------------------------------------------------------------------
200000      |   -2.54438e+06   |    -2.5445e+06   |        126.198   |       18.97283   |       13.55457   |       28.32852   |   30:18:38   |   15:09:19   |
201000      |   -2.54438e+06   |   -2.54451e+06   |        125.094   |       18.79916   |       13.57854   |       29.25316   |   30:27:35   |   15:00:09   |
202000      |   -2.54438e+06   |    -2.5445e+06   |        123.319   |       18.93201   |        13.5983   |       29.85628   |   30:36:28   |   14:50:57   |
203000      |   -2.54436e+06   |    -2.5445e+06   |        135.191   |       19.72838   |       13.59113   |       29.52596   |   30:45:25   |   14:41:48   |
204000      |   -2.54438e+06   |    -2.5445e+06   |        118.135   |       19.99794   |       13.62402   |       27.51728   |   30:54:23   |   14:32:39   |
205000      |   -2.54439e+06   |    -2.5445e+06   |         107.81   |        19.9826   |       13.81492   |       28.30595   |   31:03:09   |   14:23:24   |
206000      |   -2.54439e+06   |   -2.54451e+06   |        127.566   |       19.06411   |       13.81983   |       27.90277   |   31:11:49   |   14:14:07   |
207000      |   -2.54439e+06   |   -2.54451e+06   |        123.933   |       19.75137   |       13.80355   |       27.81318   |   31:20:29   |   14:04:51   |
208000      |   -2.54439e+06   |   -2.54451e+06   |         127.64   |       19.73561   |       13.83527   |       29.17943   |   31:29:13   |   13:55:36   |
209000      |   -2.54437e+06   |    -2.5445e+06   |        128.224   |       20.18417   |       14.02627   |       28.76971   |   31:37:54   |   13:46:21   |
210000      |    -2.5444e+06   |   -2.54452e+06   |        120.853   |       19.75489   |       13.99444   |         26.331   |   31:46:30   |   13:37:04   |
211000      |   -2.54439e+06   |   -2.54451e+06   |        119.921   |       22.35463   |       14.09745   |        28.9833   |   31:55:04   |   13:27:46   |
212000      |   -2.54437e+06   |   -2.54451e+06   |        137.411   |       22.65632   |       14.14139   |       28.52609   |   32:03:42   |   13:18:31   |
213000      |   -2.54438e+06   |   -2.54451e+06   |        125.188   |        22.6281   |       13.98158   |       28.97276   |   32:12:26   |   13:09:18   |
214000      |   -2.54438e+06   |   -2.54451e+06   |        138.117   |       26.06622   |       14.02604   |       29.75619   |   32:21:05   |   13:00:03   |
215000      |   -2.54438e+06   |   -2.54451e+06   |        121.499   |       24.92171   |       14.09008   |        28.6672   |   32:29:42   |   12:50:48   |
216000      |   -2.54437e+06   |    -2.5445e+06   |         136.03   |       26.86101   |       13.97392   |       29.37278   |   32:38:18   |   12:41:33   |
217000      |   -2.54439e+06   |   -2.54451e+06   |        119.857   |       22.91066   |       13.89437   |       27.37568   |   32:47:06   |   12:32:23   |
218000      |   -2.54439e+06   |    -2.5445e+06   |        115.533   |       25.29696   |       13.70582   |       27.22503   |   32:55:55   |   12:23:14   |
219000      |    -2.5444e+06   |   -2.54451e+06   |        107.356   |       24.67987   |       13.63172   |       28.02607   |   33:04:43   |   12:14:04   |


Iter        |      Posterior   |     Likelihood   |          Prior   |   divtime_di..   |   divtime_ja..   |      root_time   |    elapsed   |        ETA   |
-------------------------------------------------------------------------------------------------------------------------------------------------------------
220000      |   -2.54441e+06   |   -2.54451e+06   |        99.8786   |       23.99121   |       13.57614   |       28.38877   |   33:13:45   |   12:05:00   |
221000      |   -2.54439e+06   |    -2.5445e+06   |         112.44   |       27.23021   |       13.69796   |       27.82358   |   33:22:42   |   11:55:53   |
222000      |   -2.54436e+06   |    -2.5445e+06   |        139.618   |       23.54682   |       13.66578   |       29.60036   |   33:31:45   |   11:46:49   |
223000      |   -2.54438e+06   |   -2.54451e+06   |        134.231   |       22.42241   |       13.70742   |       25.97215   |   33:40:45   |   11:37:44   |
224000      |   -2.54442e+06   |   -2.54451e+06   |        96.7423   |       22.77346   |       13.71166   |       26.85072   |   33:49:38   |   11:28:37   |
225000      |   -2.54436e+06   |    -2.5445e+06   |        139.291   |       22.82159   |       13.53606   |       27.92261   |   33:58:23   |   11:19:27   |
226000      |   -2.54438e+06   |    -2.5445e+06   |        123.085   |       20.89681   |       13.44908   |       26.41576   |   34:07:09   |   11:10:18   |
227000      |   -2.54437e+06   |   -2.54451e+06   |        141.313   |       20.15633   |       13.50843   |       28.92023   |   34:15:58   |   11:01:10   |
228000      |   -2.54438e+06   |   -2.54451e+06   |        126.385   |        20.8804   |       13.58051   |       29.81878   |   34:24:41   |   10:52:00   |
229000      |   -2.54438e+06   |    -2.5445e+06   |        118.184   |       22.50969   |       13.38352   |       27.23452   |   34:33:16   |   10:42:48   |
230000      |   -2.54441e+06   |   -2.54451e+06   |        104.344   |       22.92113   |       13.30794   |       29.78138   |   34:41:47   |   10:33:35   |
231000      |   -2.54438e+06   |    -2.5445e+06   |        125.732   |       20.39102   |       13.26875   |       26.51366   |   34:50:26   |   10:24:24   |
232000      |   -2.54438e+06   |    -2.5445e+06   |        121.124   |       20.51307   |       13.07174   |       26.36615   |   34:59:09   |   10:15:16   |
233000      |    -2.5444e+06   |    -2.5445e+06   |        108.117   |        20.4302   |       13.02209   |       26.39747   |   35:07:50   |   10:06:06   |
234000      |    -2.5444e+06   |    -2.5445e+06   |        106.243   |        21.6077   |       13.07307   |       29.57675   |   35:16:36   |   09:56:59   |
235000      |   -2.54442e+06   |    -2.5445e+06   |        82.6511   |       21.27683   |       12.99287   |       29.55465   |   35:25:26   |   09:47:53   |
236000      |   -2.54442e+06   |   -2.54452e+06   |        97.3627   |       20.80792   |        12.9419   |       25.95345   |   35:34:07   |   09:38:44   |
237000      |   -2.54438e+06   |    -2.5445e+06   |        120.089   |       20.67851   |       12.83801   |       26.27018   |   35:43:00   |   09:29:39   |
238000      |   -2.54439e+06   |   -2.54451e+06   |        113.445   |       21.38137   |       12.85442   |       27.62831   |   35:51:48   |   09:20:33   |
239000      |   -2.54441e+06   |    -2.5445e+06   |        87.4605   |       20.38413   |       12.84028   |       27.13164   |   36:00:36   |   09:11:27   |


Iter        |      Posterior   |     Likelihood   |          Prior   |   divtime_di..   |   divtime_ja..   |      root_time   |    elapsed   |        ETA   |
-------------------------------------------------------------------------------------------------------------------------------------------------------------
240000      |   -2.54439e+06   |    -2.5445e+06   |        115.724   |       18.70617   |       13.04427   |       29.53279   |   36:09:28   |   09:02:22   |
241000      |   -2.54439e+06   |    -2.5445e+06   |        109.686   |       17.98609   |       12.99161   |       28.78302   |   36:18:41   |   08:53:22   |
242000      |   -2.54437e+06   |    -2.5445e+06   |        127.497   |       18.71276   |       12.95256   |       27.67012   |   36:27:52   |   08:44:21   |
243000      |   -2.54439e+06   |   -2.54451e+06   |        120.431   |       18.30603   |       12.92444   |        26.9212   |   36:36:53   |   08:35:19   |
244000      |   -2.54438e+06   |    -2.5445e+06   |        116.079   |       18.31524   |       13.16911   |       28.07613   |   36:45:51   |   08:26:15   |
245000      |   -2.54439e+06   |   -2.54451e+06   |        120.909   |       19.15973   |       13.01594   |       27.32666   |   36:54:46   |   08:17:11   |
246000      |    -2.5444e+06   |   -2.54451e+06   |        110.221   |       17.85722   |       13.07414   |        28.5558   |   37:03:40   |   08:08:07   |
247000      |   -2.54436e+06   |   -2.54451e+06   |        148.123   |       16.90808   |       13.05916   |        28.5927   |   37:12:28   |   07:59:01   |
248000      |   -2.54439e+06   |   -2.54451e+06   |        115.625   |       18.49753   |       13.09635   |       27.11633   |   37:21:16   |   07:49:56   |
249000      |    -2.5444e+06   |   -2.54451e+06   |        107.539   |       17.53358   |       12.99041   |       27.26448   |   37:30:05   |   07:40:51   |
250000      |   -2.54438e+06   |   -2.54451e+06   |        129.087   |       16.77871   |       13.00765   |       29.07155   |   37:38:56   |   07:31:47   |
251000      |   -2.54437e+06   |    -2.5445e+06   |        131.221   |        16.4296   |       12.95719   |       29.98135   |   37:47:57   |   07:22:44   |
252000      |   -2.54437e+06   |   -2.54451e+06   |        137.818   |       16.25724   |       13.08373   |        25.0404   |   37:56:57   |   07:13:42   |
253000      |   -2.54439e+06   |   -2.54451e+06   |        121.808   |       16.32462   |       13.05415   |       28.27224   |   38:05:49   |   07:04:38   |
254000      |   -2.54441e+06   |   -2.54452e+06   |        105.844   |       16.21448   |        13.1336   |       27.09964   |   38:14:50   |   06:55:35   |
255000      |   -2.54438e+06   |    -2.5445e+06   |         112.34   |       15.95428   |       13.11788   |        28.3633   |   38:23:34   |   06:46:30   |
256000      |    -2.5444e+06   |   -2.54451e+06   |        109.446   |       16.76047   |       13.00061   |       25.79196   |   38:32:21   |   06:37:26   |
257000      |   -2.54438e+06   |    -2.5445e+06   |        119.175   |       17.20846   |       13.06801   |       26.83085   |   38:41:04   |   06:28:20   |
258000      |   -2.54438e+06   |    -2.5445e+06   |        125.352   |       18.02349   |       12.90068   |       28.46111   |   38:49:42   |   06:19:15   |
259000      |    -2.5444e+06   |    -2.5445e+06   |        99.9183   |       17.80022   |       13.07389   |       26.76462   |   38:58:32   |   06:10:11   |


Iter        |      Posterior   |     Likelihood   |          Prior   |   divtime_di..   |   divtime_ja..   |      root_time   |    elapsed   |        ETA   |
-------------------------------------------------------------------------------------------------------------------------------------------------------------
260000      |   -2.54436e+06   |    -2.5445e+06   |        140.695   |       17.06643   |       13.14411   |       27.36422   |   39:07:34   |   06:01:09   |
261000      |   -2.54441e+06   |   -2.54452e+06   |        112.826   |       17.40569   |         13.144   |       28.21391   |   39:16:49   |   05:52:10   |
262000      |   -2.54435e+06   |    -2.5445e+06   |        150.691   |       16.76788   |       13.10637   |       28.01733   |   39:25:53   |   05:43:08   |
263000      |   -2.54438e+06   |    -2.5445e+06   |        120.388   |       16.30506   |       13.06959   |       27.07447   |   39:34:53   |   05:34:06   |
264000      |    -2.5444e+06   |   -2.54451e+06   |        102.647   |        16.0777   |       13.23621   |       27.62324   |   39:43:46   |   05:25:03   |
265000      |   -2.54439e+06   |    -2.5445e+06   |         111.47   |       15.94267   |       13.23794   |       27.40954   |   39:52:53   |   05:16:02   |
266000      |    -2.5444e+06   |   -2.54451e+06   |        112.259   |       15.77898   |       13.15559   |       27.44271   |   40:01:59   |   05:07:01   |
267000      |   -2.54439e+06   |   -2.54451e+06   |        113.479   |       15.53478   |       13.12744   |       29.15072   |   40:11:08   |   04:58:00   |
268000      |   -2.54438e+06   |    -2.5445e+06   |        112.637   |       15.26837   |       13.14066   |       28.58352   |   40:20:14   |   04:48:58   |
269000      |    -2.5444e+06   |   -2.54451e+06   |        109.081   |       15.21424   |       13.07729   |        28.7509   |   40:29:21   |   04:39:57   |
270000      |   -2.54438e+06   |    -2.5445e+06   |        117.953   |       15.11084   |       13.03944   |       26.77827   |   40:38:09   |   04:30:54   |
271000      |   -2.54439e+06   |   -2.54451e+06   |        111.814   |       15.54241   |       13.05523   |       28.58616   |   40:47:13   |   04:21:52   |
272000      |   -2.54437e+06   |   -2.54451e+06   |        143.319   |       15.28755   |       12.94979   |        29.7811   |   40:56:27   |   04:12:52   |
273000      |   -2.54439e+06   |   -2.54451e+06   |        114.111   |        14.9907   |       12.92401   |       27.74129   |   41:05:44   |   04:03:51   |
274000      |   -2.54439e+06   |   -2.54451e+06   |        117.005   |        14.8604   |       12.91854   |       26.71101   |   41:14:44   |   03:54:49   |
275000      |   -2.54437e+06   |    -2.5445e+06   |        135.009   |       15.17258   |       12.96735   |       27.61744   |   41:23:45   |   03:45:47   |
276000      |   -2.54439e+06   |    -2.5445e+06   |        115.379   |       15.25805   |       12.95661   |       28.09137   |   41:32:49   |   03:36:46   |
277000      |   -2.54437e+06   |   -2.54451e+06   |         140.82   |       15.16548   |        12.9917   |       29.76737   |   41:42:05   |   03:27:45   |
278000      |   -2.54437e+06   |    -2.5445e+06   |        133.384   |       14.93447   |       13.11093   |       28.37341   |   41:51:19   |   03:18:44   |
279000      |   -2.54438e+06   |   -2.54451e+06   |        132.659   |       15.00982   |       13.13911   |        28.4052   |   42:00:41   |   03:09:43   |


Iter        |      Posterior   |     Likelihood   |          Prior   |   divtime_di..   |   divtime_ja..   |      root_time   |    elapsed   |        ETA   |
-------------------------------------------------------------------------------------------------------------------------------------------------------------
280000      |   -2.54436e+06   |    -2.5445e+06   |        141.487   |       14.86112   |       13.22857   |       29.68146   |   42:09:55   |   03:00:42   |
281000      |   -2.54439e+06   |    -2.5445e+06   |        110.188   |       14.77044   |       13.21151   |       27.00545   |   42:19:09   |   02:51:41   |
282000      |   -2.54441e+06   |   -2.54451e+06   |         100.89   |       14.83361   |       13.54315   |       28.66261   |   42:28:11   |   02:42:39   |
283000      |   -2.54439e+06   |   -2.54451e+06   |        119.775   |        14.9831   |       13.46204   |        26.7232   |   42:37:29   |   02:33:37   |
284000      |   -2.54439e+06   |    -2.5445e+06   |        115.523   |       15.05099   |       13.47282   |       27.07593   |   42:46:38   |   02:24:35   |
285000      |   -2.54436e+06   |    -2.5445e+06   |        136.398   |       15.09483   |       13.20234   |        25.2473   |   42:55:51   |   02:15:34   |
286000      |   -2.54439e+06   |    -2.5445e+06   |        107.971   |       15.02994   |       13.61677   |       27.84556   |   43:05:10   |   02:06:32   |
287000      |    -2.5444e+06   |   -2.54451e+06   |        112.958   |       14.94658   |       13.53018   |       27.56757   |   43:14:36   |   01:57:31   |
288000      |    -2.5444e+06   |   -2.54451e+06   |         114.16   |       14.88606   |       13.64262   |       27.11635   |   43:23:53   |   01:48:29   |
289000      |   -2.54436e+06   |   -2.54451e+06   |        150.505   |        14.9509   |       13.25847   |       27.48806   |   43:33:14   |   01:39:27   |
290000      |   -2.54438e+06   |   -2.54452e+06   |        130.406   |       14.82513   |       13.63087   |       28.22322   |   43:42:21   |   01:30:25   |
291000      |   -2.54442e+06   |   -2.54451e+06   |        88.5237   |       14.66288   |        13.3658   |       28.46365   |   43:51:20   |   01:21:22   |
292000      |   -2.54438e+06   |    -2.5445e+06   |        124.318   |       14.56443   |       13.32846   |       27.09952   |   44:00:30   |   01:12:20   |
293000      |   -2.54439e+06   |   -2.54451e+06   |        121.621   |       14.54366   |       13.23119   |       27.84108   |   44:09:34   |   01:03:18   |
294000      |   -2.54438e+06   |   -2.54451e+06   |        134.016   |        14.5987   |       13.29503   |       25.15496   |   44:18:39   |   00:54:15   |
295000      |   -2.54442e+06   |   -2.54452e+06   |        100.416   |       14.53518   |       13.08934   |        26.7282   |   44:27:40   |   00:45:12   |
296000      |   -2.54438e+06   |   -2.54451e+06   |        125.167   |       14.42589   |       13.28063   |       26.22018   |   44:36:39   |   00:36:10   |
297000      |    -2.5444e+06   |   -2.54451e+06   |        117.621   |       14.40779   |       13.37659   |       26.00284   |   44:45:41   |   00:27:07   |
298000      |   -2.54441e+06   |    -2.5445e+06   |        89.7986   |       14.38967   |       13.44719   |        25.1059   |   44:54:41   |   00:18:05   |
299000      |   -2.54439e+06   |   -2.54451e+06   |        121.471   |       14.23249   |       13.02729   |       25.58017   |   45:03:30   |   00:09:02   |


Iter        |      Posterior   |     Likelihood   |          Prior   |   divtime_di..   |   divtime_ja..   |      root_time   |    elapsed   |        ETA   |
-------------------------------------------------------------------------------------------------------------------------------------------------------------
300000      |   -2.54438e+06   |   -2.54451e+06   |        129.223   |       14.15446   |       12.73442   |       26.67544   |   45:12:22   |   00:00:00   |
