
RevBayes version (1.1.1)
Build from development (rapture-649-g20534c) on Sun Apr 18 13:22:17 CDT 2021

Visit the website www.RevBayes.com for more information about RevBayes.

RevBayes is free software released under the GPL license, version 3. Type 'license()' for details.

To quit RevBayes type 'quit()' or 'q()'.


> source("scripts/combined_evidence_fbd_clean.Rev")
   Processing file "scripts/combined_evidence_fbd_clean.Rev"
   Successfully read one character matrix from file 'data/nuclear.nex'
   Successfully read one character matrix from file 'data/morpho_clean.nex'
   NOTE: setNumStatesPartition() partitions by the maximum observed state, not the total number of observed states.
   WARNING: There are 18 characters incompatible with the specified coding bias. These characters will be excluded.
   Could not compute lnProb for node fbd_tree.
   (((((Canis_arnensis[&index=23]:2.595880,Canis_mosba...

   Drawing new initial states ...
   Could not compute lnProb for node fbd_tree.
   ((((Canis_aureus[&index=23]:0.139530,Canis_etruscus...

   Drawing new initial states ...
   Could not compute lnProb for node fbd_tree.
   ((Urocyon_webbi[&index=23]:2.668938,Urocyon_minicep...

   Drawing new initial states ...
   Could not compute lnProb for node fbd_tree.
   ((((Canis_etruscus[&index=23]:8.846826,(Canis_adust...

   Drawing new initial states ...
   Could not compute lnProb for node fbd_tree.
   ((Canis_arnensis[&index=23]:16.615764,((((Lycaon_pi...

   Drawing new initial states ...
   Could not compute lnProb for node fbd_tree.
   (((Lycaon_pictus[&index=23]:9.184433,Canis_etruscus...

   Drawing new initial states ...
   Could not compute lnProb for node fbd_tree.
   ((Urocyon_cinereoargenteus[&index=23]:9.599269,Uroc...

   Drawing new initial states ...

   Running MCMC simulation
   This simulation runs 2 independent replicates.
   The simulator uses 296 different moves in a random move schedule with 346.767 moves per iteration

Iter        |      Posterior   |     Likelihood   |          Prior   |   divtime_di..   |   divtime_ja..   |      root_time   |    elapsed   |        ETA   |
-------------------------------------------------------------------------------------------------------------------------------------------------------------
0           |   -4.04049e+06   |   -4.04046e+06   |       -30.6635   |       25.08048   |       25.08048   |       28.10716   |   00:00:00   |   --:--:--   |
1000        |   -2.54831e+06   |   -2.54847e+06   |         164.08   |       10.70839   |       10.70839   |       28.58908   |   00:09:47   |   --:--:--   |
2000        |   -2.54833e+06   |   -2.54848e+06   |        147.478   |       10.68844   |       10.68844   |       29.30959   |   00:19:31   |   48:27:59   |
3000        |   -2.54832e+06   |   -2.54847e+06   |         149.61   |       10.63815   |       10.63815   |       29.27487   |   00:29:30   |   48:40:30   |
4000        |   -2.54833e+06   |   -2.54847e+06   |        145.587   |       10.63815   |       10.63815   |       28.09084   |   00:39:34   |   48:47:56   |
5000        |   -2.54831e+06   |   -2.54847e+06   |        160.713   |       10.70737   |       10.70737   |       26.35188   |   00:49:06   |   48:16:54   |
6000        |   -2.54829e+06   |   -2.54847e+06   |        184.016   |       10.59653   |       10.59653   |       29.72893   |   00:58:07   |   47:27:43   |
7000        |   -2.54831e+06   |   -2.54847e+06   |        162.997   |       10.59944   |       10.59944   |       26.86218   |   01:07:14   |   46:54:11   |
8000        |   -2.54831e+06   |   -2.54846e+06   |         145.86   |       10.65356   |       10.65356   |       27.42558   |   01:16:07   |   46:18:15   |
9000        |    -2.5483e+06   |   -2.54847e+06   |        165.484   |       10.77216   |       10.77216   |       27.70694   |   01:24:56   |   45:46:10   |
10000       |   -2.54835e+06   |   -2.54848e+06   |        134.018   |       10.75511   |       10.75511   |       27.09926   |   01:33:47   |   45:19:43   |
11000       |   -2.54832e+06   |   -2.54848e+06   |        158.184   |        10.6156   |        10.6156   |       29.01814   |   01:42:51   |   45:02:09   |
12000       |   -2.54733e+06   |   -2.54747e+06   |        142.735   |       10.62182   |       10.62182   |       27.19895   |   01:51:41   |   44:40:24   |
13000       |   -2.54732e+06   |   -2.54748e+06   |        160.806   |       10.63728   |       10.63728   |       26.79924   |   02:01:06   |   44:33:30   |
14000       |   -2.54618e+06   |   -2.54633e+06   |        157.697   |       10.58087   |       10.30575   |       27.94068   |   02:10:23   |   44:23:32   |
15000       |   -2.54619e+06   |   -2.54634e+06   |        148.507   |       10.58287   |       10.25743   |       29.87065   |   02:19:23   |   44:08:17   |
16000       |   -2.54618e+06   |   -2.54633e+06   |        155.339   |        10.5592   |        10.2644   |       28.98292   |   02:28:32   |   43:56:28   |
17000       |   -2.54618e+06   |   -2.54633e+06   |        149.589   |       10.56997   |        10.3006   |       29.37631   |   02:37:48   |   43:46:54   |
18000       |    -2.5462e+06   |   -2.54634e+06   |        138.257   |       10.56997   |       10.32561   |       29.74957   |   02:47:13   |   43:39:43   |
19000       |    -2.5462e+06   |   -2.54634e+06   |        143.373   |       10.56082   |       10.29568   |       29.99059   |   02:56:40   |   43:32:48   |


Iter        |      Posterior   |     Likelihood   |          Prior   |   divtime_di..   |   divtime_ja..   |      root_time   |    elapsed   |        ETA   |
-------------------------------------------------------------------------------------------------------------------------------------------------------------
20000       |   -2.54619e+06   |   -2.54634e+06   |        142.136   |       10.56377   |       10.30883   |       27.16042   |   03:06:12   |   43:26:48   |
21000       |    -2.5462e+06   |   -2.54633e+06   |        129.478   |       10.57029   |       10.28706   |       27.02397   |   03:15:36   |   43:18:41   |
22000       |   -2.54617e+06   |   -2.54633e+06   |         166.64   |       10.57029   |        10.2713   |        26.7028   |   03:25:11   |   43:12:46   |
23000       |   -2.54618e+06   |   -2.54634e+06   |        159.663   |       10.58245   |       10.20676   |       28.69723   |   03:34:31   |   43:03:31   |
24000       |   -2.54615e+06   |   -2.54632e+06   |        174.422   |       10.55559   |       10.24013   |       27.60334   |   03:44:08   |   42:57:32   |
25000       |   -2.54618e+06   |   -2.54634e+06   |        154.956   |        10.5582   |        10.2313   |       26.01229   |   03:53:56   |   42:53:16   |
26000       |    -2.5462e+06   |   -2.54635e+06   |        148.295   |       10.54187   |       10.23998   |       26.51929   |   04:03:46   |   42:48:55   |
27000       |   -2.54618e+06   |   -2.54633e+06   |        155.715   |       10.53754   |       10.19077   |       26.19661   |   04:13:16   |   42:40:48   |
28000       |   -2.54618e+06   |   -2.54635e+06   |        163.885   |       10.53477   |       10.23848   |       27.01509   |   04:22:47   |   42:32:45   |
29000       |   -2.54619e+06   |   -2.54634e+06   |        154.152   |       10.50369   |       10.28306   |       29.20249   |   04:32:15   |   42:24:07   |
30000       |   -2.54616e+06   |   -2.54634e+06   |        178.896   |       10.51613   |        10.2207   |       27.75901   |   04:41:37   |   42:14:33   |
31000       |    -2.5462e+06   |   -2.54635e+06   |        152.035   |       10.51613   |       10.19018   |       28.98034   |   04:50:54   |   42:04:15   |
32000       |   -2.54618e+06   |   -2.54633e+06   |        152.726   |       10.46195   |       10.14967   |       29.46307   |   05:00:17   |   41:54:52   |
33000       |   -2.54619e+06   |   -2.54634e+06   |        154.172   |       10.70915   |       10.19023   |       25.97452   |   05:09:50   |   41:46:50   |
34000       |   -2.54616e+06   |   -2.54634e+06   |        175.536   |       10.70915   |       10.16995   |       26.07558   |   05:19:00   |   41:35:42   |
35000       |   -2.54617e+06   |   -2.54634e+06   |        163.956   |       10.67982   |       10.21647   |       28.00665   |   05:28:15   |   41:25:19   |
36000       |   -2.54618e+06   |   -2.54633e+06   |         146.72   |       10.64807   |       10.17534   |        29.2543   |   05:37:29   |   41:14:52   |
37000       |   -2.54616e+06   |   -2.54634e+06   |        177.522   |       10.65157   |       10.05796   |       29.25804   |   05:46:43   |   41:04:29   |
38000       |   -2.54618e+06   |   -2.54633e+06   |        149.011   |       10.65157   |       10.13819   |       29.07991   |   05:55:59   |   40:54:24   |
39000       |   -2.54617e+06   |   -2.54635e+06   |        185.058   |       10.60618   |       10.11049   |       29.02085   |   06:05:24   |   40:45:22   |


Iter        |      Posterior   |     Likelihood   |          Prior   |   divtime_di..   |   divtime_ja..   |      root_time   |    elapsed   |        ETA   |
-------------------------------------------------------------------------------------------------------------------------------------------------------------
40000       |    -2.5462e+06   |   -2.54634e+06   |        146.035   |       10.60618   |       10.14158   |       27.76517   |   06:14:52   |   40:36:38   |
41000       |   -2.54619e+06   |   -2.54634e+06   |        150.044   |       10.58071   |       10.24096   |       29.87445   |   06:24:14   |   40:27:13   |
42000       |   -2.54621e+06   |   -2.54635e+06   |        134.943   |       10.57368   |       10.26487   |       29.20977   |   06:33:55   |   40:19:46   |
43000       |   -2.54618e+06   |   -2.54634e+06   |        164.201   |       10.57822   |       10.25585   |       29.79455   |   06:43:17   |   40:10:19   |
44000       |   -2.54616e+06   |   -2.54634e+06   |         175.64   |       10.55558   |       10.26538   |       29.92417   |   06:52:39   |   40:00:52   |
45000       |   -2.54618e+06   |   -2.54634e+06   |        164.218   |       10.59037   |       10.30046   |        28.0597   |   07:02:15   |   39:52:45   |
46000       |   -2.54617e+06   |   -2.54635e+06   |        179.182   |       10.57826   |       10.30523   |       27.51827   |   07:11:39   |   39:43:27   |
47000       |   -2.54619e+06   |   -2.54634e+06   |        156.246   |       10.56924   |       10.29181   |       27.64013   |   07:21:05   |   39:34:20   |
48000       |   -2.54617e+06   |   -2.54633e+06   |        159.659   |       10.56924   |        10.2092   |        29.3922   |   07:30:26   |   39:24:46   |
49000       |   -2.54616e+06   |   -2.54633e+06   |        173.245   |        10.6086   |       10.25716   |       29.09564   |   07:40:02   |   39:16:29   |
50000       |   -2.54617e+06   |   -2.54634e+06   |        169.395   |       10.60336   |        10.2639   |       28.23199   |   07:49:26   |   39:07:10   |
51000       |   -2.54618e+06   |   -2.54634e+06   |        162.156   |       10.59093   |       10.19687   |       27.40208   |   07:59:00   |   38:58:38   |
52000       |   -2.54618e+06   |   -2.54634e+06   |        155.842   |       10.56576   |         10.223   |       28.06736   |   08:08:28   |   38:49:36   |
53000       |   -2.54617e+06   |   -2.54633e+06   |        159.456   |       10.55116   |       10.24904   |        29.9091   |   08:17:53   |   38:40:19   |
54000       |   -2.54618e+06   |   -2.54634e+06   |        158.703   |       10.55116   |       10.25177   |       27.92264   |   08:27:15   |   38:30:48   |
55000       |    -2.5462e+06   |   -2.54635e+06   |        146.769   |       10.55416   |       10.29673   |       25.73194   |   08:36:32   |   38:20:55   |
56000       |   -2.54618e+06   |   -2.54634e+06   |        160.349   |        10.5539   |       10.30396   |       25.40054   |   08:45:42   |   38:10:33   |
57000       |   -2.54618e+06   |   -2.54634e+06   |        160.733   |       10.71012   |       10.24597   |       26.64636   |   08:55:19   |   38:02:08   |
58000       |   -2.54616e+06   |   -2.54633e+06   |        169.759   |       10.74428   |       10.25794   |       28.33807   |   09:04:48   |   37:53:07   |
59000       |   -2.54618e+06   |   -2.54634e+06   |        158.329   |       10.69076   |       10.29626   |        26.4832   |   09:14:22   |   37:44:26   |


Iter        |      Posterior   |     Likelihood   |          Prior   |   divtime_di..   |   divtime_ja..   |      root_time   |    elapsed   |        ETA   |
-------------------------------------------------------------------------------------------------------------------------------------------------------------
60000       |   -2.54617e+06   |   -2.54633e+06   |        158.951   |       10.71473   |       10.32955   |       29.30379   |   09:24:03   |   37:36:12   |
61000       |   -2.54616e+06   |   -2.54634e+06   |        179.164   |       10.76338   |       10.35282   |       28.57997   |   09:33:56   |   37:28:41   |
62000       |   -2.54619e+06   |   -2.54634e+06   |        150.277   |       10.78043   |       10.40283   |       29.13592   |   09:43:46   |   37:20:54   |
63000       |   -2.54618e+06   |   -2.54634e+06   |        163.203   |       10.79238   |       10.43035   |       26.44807   |   09:53:32   |   37:12:48   |
64000       |   -2.54619e+06   |   -2.54633e+06   |        147.067   |       10.97543   |       10.25398   |       27.18965   |   10:02:50   |   37:02:56   |
65000       |   -2.54614e+06   |   -2.54634e+06   |        190.764   |       10.79893   |       10.20915   |       29.06889   |   10:12:41   |   36:55:05   |
66000       |   -2.54616e+06   |   -2.54635e+06   |        185.476   |       10.88612   |       10.26721   |       26.19757   |   10:22:33   |   36:47:13   |
67000       |   -2.54617e+06   |   -2.54634e+06   |        174.897   |        10.9655   |       10.18733   |       29.50839   |   10:32:18   |   36:38:53   |
68000       |   -2.54615e+06   |   -2.54634e+06   |        198.053   |       10.83768   |       10.15469   |       29.75519   |   10:42:09   |   36:30:51   |
69000       |   -2.54617e+06   |   -2.54634e+06   |        168.603   |       10.73212   |       10.26765   |       26.34973   |   10:51:40   |   36:21:40   |
70000       |   -2.54618e+06   |   -2.54634e+06   |        165.914   |       10.86802   |       10.26012   |       26.07896   |   11:01:26   |   36:13:16   |
71000       |   -2.54616e+06   |   -2.54633e+06   |        174.797   |       10.94523   |        10.2204   |       28.94813   |   11:11:01   |   36:04:15   |
72000       |   -2.54617e+06   |   -2.54634e+06   |        170.462   |       11.03405   |         10.201   |       28.53687   |   11:20:44   |   35:55:39   |
73000       |   -2.54619e+06   |   -2.54634e+06   |        147.092   |       11.02871   |       10.23251   |       28.39628   |   11:30:33   |   35:47:19   |
74000       |   -2.54618e+06   |   -2.54634e+06   |        165.588   |       11.02947   |       10.32535   |       28.26507   |   11:40:18   |   35:38:45   |
75000       |   -2.54619e+06   |   -2.54634e+06   |         144.25   |       11.32252   |        10.3244   |        26.4891   |   11:49:58   |   35:29:54   |
76000       |   -2.54617e+06   |   -2.54633e+06   |        160.403   |       11.04589   |       10.46235   |       29.96402   |   11:59:22   |   35:20:14   |
77000       |   -2.54615e+06   |   -2.54634e+06   |        184.043   |       11.02566   |       10.47625   |       26.83906   |   12:09:02   |   35:11:21   |
78000       |   -2.54618e+06   |   -2.54635e+06   |        166.459   |       10.89488   |       10.58536   |       28.40687   |   12:18:37   |   35:02:13   |
79000       |   -2.54618e+06   |   -2.54634e+06   |        155.199   |       11.04274   |       10.49986   |       27.66745   |   12:28:06   |   34:52:47   |


Iter        |      Posterior   |     Likelihood   |          Prior   |   divtime_di..   |   divtime_ja..   |      root_time   |    elapsed   |        ETA   |
-------------------------------------------------------------------------------------------------------------------------------------------------------------
80000       |   -2.54616e+06   |   -2.54634e+06   |        179.393   |       11.10418   |       10.39063   |       27.71946   |   12:37:27   |   34:42:59   |
81000       |   -2.54617e+06   |   -2.54635e+06   |        172.034   |       11.27632   |       10.38711   |       25.01495   |   12:46:42   |   34:32:55   |
82000       |   -2.54618e+06   |   -2.54635e+06   |        171.332   |       12.98775   |       10.52047   |       25.11751   |   12:55:57   |   34:22:53   |
83000       |   -2.54619e+06   |   -2.54635e+06   |         161.61   |       12.81022   |        10.5881   |       28.62443   |   13:05:12   |   34:12:52   |
84000       |   -2.54616e+06   |   -2.54635e+06   |        194.063   |       13.01123   |       10.73558   |        28.4601   |   13:14:33   |   34:03:07   |
85000       |   -2.54619e+06   |   -2.54635e+06   |        154.411   |       13.03044   |        11.4801   |       29.18299   |   13:23:47   |   33:53:05   |
86000       |   -2.54619e+06   |   -2.54634e+06   |        151.478   |       13.06369   |       11.55646   |       26.98889   |   13:33:08   |   33:43:22   |
87000       |   -2.54619e+06   |   -2.54634e+06   |        150.296   |       13.05667   |       11.42568   |       25.36044   |   13:42:17   |   33:33:10   |
88000       |   -2.54615e+06   |   -2.54634e+06   |        189.997   |       13.17038   |       11.62861   |       26.49325   |   13:51:14   |   33:22:31   |
89000       |   -2.54619e+06   |   -2.54634e+06   |        148.402   |       13.40499   |       11.63328   |       29.26789   |   14:00:02   |   33:11:32   |
90000       |   -2.54614e+06   |   -2.54633e+06   |        188.176   |       13.44847   |       11.70863   |       25.90756   |   14:09:38   |   33:02:28   |
91000       |   -2.54616e+06   |   -2.54634e+06   |        184.509   |       13.44601   |       11.70182   |        28.9987   |   14:18:57   |   32:52:45   |
92000       |   -2.54618e+06   |   -2.54635e+06   |        164.082   |       13.36181   |       11.76539   |        27.2521   |   14:28:23   |   32:43:18   |
93000       |   -2.54618e+06   |   -2.54634e+06   |        166.476   |       13.32298   |       11.79628   |       27.93506   |   14:37:35   |   32:33:19   |
94000       |   -2.54616e+06   |   -2.54634e+06   |        174.158   |       13.32476   |       11.79814   |       25.04273   |   14:46:49   |   32:23:26   |
95000       |   -2.54616e+06   |   -2.54633e+06   |        178.004   |       13.32366   |        11.7415   |       29.77115   |   14:55:55   |   32:13:17   |
96000       |   -2.54618e+06   |   -2.54634e+06   |        165.413   |       13.55092   |       11.80235   |        26.9362   |   15:04:59   |   32:03:05   |
97000       |   -2.54619e+06   |   -2.54635e+06   |        153.356   |       13.42381   |       11.74422   |       25.69834   |   15:14:11   |   31:53:11   |
98000       |   -2.54618e+06   |   -2.54633e+06   |        153.652   |       13.48312   |       11.72263   |       27.58561   |   15:23:10   |   31:42:51   |
99000       |    -2.5462e+06   |   -2.54634e+06   |        146.467   |       13.45784   |        11.8477   |       29.04498   |   15:32:11   |   31:32:36   |


Iter        |      Posterior   |     Likelihood   |          Prior   |   divtime_di..   |   divtime_ja..   |      root_time   |    elapsed   |        ETA   |
-------------------------------------------------------------------------------------------------------------------------------------------------------------
100000      |   -2.54618e+06   |   -2.54636e+06   |        178.742   |       13.31579   |       11.95931   |       28.59338   |   15:40:57   |   31:21:54   |
101000      |   -2.54622e+06   |   -2.54636e+06   |        138.038   |       13.29643   |       12.24982   |       29.25438   |   15:49:46   |   31:11:19   |
102000      |   -2.54617e+06   |   -2.54634e+06   |        171.453   |       13.29523   |       12.24541   |       27.04053   |   15:58:52   |   31:01:19   |
103000      |   -2.54619e+06   |   -2.54634e+06   |        151.501   |       13.27579   |       12.36624   |       28.70746   |   16:08:03   |   30:51:30   |
104000      |   -2.54618e+06   |   -2.54634e+06   |        164.036   |       13.22805   |       12.43968   |       29.14793   |   16:17:15   |   30:41:44   |
105000      |   -2.54616e+06   |   -2.54634e+06   |        178.658   |       13.17453   |       12.48581   |        29.3755   |   16:26:09   |   30:31:25   |
106000      |   -2.54618e+06   |   -2.54634e+06   |        167.727   |       13.14315   |       12.53179   |       25.83665   |   16:35:09   |   30:21:18   |
107000      |   -2.54616e+06   |   -2.54633e+06   |        166.811   |       13.11314   |       12.33615   |       26.15471   |   16:44:06   |   30:11:08   |
108000      |   -2.54618e+06   |   -2.54634e+06   |        162.379   |       13.13431   |        12.5002   |       26.84184   |   16:53:20   |   30:01:28   |
109000      |   -2.54613e+06   |   -2.54633e+06   |        205.877   |        13.5412   |       12.45346   |        27.2467   |   17:02:29   |   29:51:41   |
110000      |   -2.54617e+06   |   -2.54634e+06   |         173.97   |       13.66754   |       12.37305   |        29.5136   |   17:11:34   |   29:41:47   |
111000      |   -2.54619e+06   |   -2.54635e+06   |        163.028   |       13.75335   |       12.25196   |       28.96074   |   17:20:30   |   29:31:39   |
112000      |   -2.54619e+06   |   -2.54634e+06   |        153.642   |       13.75427   |       12.93998   |       26.64898   |   17:29:43   |   29:22:01   |
113000      |   -2.54616e+06   |   -2.54634e+06   |        179.233   |       13.79607   |       12.92248   |       28.12595   |   17:38:58   |   29:12:26   |
114000      |   -2.54618e+06   |   -2.54634e+06   |        160.585   |       13.55491   |       12.95759   |       28.48828   |   17:48:11   |   29:02:49   |
115000      |   -2.54618e+06   |   -2.54634e+06   |        164.371   |       13.57106   |        12.6673   |       27.32346   |   17:57:29   |   28:53:20   |
116000      |   -2.54616e+06   |   -2.54634e+06   |        172.572   |       13.52756   |       12.54352   |       28.71811   |   18:06:29   |   28:43:23   |
117000      |   -2.54618e+06   |   -2.54634e+06   |        168.451   |       13.57655   |       12.59027   |       27.56604   |   18:15:29   |   28:33:26   |
118000      |   -2.54617e+06   |   -2.54634e+06   |        164.287   |       13.66271   |       12.44292   |       27.68235   |   18:24:47   |   28:23:59   |
119000      |   -2.54618e+06   |   -2.54634e+06   |        159.843   |        13.6366   |       12.65765   |       28.79091   |   18:33:58   |   28:14:21   |


Iter        |      Posterior   |     Likelihood   |          Prior   |   divtime_di..   |   divtime_ja..   |      root_time   |    elapsed   |        ETA   |
-------------------------------------------------------------------------------------------------------------------------------------------------------------
120000      |   -2.54619e+06   |   -2.54633e+06   |         141.91   |         13.258   |       12.80723   |       29.36422   |   18:42:57   |   28:04:25   |
121000      |   -2.54617e+06   |   -2.54633e+06   |        162.546   |       13.20188   |       12.80242   |       28.28134   |   18:51:54   |   27:54:27   |
122000      |   -2.54617e+06   |   -2.54633e+06   |        161.357   |       13.17199   |       12.75433   |       28.65699   |   19:00:48   |   27:44:26   |
123000      |   -2.54619e+06   |   -2.54634e+06   |        155.539   |       13.13197   |       12.75966   |       29.21599   |   19:09:53   |   27:34:42   |
124000      |   -2.54615e+06   |   -2.54634e+06   |        187.424   |        13.1282   |       12.71377   |       27.96179   |   19:19:19   |   27:25:28   |
125000      |   -2.54618e+06   |   -2.54634e+06   |        160.424   |       13.12268   |       12.71014   |       29.16734   |   19:28:38   |   27:16:05   |
126000      |   -2.54617e+06   |   -2.54635e+06   |        173.928   |       13.21126   |        12.6861   |       28.74666   |   19:37:59   |   27:06:44   |
127000      |   -2.54616e+06   |   -2.54634e+06   |        178.612   |       13.28049   |        12.7551   |       29.84775   |   19:46:59   |   26:56:54   |
128000      |   -2.54618e+06   |   -2.54635e+06   |        163.946   |       13.37479   |       12.78134   |       28.59584   |   19:55:55   |   26:47:00   |
129000      |   -2.54616e+06   |   -2.54633e+06   |        173.489   |       13.42273   |       12.70293   |       28.89923   |   20:04:46   |   26:37:00   |
130000      |   -2.54618e+06   |   -2.54634e+06   |        163.728   |        13.6922   |       12.56022   |       28.93328   |   20:13:53   |   26:27:23   |
131000      |   -2.54615e+06   |   -2.54635e+06   |        191.632   |       14.28761   |       12.61662   |       29.27812   |   20:23:07   |   26:17:54   |
132000      |   -2.54615e+06   |   -2.54634e+06   |        181.478   |       14.40413   |       12.83655   |       28.13619   |   20:32:07   |   26:08:08   |
133000      |   -2.54618e+06   |   -2.54634e+06   |        166.641   |       15.31056   |       12.32765   |       29.94718   |   20:41:28   |   25:58:50   |
134000      |   -2.54616e+06   |   -2.54633e+06   |        173.176   |       14.88174   |       12.13766   |       29.61916   |   20:50:49   |   25:49:31   |
135000      |   -2.54619e+06   |   -2.54635e+06   |         160.59   |        16.5147   |       12.16857   |       29.29868   |   20:59:46   |   25:39:42   |
136000      |   -2.54616e+06   |   -2.54633e+06   |        177.452   |        16.1479   |       12.15376   |       29.95937   |   21:09:08   |   25:30:25   |
137000      |   -2.54616e+06   |   -2.54635e+06   |        191.616   |       15.88156   |       11.77478   |       29.71253   |   21:18:18   |   25:20:53   |
138000      |   -2.54615e+06   |   -2.54634e+06   |        183.176   |       15.47246   |       11.58161   |       27.62691   |   21:27:23   |   25:11:16   |
139000      |   -2.54617e+06   |   -2.54634e+06   |        176.625   |       15.22955   |       11.46173   |       28.80938   |   21:36:46   |   25:02:00   |


Iter        |      Posterior   |     Likelihood   |          Prior   |   divtime_di..   |   divtime_ja..   |      root_time   |    elapsed   |        ETA   |
-------------------------------------------------------------------------------------------------------------------------------------------------------------
140000      |   -2.54614e+06   |   -2.54634e+06   |        199.607   |       15.30446   |       11.34505   |       28.99864   |   21:46:33   |   24:53:12   |
141000      |   -2.54617e+06   |   -2.54634e+06   |        170.584   |       15.67133   |       11.43187   |       27.84356   |   21:56:06   |   24:44:06   |
142000      |   -2.54616e+06   |   -2.54634e+06   |        179.649   |       15.65212   |       11.27209   |       27.85749   |   22:05:29   |   24:34:50   |
143000      |   -2.54617e+06   |   -2.54634e+06   |        169.497   |       14.47298   |        11.4066   |       27.30463   |   22:14:53   |   24:25:34   |
144000      |   -2.54615e+06   |   -2.54634e+06   |        189.552   |       14.90126   |       11.43017   |        26.7203   |   22:24:22   |   24:16:23   |
145000      |   -2.54617e+06   |   -2.54634e+06   |        174.534   |       15.08991   |       11.44246   |       29.51936   |   22:33:58   |   24:07:20   |
146000      |   -2.54619e+06   |   -2.54635e+06   |        167.309   |       15.08975   |       11.53932   |       28.71288   |   22:43:20   |   23:58:02   |
147000      |   -2.54617e+06   |   -2.54634e+06   |         175.47   |       15.11919   |       11.69466   |        28.1905   |   22:52:51   |   23:48:53   |
148000      |   -2.54615e+06   |   -2.54634e+06   |        189.013   |       15.03574   |        11.5127   |       29.42773   |   23:02:04   |   23:39:25   |
149000      |   -2.54618e+06   |   -2.54636e+06   |        176.252   |       14.86189   |       11.58705   |       28.76536   |   23:11:19   |   23:29:59   |
150000      |   -2.54619e+06   |   -2.54636e+06   |        173.277   |       13.91894   |        12.0259   |       28.83205   |   23:20:37   |   23:20:37   |
151000      |   -2.54619e+06   |   -2.54634e+06   |        154.795   |       14.06543   |       11.60931   |       29.75595   |   23:29:59   |   23:11:18   |
152000      |   -2.54619e+06   |   -2.54635e+06   |        158.934   |       13.93667   |       11.41752   |       28.38428   |   23:39:23   |   23:02:01   |
153000      |   -2.54615e+06   |   -2.54634e+06   |        187.913   |       14.62322   |       11.63874   |       28.37766   |   23:48:41   |   22:52:39   |
154000      |   -2.54617e+06   |   -2.54634e+06   |         165.53   |       15.13079   |       11.60538   |       27.48583   |   23:57:57   |   22:43:15   |
155000      |   -2.54621e+06   |   -2.54634e+06   |        120.583   |       15.08671   |       11.63188   |        28.2685   |   24:07:08   |   22:33:46   |
156000      |    -2.5462e+06   |   -2.54635e+06   |        147.493   |       15.07171   |       11.65484   |       29.42211   |   24:16:11   |   22:24:10   |
157000      |   -2.54619e+06   |   -2.54636e+06   |        163.551   |       15.05562   |       11.80566   |       29.01445   |   24:25:31   |   22:14:50   |
158000      |    -2.5462e+06   |   -2.54634e+06   |        146.074   |       15.23968   |       11.72037   |       29.30676   |   24:34:57   |   22:05:35   |
159000      |   -2.54616e+06   |   -2.54635e+06   |        185.096   |       15.34879   |       11.80225   |       29.68987   |   24:44:35   |   21:56:31   |


Iter        |      Posterior   |     Likelihood   |          Prior   |   divtime_di..   |   divtime_ja..   |      root_time   |    elapsed   |        ETA   |
-------------------------------------------------------------------------------------------------------------------------------------------------------------
160000      |   -2.54434e+06   |    -2.5445e+06   |         151.62   |         15.406   |       11.59323   |       26.78154   |   24:53:53   |   21:47:08   |
161000      |   -2.54435e+06   |   -2.54449e+06   |        142.104   |         15.829   |       11.64674   |       27.40449   |   25:03:05   |   21:37:41   |
162000      |   -2.54432e+06   |    -2.5445e+06   |        173.352   |       15.64479   |       11.70446   |       27.04026   |   25:12:11   |   21:28:09   |
163000      |   -2.54434e+06   |    -2.5445e+06   |        158.122   |       15.13998   |       11.65824   |       27.90157   |   25:21:23   |   21:18:42   |
164000      |   -2.54434e+06   |    -2.5445e+06   |        161.296   |       14.68387   |       11.52914   |        28.2881   |   25:30:27   |   21:09:09   |
165000      |   -2.54435e+06   |    -2.5445e+06   |        152.921   |       15.42323   |       11.73754   |       29.43049   |   25:39:32   |   20:59:37   |
166000      |   -2.54434e+06   |    -2.5445e+06   |        159.792   |       15.79431   |        11.5123   |       28.83488   |   25:48:48   |   20:50:14   |
167000      |   -2.54435e+06   |   -2.54451e+06   |        157.325   |       16.15457   |       11.79784   |       27.41164   |   25:58:01   |   20:40:48   |
168000      |   -2.54435e+06   |    -2.5445e+06   |        154.311   |       15.78659   |       11.81873   |       28.02289   |   26:07:19   |   20:31:27   |
169000      |   -2.54435e+06   |   -2.54451e+06   |        153.164   |       17.07844   |       11.98522   |       28.69782   |   26:17:24   |   20:22:43   |
170000      |   -2.54434e+06   |    -2.5445e+06   |        162.222   |       16.85314   |       12.02528   |       28.47287   |   26:26:58   |   20:13:33   |
171000      |   -2.54433e+06   |    -2.5445e+06   |        168.899   |        17.4965   |       12.08853   |       28.01519   |   26:36:22   |   20:04:16   |
172000      |   -2.54433e+06   |    -2.5445e+06   |        172.739   |       17.51659   |       12.20061   |       28.75708   |   26:45:34   |   19:54:50   |
173000      |   -2.54437e+06   |    -2.5445e+06   |         128.95   |       16.69217   |       11.94511   |       27.36534   |   26:54:35   |   19:45:16   |
174000      |   -2.54434e+06   |    -2.5445e+06   |        152.647   |       16.62657   |       11.93593   |       28.03381   |   27:03:36   |   19:35:42   |
175000      |   -2.54437e+06   |    -2.5445e+06   |        130.547   |       15.88198   |       11.93422   |       29.24434   |   27:12:34   |   19:26:07   |
176000      |   -2.54437e+06   |    -2.5445e+06   |         132.94   |       16.44739   |       12.21701   |       29.67322   |   27:21:40   |   19:16:37   |
177000      |   -2.54437e+06   |   -2.54451e+06   |        134.915   |       15.45702   |       11.99128   |       27.83589   |   27:30:54   |   19:07:14   |
178000      |   -2.54437e+06   |    -2.5445e+06   |         136.81   |       15.60204   |       12.20998   |       27.60897   |   27:40:10   |   18:57:52   |
179000      |   -2.54436e+06   |    -2.5445e+06   |        141.699   |       16.13257   |       11.98018   |       27.72145   |   27:49:21   |   18:48:26   |


Iter        |      Posterior   |     Likelihood   |          Prior   |   divtime_di..   |   divtime_ja..   |      root_time   |    elapsed   |        ETA   |
-------------------------------------------------------------------------------------------------------------------------------------------------------------
180000      |   -2.54435e+06   |    -2.5445e+06   |        145.126   |       15.55696   |       11.91362   |       28.70943   |   27:58:33   |   18:39:02   |
181000      |   -2.54436e+06   |   -2.54451e+06   |         143.52   |       15.23904   |        12.0708   |       27.67322   |   28:07:51   |   18:29:41   |
182000      |   -2.54435e+06   |   -2.54451e+06   |        158.634   |        15.5661   |        12.0063   |       26.78647   |   28:17:02   |   18:20:16   |
183000      |   -2.54434e+06   |   -2.54451e+06   |        167.293   |       17.40786   |       11.96694   |       28.33218   |   28:26:01   |   18:10:43   |
184000      |   -2.54435e+06   |    -2.5445e+06   |        156.203   |       16.86392   |       11.59205   |       26.40814   |   28:35:06   |   18:01:15   |
185000      |   -2.54434e+06   |   -2.54451e+06   |        165.187   |       17.00951   |       11.43996   |       29.32808   |   28:44:30   |   17:51:59   |
186000      |   -2.54435e+06   |    -2.5445e+06   |        152.815   |       16.90974   |        11.4065   |       29.21657   |   28:53:38   |   17:42:32   |
187000      |   -2.54435e+06   |    -2.5445e+06   |        149.892   |       16.47294   |       11.23766   |        27.0361   |   29:02:56   |   17:33:12   |
188000      |   -2.54434e+06   |    -2.5445e+06   |        162.792   |       16.18773   |       11.32369   |       26.38277   |   29:12:23   |   17:23:58   |
189000      |   -2.54434e+06   |    -2.5445e+06   |        162.512   |       14.85275   |       10.90716   |       28.59185   |   29:21:51   |   17:14:44   |
190000      |   -2.54434e+06   |    -2.5445e+06   |        162.304   |        15.0832   |       10.85643   |       28.35482   |   29:31:26   |   17:05:34   |
191000      |   -2.54437e+06   |    -2.5445e+06   |        132.694   |       15.08961   |       10.84884   |       27.39966   |   29:40:40   |   16:56:11   |
192000      |   -2.54436e+06   |    -2.5445e+06   |        138.808   |       15.54926   |       10.87819   |       29.11523   |   29:49:51   |   16:46:47   |
193000      |   -2.54435e+06   |   -2.54449e+06   |        144.676   |       14.97925   |       10.93156   |       28.96244   |   29:59:04   |   16:37:24   |
194000      |   -2.54434e+06   |   -2.54449e+06   |        155.589   |        15.0738   |        10.8704   |       29.69835   |   30:08:26   |   16:28:06   |
195000      |   -2.54434e+06   |   -2.54451e+06   |        163.017   |        15.0481   |       10.75689   |       28.83513   |   30:17:37   |   16:18:43   |
196000      |   -2.54435e+06   |   -2.54449e+06   |        145.525   |       14.64455   |       10.78122   |       28.41334   |   30:26:33   |   16:09:11   |
197000      |   -2.54436e+06   |    -2.5445e+06   |        142.875   |       14.62324   |       10.63824   |       29.66639   |   30:35:46   |   15:59:49   |
198000      |   -2.54438e+06   |   -2.54451e+06   |        131.046   |       14.42971   |        10.5529   |       28.25596   |   30:44:52   |   15:50:23   |
199000      |   -2.54434e+06   |    -2.5445e+06   |        161.432   |       14.52341   |       10.49982   |       28.92184   |   30:53:45   |   15:40:50   |


Iter        |      Posterior   |     Likelihood   |          Prior   |   divtime_di..   |   divtime_ja..   |      root_time   |    elapsed   |        ETA   |
-------------------------------------------------------------------------------------------------------------------------------------------------------------
200000      |   -2.54435e+06   |   -2.54451e+06   |        150.813   |       14.39517   |       10.62563   |       29.50562   |   31:02:40   |   15:31:20   |
201000      |   -2.54436e+06   |    -2.5445e+06   |         144.59   |       13.60109   |       10.69094   |       28.09634   |   31:11:44   |   15:21:53   |
202000      |   -2.54435e+06   |    -2.5445e+06   |        153.572   |       14.00776   |       10.77113   |       29.26937   |   31:20:50   |   15:12:29   |
203000      |   -2.54434e+06   |   -2.54451e+06   |        166.115   |       14.04437   |       10.86465   |       28.23036   |   31:30:09   |   15:03:10   |
204000      |   -2.54438e+06   |   -2.54451e+06   |        134.592   |       15.16296   |       10.82162   |       29.08593   |   31:39:25   |   14:53:50   |
205000      |   -2.54434e+06   |    -2.5445e+06   |        159.933   |       14.11855   |       11.08387   |       29.17797   |   31:49:05   |   14:44:41   |
206000      |   -2.54434e+06   |    -2.5445e+06   |        154.211   |       14.72013   |       10.80452   |       28.01388   |   31:58:31   |   14:35:26   |
207000      |   -2.54434e+06   |    -2.5445e+06   |        159.859   |       14.72304   |       11.25061   |       29.82901   |   32:07:55   |   14:26:09   |
208000      |   -2.54434e+06   |   -2.54451e+06   |        168.339   |       14.64052   |       11.28898   |       29.93123   |   32:17:11   |   14:16:49   |
209000      |   -2.54436e+06   |   -2.54451e+06   |        146.722   |       14.73466   |        11.4725   |       29.89435   |   32:26:40   |   14:07:35   |
210000      |   -2.54435e+06   |   -2.54451e+06   |        162.421   |       14.94646   |       11.87233   |       29.28989   |   32:35:51   |   13:58:13   |
211000      |   -2.54435e+06   |   -2.54451e+06   |        154.895   |       15.40678   |       11.37445   |       29.48934   |   32:45:08   |   13:48:53   |
212000      |   -2.54435e+06   |   -2.54451e+06   |        156.762   |       15.46893   |       11.37195   |       29.23673   |   32:54:33   |   13:39:37   |
213000      |   -2.54435e+06   |   -2.54451e+06   |        162.368   |       15.36824   |       11.34563   |       29.10315   |   33:04:01   |   13:30:22   |
214000      |   -2.54435e+06   |    -2.5445e+06   |        145.362   |       14.97684   |       11.53486   |        29.9043   |   33:13:19   |   13:21:03   |
215000      |   -2.54437e+06   |   -2.54451e+06   |        145.171   |        14.9885   |        11.4679   |       29.11825   |   33:22:28   |   13:11:40   |
216000      |   -2.54435e+06   |    -2.5445e+06   |        146.838   |       14.55965   |       11.52149   |        29.1094   |   33:31:56   |   13:02:25   |
217000      |   -2.54434e+06   |   -2.54451e+06   |        165.912   |        14.2475   |       11.66389   |       27.94493   |   33:41:28   |   12:53:11   |
218000      |   -2.54435e+06   |    -2.5445e+06   |        151.469   |       13.98267   |       11.73648   |       27.97884   |   33:50:44   |   12:43:51   |
219000      |   -2.54433e+06   |   -2.54451e+06   |        179.565   |       13.91931   |       11.78059   |       27.69745   |   33:59:57   |   12:34:30   |


Iter        |      Posterior   |     Likelihood   |          Prior   |   divtime_di..   |   divtime_ja..   |      root_time   |    elapsed   |        ETA   |
-------------------------------------------------------------------------------------------------------------------------------------------------------------
220000      |   -2.54433e+06   |   -2.54449e+06   |        163.777   |       14.21786   |       11.65827   |       27.68081   |   34:09:32   |   12:25:17   |
221000      |   -2.54436e+06   |   -2.54449e+06   |        132.996   |       14.49031   |       11.71644   |       25.99612   |   34:19:03   |   12:16:02   |
222000      |   -2.54435e+06   |    -2.5445e+06   |        151.142   |       14.08731   |       11.73435   |       26.02004   |   34:28:20   |   12:06:42   |
223000      |   -2.54432e+06   |   -2.54449e+06   |        170.068   |       13.95859   |       11.78964   |       28.12665   |   34:37:32   |   11:57:21   |
224000      |   -2.54436e+06   |    -2.5445e+06   |        143.267   |        13.7846   |       11.83141   |       26.17467   |   34:46:51   |   11:48:02   |
225000      |   -2.54432e+06   |   -2.54449e+06   |        170.044   |       13.68859   |        12.1259   |       26.86239   |   34:55:57   |   11:38:39   |
226000      |   -2.54434e+06   |    -2.5445e+06   |        155.191   |        13.7894   |       11.93351   |       27.38647   |   35:05:16   |   11:29:20   |
227000      |   -2.54432e+06   |    -2.5445e+06   |        174.737   |       13.60933   |         12.112   |       27.21026   |   35:14:27   |   11:19:58   |
228000      |   -2.54433e+06   |    -2.5445e+06   |        161.311   |       13.95868   |       12.26882   |       27.66644   |   35:23:26   |   11:10:33   |
229000      |   -2.54434e+06   |    -2.5445e+06   |        158.215   |       14.13923   |       12.32635   |       28.72898   |   35:32:33   |   11:01:11   |
230000      |   -2.54436e+06   |   -2.54452e+06   |        159.258   |       14.15853   |       12.45199   |       28.11034   |   35:41:47   |   10:51:50   |
231000      |   -2.54434e+06   |    -2.5445e+06   |        157.458   |       14.52989   |       12.34854   |       28.34738   |   35:50:55   |   10:42:28   |
232000      |   -2.54434e+06   |    -2.5445e+06   |        160.051   |       14.95691   |       12.53214   |       27.38486   |   36:00:09   |   10:33:08   |
233000      |   -2.54434e+06   |    -2.5445e+06   |        158.915   |       14.98922   |       12.09028   |       27.34439   |   36:09:31   |   10:23:51   |
234000      |   -2.54434e+06   |    -2.5445e+06   |        160.028   |       15.88773   |       12.07617   |       28.10608   |   36:18:49   |   10:14:32   |
235000      |   -2.54434e+06   |    -2.5445e+06   |        155.399   |       15.99602   |       12.37058   |       28.06926   |   36:27:57   |   10:05:10   |
236000      |   -2.54434e+06   |   -2.54449e+06   |        155.485   |       15.80866   |       12.36923   |       28.20164   |   36:37:11   |   09:55:50   |
237000      |   -2.54434e+06   |    -2.5445e+06   |        163.368   |       15.58223   |       12.39854   |       28.87946   |   36:46:34   |   09:46:33   |
238000      |   -2.54434e+06   |    -2.5445e+06   |        166.059   |       15.73086   |       12.52834   |       28.58623   |   36:55:39   |   09:37:11   |
239000      |   -2.54435e+06   |   -2.54451e+06   |        158.467   |       15.59658   |       12.29001   |        29.6279   |   37:04:51   |   09:27:50   |


Iter        |      Posterior   |     Likelihood   |          Prior   |   divtime_di..   |   divtime_ja..   |      root_time   |    elapsed   |        ETA   |
-------------------------------------------------------------------------------------------------------------------------------------------------------------
240000      |   -2.54435e+06   |    -2.5445e+06   |        149.678   |       15.62201   |       12.40207   |       29.08342   |   37:14:05   |   09:18:31   |
241000      |   -2.54434e+06   |    -2.5445e+06   |        161.767   |       16.55534   |       12.18398   |       28.74456   |   37:23:24   |   09:09:12   |
242000      |   -2.54434e+06   |   -2.54451e+06   |        167.722   |       17.66854   |       12.13298   |        28.5714   |   37:32:25   |   08:59:50   |
243000      |   -2.54435e+06   |   -2.54451e+06   |        165.934   |       17.83624   |       11.99483   |       29.15724   |   37:41:33   |   08:50:29   |
244000      |   -2.54439e+06   |   -2.54451e+06   |        121.833   |       16.61417   |       11.95908   |       29.00412   |   37:50:47   |   08:41:09   |
245000      |   -2.54435e+06   |   -2.54451e+06   |        152.746   |       17.44111   |       11.96568   |       29.59725   |   37:59:46   |   08:31:47   |
246000      |   -2.54435e+06   |    -2.5445e+06   |        152.032   |       17.52984   |       11.90681   |       28.62369   |   38:08:46   |   08:22:24   |
247000      |   -2.54436e+06   |    -2.5445e+06   |        143.161   |       18.09611   |       12.01262   |       29.26126   |   38:17:35   |   08:13:00   |
248000      |   -2.54432e+06   |   -2.54449e+06   |        176.141   |         18.218   |       12.23203   |       29.72163   |   38:26:42   |   08:03:39   |
249000      |   -2.54433e+06   |    -2.5445e+06   |        169.105   |       20.01724   |       12.11888   |       29.89096   |   38:35:46   |   07:54:18   |
250000      |   -2.54434e+06   |    -2.5445e+06   |        156.569   |       18.98743   |       12.08811   |       28.94364   |   38:44:56   |   07:44:59   |
251000      |   -2.54432e+06   |   -2.54449e+06   |        175.048   |       18.97531   |       12.35496   |       27.94713   |   38:54:04   |   07:35:39   |
252000      |   -2.54435e+06   |    -2.5445e+06   |        150.849   |       18.58248   |       12.15178   |       28.19239   |   39:03:07   |   07:26:18   |
253000      |   -2.54434e+06   |    -2.5445e+06   |        161.805   |       18.57492   |       12.10479   |       28.21831   |   39:12:12   |   07:16:58   |
254000      |   -2.54436e+06   |   -2.54451e+06   |        142.952   |       19.60285   |       12.20563   |       27.99164   |   39:21:16   |   07:07:37   |
255000      |   -2.54434e+06   |   -2.54451e+06   |        171.358   |       18.99777   |       12.27835   |       26.98015   |   39:30:23   |   06:58:18   |
256000      |   -2.54435e+06   |   -2.54451e+06   |        151.527   |       19.68071   |       12.78967   |       29.13876   |   39:39:31   |   06:48:58   |
257000      |   -2.54434e+06   |    -2.5445e+06   |        155.363   |       21.01538   |       13.24508   |       27.74501   |   39:48:32   |   06:39:38   |
258000      |   -2.54435e+06   |    -2.5445e+06   |        153.671   |       21.57396   |       13.04153   |       29.43791   |   39:57:28   |   06:30:17   |
259000      |   -2.54432e+06   |    -2.5445e+06   |        174.979   |       19.45275   |       12.97465   |       29.93087   |   40:06:19   |   06:20:55   |


Iter        |      Posterior   |     Likelihood   |          Prior   |   divtime_di..   |   divtime_ja..   |      root_time   |    elapsed   |        ETA   |
-------------------------------------------------------------------------------------------------------------------------------------------------------------
260000      |   -2.54437e+06   |   -2.54452e+06   |        152.557   |       18.58442   |       13.52343   |       27.89027   |   40:15:14   |   06:11:34   |
261000      |   -2.54435e+06   |   -2.54451e+06   |        155.561   |       18.34591   |       13.44022   |       29.12995   |   40:24:20   |   06:02:15   |
262000      |   -2.54435e+06   |   -2.54451e+06   |        154.862   |       17.68252   |       13.43016   |       27.67401   |   40:33:26   |   05:52:56   |
263000      |   -2.54434e+06   |    -2.5445e+06   |        163.702   |       18.54431   |       13.60191   |       29.69628   |   40:42:38   |   05:43:38   |
264000      |   -2.54431e+06   |    -2.5445e+06   |        194.835   |       19.43389   |       13.87831   |        27.8889   |   40:51:40   |   05:34:19   |
265000      |   -2.54435e+06   |    -2.5445e+06   |         151.18   |       19.24837   |       13.99796   |       29.92089   |   41:00:47   |   05:25:00   |
266000      |   -2.54433e+06   |    -2.5445e+06   |        173.832   |       18.20277   |       14.03634   |       29.70378   |   41:09:59   |   05:15:42   |
267000      |   -2.54434e+06   |    -2.5445e+06   |        157.277   |        19.4656   |       13.33873   |       29.19592   |   41:19:08   |   05:06:24   |
268000      |   -2.54434e+06   |    -2.5445e+06   |         166.52   |       19.00859   |       13.51109   |        28.0582   |   41:28:21   |   04:57:06   |
269000      |   -2.54437e+06   |   -2.54451e+06   |        142.596   |       18.04457   |       13.49324   |       29.82181   |   41:37:33   |   04:47:49   |
270000      |   -2.54435e+06   |    -2.5445e+06   |        148.874   |       16.88851   |        12.6429   |       28.94064   |   41:46:25   |   04:38:29   |
271000      |   -2.54436e+06   |   -2.54451e+06   |        148.287   |       16.99113   |       12.37339   |       28.57992   |   41:55:12   |   04:29:09   |
272000      |   -2.54437e+06   |   -2.54451e+06   |        144.157   |       18.51195   |       12.07928   |       29.30553   |   42:04:04   |   04:19:49   |
273000      |   -2.54436e+06   |    -2.5445e+06   |        138.149   |       15.74426   |       11.67128   |       29.74681   |   42:12:56   |   04:10:30   |
274000      |   -2.54437e+06   |   -2.54451e+06   |        138.058   |       17.14559   |       11.90726   |       28.22393   |   42:21:44   |   04:01:11   |
275000      |   -2.54435e+06   |   -2.54451e+06   |        155.027   |        17.0848   |       12.12487   |       29.61162   |   42:30:43   |   03:51:53   |
276000      |   -2.54435e+06   |    -2.5445e+06   |        150.535   |        16.7283   |        11.8518   |       29.70131   |   42:39:43   |   03:42:35   |
277000      |   -2.54436e+06   |   -2.54451e+06   |        150.472   |       16.64502   |       12.03534   |       28.24199   |   42:48:35   |   03:33:16   |
278000      |   -2.54438e+06   |   -2.54451e+06   |        132.275   |       16.78097   |       12.22036   |       29.27535   |   42:57:38   |   03:23:59   |
279000      |   -2.54439e+06   |   -2.54452e+06   |        129.954   |       15.73727   |       11.94475   |       29.45562   |   43:06:34   |   03:14:41   |


Iter        |      Posterior   |     Likelihood   |          Prior   |   divtime_di..   |   divtime_ja..   |      root_time   |    elapsed   |        ETA   |
-------------------------------------------------------------------------------------------------------------------------------------------------------------
280000      |   -2.54438e+06   |   -2.54451e+06   |        128.739   |       15.39658   |       11.83291   |       29.68522   |   43:15:36   |   03:05:24   |
281000      |   -2.54438e+06   |   -2.54452e+06   |        138.208   |       15.60722   |       11.83293   |       29.77809   |   43:24:56   |   02:56:08   |
282000      |   -2.54437e+06   |   -2.54452e+06   |         145.47   |       15.17402   |        11.8274   |       29.05818   |   43:33:55   |   02:46:50   |
283000      |   -2.54437e+06   |   -2.54452e+06   |        146.085   |       15.68334   |       11.88292   |       28.71042   |   43:43:05   |   02:37:34   |
284000      |   -2.54437e+06   |   -2.54452e+06   |        156.853   |       16.51618   |       11.90946   |       29.67426   |   43:52:20   |   02:28:18   |
285000      |   -2.54436e+06   |   -2.54452e+06   |        156.483   |        15.7066   |       12.12465   |       29.32668   |   44:01:48   |   02:19:02   |
286000      |   -2.54436e+06   |   -2.54451e+06   |        153.598   |       14.94104   |       11.77248   |        29.8876   |   44:10:59   |   02:09:46   |
287000      |   -2.54435e+06   |   -2.54451e+06   |        157.365   |       15.33129   |       11.82214   |       29.08841   |   44:20:08   |   02:00:29   |
288000      |   -2.54435e+06   |   -2.54451e+06   |        160.238   |       15.36821   |       11.72036   |       29.04598   |   44:29:26   |   01:51:13   |
289000      |   -2.54435e+06   |   -2.54451e+06   |        159.731   |       15.74001   |       11.53732   |       28.68231   |   44:38:42   |   01:41:57   |
290000      |   -2.54438e+06   |   -2.54452e+06   |        138.464   |        16.1661   |       11.48224   |       29.74795   |   44:48:02   |   01:32:41   |
291000      |   -2.54435e+06   |    -2.5445e+06   |        158.768   |       15.19128   |       11.68584   |       29.33819   |   44:57:15   |   01:23:25   |
292000      |   -2.54436e+06   |   -2.54451e+06   |        151.813   |       15.00468   |       11.77686   |       28.43675   |   45:06:23   |   01:14:08   |
293000      |   -2.54436e+06   |    -2.5445e+06   |        144.844   |       14.69167   |       11.81235   |       27.43112   |   45:15:36   |   01:04:52   |
294000      |   -2.54433e+06   |    -2.5445e+06   |        161.938   |        14.8516   |       11.72437   |       27.96841   |   45:24:47   |   00:55:36   |
295000      |   -2.54436e+06   |    -2.5445e+06   |         142.32   |       15.20214   |       12.00155   |        27.1701   |   45:33:58   |   00:46:20   |
296000      |   -2.54436e+06   |    -2.5445e+06   |        147.827   |        14.6528   |       11.56819   |        29.9678   |   45:43:04   |   00:37:04   |
297000      |   -2.54434e+06   |    -2.5445e+06   |        164.069   |       14.30838   |       11.69762   |       27.40515   |   45:52:11   |   00:27:47   |
298000      |   -2.54435e+06   |    -2.5445e+06   |        148.846   |       14.00779   |       11.43856   |        27.1492   |   46:01:31   |   00:18:32   |
299000      |   -2.54436e+06   |    -2.5445e+06   |         144.39   |       14.12808   |       11.50681   |       28.37277   |   46:10:45   |   00:09:16   |


Iter        |      Posterior   |     Likelihood   |          Prior   |   divtime_di..   |   divtime_ja..   |      root_time   |    elapsed   |        ETA   |
-------------------------------------------------------------------------------------------------------------------------------------------------------------
300000      |   -2.54436e+06   |    -2.5445e+06   |        145.381   |       13.82319   |       11.29308   |       27.84108   |   46:19:45   |   00:00:00   |
