
RevBayes version (1.1.1)
Build from development (rapture-649-g20534c) on Sun Apr 11 23:30:45 CDT 2021

Visit the website www.RevBayes.com for more information about RevBayes.

RevBayes is free software released under the GPL license, version 3. Type 'license()' for details.

To quit RevBayes type 'quit()' or 'q()'.


> source("scripts/combined_evidence_fbd_clean.Rev")
   Processing file "scripts/combined_evidence_fbd_clean.Rev"
   Successfully read one character matrix from file 'data/nuclear.nex'
   Successfully read one character matrix from file 'data/morpho_clean.nex'
   NOTE: setNumStatesPartition() partitions by the maximum observed state, not the total number of observed states.
   WARNING: There are 18 characters incompatible with the specified coding bias. These characters will be excluded.
   Could not compute lnProb for node fbd_tree.
   (((Canis_lupus[&index=23]:6.276685,Canis_etruscus[&...

   Drawing new initial states ...
   Could not compute lnProb for node fbd_tree.
   (((((Canis_etruscus[&index=23]:1.958717,((Canis_dir...

   Drawing new initial states ...
   Could not compute lnProb for node fbd_tree.
   (Urocyon_cinereoargenteus[&index=23]:29.480422,((((...

   Drawing new initial states ...
   Could not compute lnProb for node fbd_tree.
   (Urocyon_webbi[&index=23]:24.580422,(((Canis_adustu...

   Drawing new initial states ...
   Could not compute lnProb for node fbd_tree.
   (Urocyon_cinereoargenteus[&index=23]:29.480422,((Ur...

   Drawing new initial states ...
   Could not compute lnProb for node fbd_tree.
   ((Urocyon_cinereoargenteus[&index=23]:11.063171,Uro...

   Drawing new initial states ...
   Could not compute lnProb for node fbd_tree.
   (Urocyon_cinereoargenteus[&index=23]:29.480422,(Uro...

   Drawing new initial states ...
   Could not compute lnProb for node fbd_tree.
   (Urocyon_webbi[&index=23]:24.580422,((Urocyon_ciner...

   Drawing new initial states ...
   Could not compute lnProb for node fbd_tree.
   (Urocyon_minicephalus[&index=23]:29.180422,((Urocyo...

   Drawing new initial states ...
   Could not compute lnProb for node fbd_tree.
   (((((Canis_dirus[&index=23]:5.774899,(Canis_mosbach...

   Drawing new initial states ...
   Could not compute lnProb for node fbd_tree.
   (((((((Canis_edwardii[&index=23]:4.310355,(Canis_lu...

   Drawing new initial states ...
   Could not compute lnProb for node fbd_tree.
   (Urocyon_webbi[&index=23]:24.580422,(((((((Lycaon_p...

   Drawing new initial states ...

   Running MCMC simulation
   This simulation runs 2 independent replicates.
   The simulator uses 296 different moves in a random move schedule with 346.767 moves per iteration

Iter        |      Posterior   |     Likelihood   |          Prior   |   divtime_di..   |   divtime_ja..   |      root_time   |    elapsed   |        ETA   |
-------------------------------------------------------------------------------------------------------------------------------------------------------------
0           |   -5.20436e+06   |   -5.20425e+06   |        -113.17   |       28.93039   |       28.93039   |        29.4818   |   00:00:00   |   --:--:--   |
1000        |   -2.55088e+06   |   -2.55099e+06   |        119.098   |       21.86132   |       21.86132   |       29.62744   |   00:09:22   |   --:--:--   |
2000        |   -2.55088e+06   |     -2.551e+06   |        116.832   |       22.21401   |       22.21401   |       29.88465   |   00:18:50   |   46:46:10   |
3000        |   -2.55086e+06   |     -2.551e+06   |        138.725   |       22.26319   |       22.26319   |       28.77257   |   00:28:07   |   46:23:33   |
4000        |   -2.55088e+06   |   -2.55099e+06   |        117.859   |       22.00157   |       22.00157   |       29.04207   |   00:37:26   |   46:10:04   |
5000        |   -2.55086e+06   |   -2.55099e+06   |        133.133   |       21.77246   |       21.77246   |         29.406   |   00:46:42   |   45:55:18   |
6000        |   -2.55084e+06   |     -2.551e+06   |         162.69   |       21.77473   |       21.77473   |       29.77005   |   00:56:00   |   45:44:00   |
7000        |   -2.55087e+06   |   -2.55099e+06   |        126.494   |       21.83006   |       21.83006   |       29.98078   |   01:04:54   |   45:16:31   |
8000        |   -2.54736e+06   |    -2.5475e+06   |        139.953   |       22.28354   |       22.28354   |       29.77933   |   01:13:38   |   44:47:37   |
9000        |   -2.54735e+06   |   -2.54749e+06   |        140.448   |        22.1986   |        22.1986   |       29.36029   |   01:22:20   |   44:22:06   |
10000       |   -2.54503e+06   |   -2.54518e+06   |        153.403   |       23.69126   |       23.69126   |       28.73954   |   01:31:15   |   44:06:15   |
11000       |   -2.54503e+06   |   -2.54518e+06   |        145.222   |       24.90063   |       24.90063   |       29.12234   |   01:40:18   |   43:55:09   |
12000       |   -2.54505e+06   |   -2.54518e+06   |        127.622   |        24.4847   |        24.4847   |        27.8814   |   01:49:08   |   43:39:12   |
13000       |   -2.54502e+06   |   -2.54518e+06   |        153.098   |       24.25573   |       24.25573   |       29.91246   |   01:57:59   |   43:24:42   |
14000       |   -2.54503e+06   |   -2.54518e+06   |        152.074   |       23.47362   |       23.47362   |       28.91943   |   02:06:42   |   43:08:18   |
15000       |     -2.545e+06   |   -2.54517e+06   |        178.362   |       23.33061   |       23.33061   |       28.11299   |   02:15:29   |   42:54:11   |
16000       |   -2.54501e+06   |   -2.54517e+06   |        162.296   |       23.66344   |       23.66344   |        29.1023   |   02:24:15   |   42:40:26   |
17000       |   -2.54501e+06   |   -2.54518e+06   |        175.299   |       23.76448   |       23.76448   |        29.9505   |   02:33:01   |   42:27:16   |
18000       |   -2.54501e+06   |   -2.54518e+06   |        160.247   |       23.60567   |       23.60567   |       28.92336   |   02:41:52   |   42:15:54   |
19000       |   -2.54503e+06   |   -2.54518e+06   |        150.423   |       24.22967   |       24.22967   |       28.45041   |   02:50:44   |   42:05:03   |


Iter        |      Posterior   |     Likelihood   |          Prior   |   divtime_di..   |   divtime_ja..   |      root_time   |    elapsed   |        ETA   |
-------------------------------------------------------------------------------------------------------------------------------------------------------------
20000       |   -2.54503e+06   |   -2.54519e+06   |        155.513   |       24.52975   |       24.52975   |       29.90709   |   02:59:32   |   41:53:28   |
21000       |   -2.54503e+06   |   -2.54518e+06   |        158.308   |       23.98862   |       23.98862   |       29.86442   |   03:08:15   |   41:41:02   |
22000       |   -2.54502e+06   |   -2.54518e+06   |        159.744   |       23.99981   |       23.99981   |        29.5977   |   03:17:00   |   41:29:21   |
23000       |   -2.54504e+06   |   -2.54518e+06   |        146.014   |       23.83424   |       23.83424   |       29.91122   |   03:25:55   |   41:19:57   |
24000       |   -2.54503e+06   |   -2.54518e+06   |        147.699   |       23.82848   |       23.82848   |       27.93444   |   03:34:46   |   41:09:49   |
25000       |   -2.54502e+06   |   -2.54518e+06   |        163.546   |       23.86479   |       23.86479   |       28.56695   |   03:43:28   |   40:58:08   |
26000       |   -2.54503e+06   |   -2.54518e+06   |        149.464   |       23.97669   |       23.97669   |         28.813   |   03:52:14   |   40:47:22   |
27000       |   -2.54502e+06   |   -2.54519e+06   |        174.214   |       23.88248   |       23.88248   |       29.73905   |   04:01:05   |   40:37:37   |
28000       |   -2.54502e+06   |   -2.54518e+06   |        161.385   |       23.84371   |       23.84371   |       29.25996   |   04:10:06   |   40:29:32   |
29000       |   -2.54503e+06   |   -2.54518e+06   |        152.405   |       23.78094   |       23.78094   |       28.86849   |   04:18:56   |   40:19:41   |
30000       |   -2.54501e+06   |   -2.54518e+06   |        169.556   |       23.64965   |       23.64965   |       29.92169   |   04:27:42   |   40:09:18   |
31000       |   -2.54503e+06   |   -2.54519e+06   |        156.264   |       23.71402   |       23.71402   |       27.77776   |   04:36:25   |   39:58:35   |
32000       |   -2.54502e+06   |   -2.54518e+06   |        166.193   |        23.2756   |        23.2756   |       28.90706   |   04:45:03   |   39:47:17   |
33000       |   -2.54504e+06   |   -2.54518e+06   |        146.928   |       23.51328   |       23.51328   |        28.8665   |   04:53:33   |   39:35:05   |
34000       |   -2.54502e+06   |   -2.54518e+06   |        164.428   |       23.25882   |       23.25882   |       29.34354   |   05:02:04   |   39:23:13   |
35000       |   -2.54502e+06   |   -2.54517e+06   |        154.303   |       23.01792   |       23.01792   |       28.61883   |   05:10:44   |   39:12:41   |
36000       |   -2.54504e+06   |   -2.54518e+06   |        139.906   |       23.23675   |       23.23675   |       28.91434   |   05:19:28   |   39:02:45   |
37000       |     -2.545e+06   |   -2.54517e+06   |        168.964   |       23.48472   |       23.48472   |       27.91217   |   05:28:02   |   38:51:41   |
38000       |   -2.54502e+06   |   -2.54518e+06   |         159.75   |       23.49046   |       23.49046   |       29.63938   |   05:36:41   |   38:41:20   |
39000       |   -2.54505e+06   |   -2.54519e+06   |        136.579   |       23.61666   |       23.61666   |       28.53754   |   05:45:34   |   38:32:38   |


Iter        |      Posterior   |     Likelihood   |          Prior   |   divtime_di..   |   divtime_ja..   |      root_time   |    elapsed   |        ETA   |
-------------------------------------------------------------------------------------------------------------------------------------------------------------
40000       |   -2.54501e+06   |   -2.54517e+06   |        164.277   |       22.92888   |       22.92888   |        26.9361   |   05:54:33   |   38:24:34   |
41000       |   -2.54501e+06   |   -2.54517e+06   |        162.863   |       22.95606   |       22.95606   |       29.35271   |   06:03:21   |   38:15:18   |
42000       |   -2.54501e+06   |   -2.54517e+06   |        167.033   |       22.76272   |       22.76272   |       27.51989   |   06:12:02   |   38:05:20   |
43000       |   -2.54505e+06   |   -2.54519e+06   |        136.505   |       23.12389   |       23.12389   |       28.48709   |   06:20:49   |   37:56:02   |
44000       |   -2.54433e+06   |   -2.54451e+06   |        171.651   |       23.52644   |       22.27566   |       28.39131   |   06:29:28   |   37:45:59   |
45000       |   -2.54433e+06   |    -2.5445e+06   |         165.95   |       23.75025   |       22.14815   |       27.70992   |   06:37:59   |   37:35:14   |
46000       |   -2.54433e+06   |    -2.5445e+06   |        169.356   |       23.91196   |        22.1834   |       29.42379   |   06:46:47   |   37:26:09   |
47000       |   -2.54435e+06   |    -2.5445e+06   |        156.833   |        24.0969   |       22.21929   |       29.64393   |   06:55:28   |   37:16:26   |
48000       |   -2.54434e+06   |   -2.54451e+06   |        162.755   |       24.05979   |       22.45495   |       28.65337   |   07:04:14   |   37:07:13   |
49000       |   -2.54437e+06   |    -2.5445e+06   |        134.978   |       23.79444   |       22.54017   |       29.17395   |   07:12:47   |   36:56:54   |
50000       |   -2.54434e+06   |   -2.54451e+06   |        164.861   |       23.81694   |       22.79256   |       29.52547   |   07:21:13   |   36:46:05   |
51000       |   -2.54434e+06   |    -2.5445e+06   |        157.156   |        23.7002   |       22.98046   |       28.66914   |   07:29:29   |   36:34:32   |
52000       |   -2.54435e+06   |   -2.54451e+06   |        156.068   |         23.847   |       23.06397   |       28.74748   |   07:37:51   |   36:23:35   |
53000       |   -2.54436e+06   |   -2.54451e+06   |        147.822   |       23.95695   |        22.9747   |       27.97794   |   07:46:23   |   36:13:31   |
54000       |   -2.54435e+06   |   -2.54449e+06   |        143.112   |       23.83831   |       23.08367   |       29.28392   |   07:55:03   |   36:04:07   |
55000       |   -2.54435e+06   |   -2.54449e+06   |        141.755   |        23.8475   |       22.91417   |       29.24468   |   08:03:41   |   35:54:35   |
56000       |   -2.54434e+06   |   -2.54449e+06   |        155.222   |       23.85294   |       22.72196   |        28.5115   |   08:12:34   |   35:46:11   |
57000       |   -2.54434e+06   |    -2.5445e+06   |        160.883   |        23.8964   |       22.95439   |       28.58793   |   08:21:26   |   35:37:41   |
58000       |   -2.54434e+06   |   -2.54451e+06   |        163.904   |       23.92222   |       22.90964   |       29.31938   |   08:30:09   |   35:28:33   |
59000       |   -2.54434e+06   |    -2.5445e+06   |        152.759   |       24.23791   |       22.92031   |       29.44776   |   08:38:54   |   35:19:34   |


Iter        |      Posterior   |     Likelihood   |          Prior   |   divtime_di..   |   divtime_ja..   |      root_time   |    elapsed   |        ETA   |
-------------------------------------------------------------------------------------------------------------------------------------------------------------
60000       |   -2.54431e+06   |    -2.5445e+06   |         184.77   |       24.40697   |       22.95046   |       29.83112   |   08:47:33   |   35:10:12   |
61000       |   -2.54434e+06   |   -2.54451e+06   |        173.333   |       24.56936   |       22.53558   |       29.86247   |   08:56:11   |   35:00:47   |
62000       |   -2.54434e+06   |    -2.5445e+06   |        165.614   |        25.4155   |       22.76544   |        29.7928   |   09:04:45   |   34:51:08   |
63000       |   -2.54435e+06   |    -2.5445e+06   |        148.197   |       26.00101   |       22.91371   |       29.67993   |   09:13:16   |   34:41:20   |
64000       |   -2.54434e+06   |    -2.5445e+06   |        158.319   |        25.8668   |       23.23574   |       29.38655   |   09:21:46   |   34:31:30   |
65000       |   -2.54436e+06   |    -2.5445e+06   |        137.092   |       25.07171   |       23.48437   |       28.64126   |   09:30:26   |   34:22:20   |
66000       |   -2.54436e+06   |   -2.54451e+06   |        149.654   |       25.39064   |       23.80049   |       28.38035   |   09:39:08   |   34:13:17   |
67000       |   -2.54436e+06   |   -2.54451e+06   |        149.541   |       25.18502   |       23.69661   |       26.38677   |   09:47:46   |   34:04:01   |
68000       |   -2.54434e+06   |    -2.5445e+06   |        159.203   |       26.20448   |       23.62709   |       29.82635   |   09:56:27   |   33:54:56   |
69000       |   -2.54437e+06   |   -2.54451e+06   |        140.061   |       25.86189   |       23.33374   |          29.73   |   10:05:04   |   33:45:39   |
70000       |   -2.54433e+06   |    -2.5445e+06   |         167.71   |       25.22778   |         23.537   |       28.13992   |   10:13:33   |   33:35:57   |
71000       |   -2.54435e+06   |    -2.5445e+06   |        151.949   |       25.45083   |       23.98876   |       27.38084   |   10:22:04   |   33:26:23   |
72000       |   -2.54435e+06   |   -2.54451e+06   |        160.416   |       25.47578   |       24.08843   |       29.43915   |   10:30:40   |   33:17:06   |
73000       |   -2.54436e+06   |    -2.5445e+06   |        147.717   |       25.46637   |        24.2445   |       29.25365   |   10:39:17   |   33:07:54   |
74000       |   -2.54434e+06   |    -2.5445e+06   |        160.148   |       25.37683   |       23.92655   |       29.10966   |   10:48:04   |   32:59:13   |
75000       |   -2.54436e+06   |   -2.54452e+06   |        153.621   |       25.26368   |       23.92216   |       29.36017   |   10:56:55   |   32:50:45   |
76000       |   -2.54435e+06   |    -2.5445e+06   |        151.583   |       25.35617   |       23.77876   |       29.96523   |   11:06:11   |   32:43:29   |
77000       |   -2.54436e+06   |   -2.54449e+06   |        139.124   |       25.33595   |       24.13182   |       28.26639   |   11:15:20   |   32:35:50   |
78000       |   -2.54437e+06   |    -2.5445e+06   |        128.404   |       26.32943   |       24.36849   |       29.67696   |   11:24:34   |   32:28:22   |
79000       |   -2.54436e+06   |    -2.5445e+06   |        148.962   |        26.1316   |       24.42766   |        29.0937   |   11:33:47   |   32:20:50   |


Iter        |      Posterior   |     Likelihood   |          Prior   |   divtime_di..   |   divtime_ja..   |      root_time   |    elapsed   |        ETA   |
-------------------------------------------------------------------------------------------------------------------------------------------------------------
80000       |   -2.54435e+06   |   -2.54451e+06   |        159.705   |       25.71946   |       24.64482   |       28.17253   |   11:42:41   |   32:12:22   |
81000       |   -2.54435e+06   |    -2.5445e+06   |        149.166   |       25.65916   |         24.749   |       28.25098   |   11:51:25   |   32:03:27   |
82000       |   -2.54434e+06   |   -2.54449e+06   |        150.683   |       25.73884   |       24.75323   |       26.84226   |   12:00:14   |   31:54:46   |
83000       |   -2.54435e+06   |   -2.54449e+06   |        143.514   |       25.94354   |       24.42245   |       27.76256   |   12:08:59   |   31:45:53   |
84000       |   -2.54432e+06   |   -2.54449e+06   |        174.002   |       25.73881   |       24.45327   |       29.09759   |   12:17:43   |   31:36:59   |
85000       |   -2.54433e+06   |    -2.5445e+06   |        163.399   |       25.38985   |       24.42678   |       28.72738   |   12:26:39   |   31:28:35   |
86000       |   -2.54434e+06   |    -2.5445e+06   |         159.22   |       26.20058   |       24.28772   |        28.8352   |   12:35:28   |   31:19:52   |
87000       |   -2.54436e+06   |    -2.5445e+06   |        142.373   |       26.11074   |       24.44981   |       28.38022   |   12:44:16   |   31:11:08   |
88000       |   -2.54435e+06   |    -2.5445e+06   |        155.502   |        25.3703   |       24.12555   |        28.6224   |   12:53:03   |   31:02:20   |
89000       |   -2.54435e+06   |    -2.5445e+06   |        156.578   |       25.43408   |       24.02126   |       29.79641   |   13:01:48   |   30:53:28   |
90000       |   -2.54436e+06   |   -2.54451e+06   |        152.514   |       25.75747   |       24.14984   |       28.49828   |   13:10:38   |   30:44:48   |
91000       |   -2.54435e+06   |    -2.5445e+06   |        154.451   |       25.67534   |       24.18391   |       26.07913   |   13:19:22   |   30:35:54   |
92000       |   -2.54435e+06   |    -2.5445e+06   |        154.493   |       26.13418   |       24.56204   |       26.68097   |   13:28:16   |   30:27:23   |
93000       |   -2.54432e+06   |   -2.54449e+06   |        171.745   |       25.86123   |       24.51785   |       27.95792   |   13:37:12   |   30:18:55   |
94000       |   -2.54434e+06   |    -2.5445e+06   |         160.57   |       25.55939   |       24.42779   |       28.89591   |   13:46:26   |   30:11:07   |
95000       |   -2.54436e+06   |    -2.5445e+06   |        143.784   |       25.36405   |       23.94058   |       28.79953   |   13:55:45   |   30:03:27   |
96000       |   -2.54436e+06   |   -2.54451e+06   |        153.566   |       25.30754   |       23.98668   |       29.63609   |   14:04:46   |   29:55:07   |
97000       |   -2.54435e+06   |    -2.5445e+06   |        144.495   |       25.98169   |       24.04347   |        26.8483   |   14:13:55   |   29:47:03   |
98000       |   -2.54435e+06   |   -2.54451e+06   |         158.59   |       26.05581   |       23.96246   |       28.46925   |   14:22:56   |   29:38:41   |
99000       |   -2.54434e+06   |    -2.5445e+06   |        155.173   |       26.15281   |        23.9101   |       29.81842   |   14:32:02   |   29:30:29   |


Iter        |      Posterior   |     Likelihood   |          Prior   |   divtime_di..   |   divtime_ja..   |      root_time   |    elapsed   |        ETA   |
-------------------------------------------------------------------------------------------------------------------------------------------------------------
100000      |   -2.54435e+06   |   -2.54449e+06   |        142.586   |       25.66604   |       23.44744   |       26.76498   |   14:40:57   |   29:21:54   |
101000      |   -2.54435e+06   |   -2.54451e+06   |        154.805   |       25.71684   |       23.32197   |       29.40631   |   14:49:54   |   29:13:22   |
102000      |   -2.54437e+06   |    -2.5445e+06   |         135.03   |       25.79896   |       23.19395   |       27.85429   |   14:58:37   |   29:04:22   |
103000      |   -2.54436e+06   |    -2.5445e+06   |        141.538   |       26.85516   |       23.20996   |       28.57132   |   15:07:21   |   28:55:25   |
104000      |   -2.54434e+06   |    -2.5445e+06   |        156.294   |       27.00741   |       23.67207   |        28.1398   |   15:16:08   |   28:46:33   |
105000      |   -2.54439e+06   |   -2.54451e+06   |        123.041   |       26.10705   |       23.45178   |       28.02384   |   15:25:02   |   28:37:55   |
106000      |   -2.54436e+06   |    -2.5445e+06   |        139.315   |       25.75356   |       23.24042   |       28.11976   |   15:33:46   |   28:28:58   |
107000      |   -2.54436e+06   |   -2.54451e+06   |        149.338   |       25.14068   |       23.39004   |       25.95849   |   15:42:35   |   28:20:10   |
108000      |   -2.54436e+06   |   -2.54449e+06   |        130.463   |       24.65003   |       23.58927   |       29.56687   |   15:51:23   |   28:11:20   |
109000      |   -2.54433e+06   |    -2.5445e+06   |        164.454   |       24.78295   |       23.65866   |       25.66906   |   16:00:10   |   28:02:29   |
110000      |   -2.54435e+06   |    -2.5445e+06   |         151.98   |         25.239   |       23.80879   |       27.78607   |   16:09:11   |   27:54:02   |
111000      |   -2.54434e+06   |    -2.5445e+06   |        157.685   |       25.08281   |       23.87179   |       27.93507   |   16:18:16   |   27:45:41   |
112000      |   -2.54434e+06   |    -2.5445e+06   |        160.942   |       25.03164   |       24.12217   |       29.47753   |   16:27:09   |   27:37:00   |
113000      |   -2.54433e+06   |    -2.5445e+06   |        165.822   |       25.39802   |       24.22544   |       29.41708   |   16:35:59   |   27:28:13   |
114000      |   -2.54436e+06   |    -2.5445e+06   |        149.005   |       25.05449   |       23.89582   |       27.74903   |   16:44:47   |   27:19:23   |
115000      |   -2.54435e+06   |    -2.5445e+06   |        151.768   |       25.00329   |       23.79347   |       28.06674   |   16:53:48   |   27:10:53   |
116000      |   -2.54435e+06   |    -2.5445e+06   |        157.754   |         25.312   |       23.74365   |       29.38499   |   17:02:42   |   27:02:12   |
117000      |   -2.54432e+06   |   -2.54451e+06   |        184.823   |        25.1251   |       23.39879   |       29.65792   |   17:11:38   |   26:53:34   |
118000      |   -2.54431e+06   |    -2.5445e+06   |        190.369   |       25.89101   |       23.69777   |       29.26993   |   17:20:39   |   26:45:04   |
119000      |   -2.54437e+06   |    -2.5445e+06   |         137.49   |        26.3413   |       23.83536   |       29.92076   |   17:29:35   |   26:36:25   |


Iter        |      Posterior   |     Likelihood   |          Prior   |   divtime_di..   |   divtime_ja..   |      root_time   |    elapsed   |        ETA   |
-------------------------------------------------------------------------------------------------------------------------------------------------------------
120000      |   -2.54435e+06   |    -2.5445e+06   |        149.863   |        26.3457   |       23.52225   |       29.30875   |   17:38:27   |   26:27:40   |
121000      |   -2.54435e+06   |    -2.5445e+06   |        155.824   |        25.7043   |       23.57752   |       28.23215   |   17:47:19   |   26:18:55   |
122000      |   -2.54434e+06   |   -2.54451e+06   |        179.581   |       25.75153   |       23.66131   |       29.45586   |   17:56:08   |   26:10:05   |
123000      |   -2.54434e+06   |    -2.5445e+06   |        160.505   |       26.08573   |       23.81193   |       28.69192   |   18:04:57   |   26:01:16   |
124000      |   -2.54434e+06   |   -2.54451e+06   |        174.245   |       26.38269   |       23.20615   |       29.21667   |   18:13:46   |   25:52:26   |
125000      |   -2.54435e+06   |   -2.54451e+06   |        161.388   |       25.59086   |       22.91638   |       29.66849   |   18:22:21   |   25:43:17   |
126000      |   -2.54434e+06   |   -2.54451e+06   |        176.352   |       25.68588   |       23.19365   |       29.63654   |   18:31:00   |   25:34:14   |
127000      |   -2.54436e+06   |   -2.54451e+06   |        145.469   |       25.53151   |       23.09355   |       29.22957   |   18:39:55   |   25:25:33   |
128000      |   -2.54433e+06   |   -2.54451e+06   |        172.357   |       25.88075   |       23.14102   |       28.92622   |   18:49:00   |   25:17:05   |
129000      |   -2.54433e+06   |    -2.5445e+06   |        162.948   |       26.72061   |       23.17857   |       28.54943   |   18:57:55   |   25:08:24   |
130000      |   -2.54436e+06   |   -2.54451e+06   |        151.873   |       27.01643   |       23.27716   |       29.92106   |   19:06:47   |   24:59:38   |
131000      |   -2.54435e+06   |   -2.54451e+06   |          166.4   |       26.23659   |       23.24189   |       27.49453   |   19:15:39   |   24:50:52   |
132000      |   -2.54435e+06   |    -2.5445e+06   |        152.553   |       26.47604   |       23.20691   |       29.52135   |   19:24:30   |   24:42:05   |
133000      |   -2.54434e+06   |   -2.54451e+06   |        176.856   |       25.83984   |       23.25322   |       28.76907   |   19:33:20   |   24:33:16   |
134000      |   -2.54435e+06   |   -2.54451e+06   |        154.847   |       25.07903   |       23.31549   |       29.84487   |   19:42:06   |   24:24:23   |
135000      |   -2.54435e+06   |    -2.5445e+06   |        156.483   |       25.09017   |        23.2885   |       29.63738   |   19:50:45   |   24:15:21   |
136000      |   -2.54435e+06   |    -2.5445e+06   |        150.034   |       25.14317   |       23.23683   |       28.85073   |   19:59:28   |   24:06:24   |
137000      |   -2.54434e+06   |    -2.5445e+06   |        164.618   |       25.04677   |       23.05319   |        28.1266   |   20:08:02   |   23:57:17   |
138000      |   -2.54433e+06   |    -2.5445e+06   |        171.313   |       25.14359   |       22.93539   |       28.60138   |   20:16:38   |   23:48:13   |
139000      |   -2.54433e+06   |    -2.5445e+06   |         171.56   |        25.2067   |       23.10356   |       29.47183   |   20:25:11   |   23:39:05   |


Iter        |      Posterior   |     Likelihood   |          Prior   |   divtime_di..   |   divtime_ja..   |      root_time   |    elapsed   |        ETA   |
-------------------------------------------------------------------------------------------------------------------------------------------------------------
140000      |   -2.54435e+06   |   -2.54451e+06   |        157.857   |       25.29194   |       23.00247   |       29.18126   |   20:33:47   |   23:30:02   |
141000      |   -2.54433e+06   |    -2.5445e+06   |         167.93   |       25.12467   |        22.9303   |       29.11557   |   20:42:37   |   23:21:14   |
142000      |   -2.54431e+06   |    -2.5445e+06   |        190.476   |       25.47005   |       23.08729   |       29.82037   |   20:51:35   |   23:12:36   |
143000      |   -2.54434e+06   |    -2.5445e+06   |        157.213   |       25.58344   |        22.9805   |       29.92657   |   21:00:47   |   23:04:13   |
144000      |    -2.5444e+06   |   -2.54452e+06   |        118.115   |       25.92889   |       22.97299   |       29.88295   |   21:09:50   |   22:55:39   |
145000      |   -2.54434e+06   |    -2.5445e+06   |        152.179   |       26.19059   |       22.89832   |       29.80486   |   21:18:49   |   22:47:00   |
146000      |   -2.54437e+06   |    -2.5445e+06   |        131.759   |       26.61126   |       22.73007   |       29.39716   |   21:27:44   |   22:38:17   |
147000      |   -2.54437e+06   |   -2.54452e+06   |        145.609   |       26.23058   |        22.2911   |       29.08744   |   21:36:42   |   22:29:37   |
148000      |   -2.54435e+06   |   -2.54451e+06   |        160.634   |       25.52592   |        22.4586   |       29.37074   |   21:45:29   |   22:20:46   |
149000      |   -2.54435e+06   |   -2.54451e+06   |        158.706   |       25.51747   |       22.62362   |       29.17081   |   21:54:20   |   22:11:58   |
150000      |   -2.54434e+06   |    -2.5445e+06   |        156.121   |       24.98384   |       22.28091   |       28.58358   |   22:03:26   |   22:03:26   |
151000      |   -2.54436e+06   |    -2.5445e+06   |        146.225   |       25.73617   |       23.02496   |       29.27596   |   22:12:22   |   21:54:43   |
152000      |   -2.54432e+06   |   -2.54449e+06   |        170.634   |       27.54842   |       22.76405   |       29.42047   |   22:21:08   |   21:45:50   |
153000      |   -2.54435e+06   |    -2.5445e+06   |        154.026   |       27.16394   |       22.85013   |       28.27063   |   22:29:37   |   21:36:41   |
154000      |   -2.54436e+06   |    -2.5445e+06   |        144.799   |       25.58704   |       23.48772   |       29.18758   |   22:38:16   |   21:27:42   |
155000      |   -2.54435e+06   |   -2.54451e+06   |        160.496   |       25.28542   |       23.63159   |       27.48177   |   22:47:06   |   21:18:53   |
156000      |   -2.54434e+06   |   -2.54451e+06   |        169.711   |       25.01191   |       23.63274   |       27.16084   |   22:55:45   |   21:09:55   |
157000      |   -2.54435e+06   |   -2.54451e+06   |        158.756   |       24.72884   |       23.50227   |       29.97794   |   23:04:32   |   21:01:04   |
158000      |   -2.54436e+06   |   -2.54451e+06   |        143.913   |         24.421   |       23.24025   |       26.64941   |   23:13:29   |   20:52:22   |
159000      |   -2.54434e+06   |    -2.5445e+06   |        161.699   |       24.30117   |       23.45428   |       28.56585   |   23:22:14   |   20:43:29   |


Iter        |      Posterior   |     Likelihood   |          Prior   |   divtime_di..   |   divtime_ja..   |      root_time   |    elapsed   |        ETA   |
-------------------------------------------------------------------------------------------------------------------------------------------------------------
160000      |   -2.54436e+06   |    -2.5445e+06   |        146.897   |       24.23006   |       23.36536   |       28.57338   |   23:30:50   |   20:34:28   |
161000      |   -2.54435e+06   |    -2.5445e+06   |        155.096   |       24.01499   |       23.25596   |       28.41152   |   23:39:28   |   20:25:30   |
162000      |   -2.54432e+06   |   -2.54449e+06   |        170.227   |       24.07738   |       23.14234   |       29.85625   |   23:48:09   |   20:16:34   |
163000      |   -2.54433e+06   |    -2.5445e+06   |        170.159   |       24.22766   |       23.36816   |       25.86373   |   23:57:19   |   20:08:03   |
164000      |   -2.54433e+06   |    -2.5445e+06   |        175.715   |       24.03356   |        23.2005   |       28.01531   |   24:06:18   |   19:59:22   |
165000      |   -2.54434e+06   |    -2.5445e+06   |          167.8   |       24.04114   |       23.34848   |       27.70271   |   24:15:21   |   19:50:44   |
166000      |   -2.54435e+06   |   -2.54451e+06   |        157.248   |       23.96593   |       23.21335   |       28.68368   |   24:24:34   |   19:42:14   |
167000      |   -2.54434e+06   |    -2.5445e+06   |        164.302   |       23.87685   |       23.18913   |       29.75059   |   24:33:23   |   19:33:24   |
168000      |   -2.54434e+06   |    -2.5445e+06   |        167.805   |       23.76953   |       23.18789   |       28.28538   |   24:42:21   |   19:24:42   |
169000      |   -2.54435e+06   |   -2.54449e+06   |        147.896   |       23.69347   |       23.19828   |       26.94368   |   24:51:16   |   19:15:57   |
170000      |   -2.54432e+06   |   -2.54451e+06   |        184.818   |       23.69341   |       23.10995   |       29.63362   |   24:59:53   |   19:06:58   |
171000      |   -2.54433e+06   |   -2.54451e+06   |        175.769   |        23.8925   |       23.15533   |       28.17029   |   25:08:19   |   18:57:51   |
172000      |   -2.54435e+06   |    -2.5445e+06   |        153.032   |       23.81789   |       23.10342   |       28.37124   |   25:16:46   |   18:48:45   |
173000      |   -2.54433e+06   |   -2.54452e+06   |        184.752   |       23.81333   |       22.68599   |       27.17954   |   25:25:20   |   18:39:45   |
174000      |   -2.54433e+06   |    -2.5445e+06   |        174.916   |       23.85496   |       22.88954   |       27.80253   |   25:33:52   |   18:30:43   |
175000      |   -2.54433e+06   |    -2.5445e+06   |        162.555   |       23.84205   |       22.72397   |       27.43057   |   25:42:25   |   18:21:43   |
176000      |   -2.54434e+06   |   -2.54451e+06   |        174.713   |       23.99982   |       22.52849   |        28.6471   |   25:50:59   |   18:12:44   |
177000      |    -2.5443e+06   |    -2.5445e+06   |        191.965   |       24.54419   |       22.54294   |       29.90506   |   25:59:41   |   18:03:50   |
178000      |   -2.54432e+06   |    -2.5445e+06   |        183.431   |       24.93111   |       22.51048   |       29.21304   |   26:08:32   |   17:55:03   |
179000      |   -2.54435e+06   |   -2.54451e+06   |        153.672   |       24.49625   |       22.60369   |       28.08779   |   26:17:17   |   17:46:12   |


Iter        |      Posterior   |     Likelihood   |          Prior   |   divtime_di..   |   divtime_ja..   |      root_time   |    elapsed   |        ETA   |
-------------------------------------------------------------------------------------------------------------------------------------------------------------
180000      |   -2.54433e+06   |    -2.5445e+06   |        173.591   |       23.79432   |       22.33743   |       26.79331   |   26:26:11   |   17:37:27   |
181000      |   -2.54433e+06   |    -2.5445e+06   |         170.53   |       23.75076   |       22.20714   |       27.73447   |   26:35:05   |   17:28:42   |
182000      |   -2.54433e+06   |   -2.54451e+06   |        176.152   |       23.86547   |       22.24646   |       25.62924   |   26:43:53   |   17:19:52   |
183000      |   -2.54433e+06   |    -2.5445e+06   |        171.471   |       23.77887   |       22.32124   |       28.25827   |   26:52:50   |   17:11:09   |
184000      |   -2.54433e+06   |   -2.54451e+06   |        180.261   |       24.18167   |       22.37984   |       28.32395   |   27:01:50   |   17:02:27   |
185000      |   -2.54433e+06   |    -2.5445e+06   |        173.137   |       23.49355   |       22.54374   |       29.93398   |   27:10:45   |   16:53:42   |
186000      |   -2.54433e+06   |    -2.5445e+06   |        163.689   |       23.57215   |       22.30477   |       28.84886   |   27:19:39   |   16:44:56   |
187000      |   -2.54433e+06   |    -2.5445e+06   |        173.975   |       23.11207   |       22.44161   |       29.47398   |   27:28:33   |   16:36:10   |
188000      |   -2.54433e+06   |    -2.5445e+06   |        170.829   |       22.99448   |       22.46989   |       26.64234   |   27:37:40   |   16:27:32   |
189000      |   -2.54433e+06   |   -2.54449e+06   |        168.013   |       22.90861   |       22.59002   |       27.31036   |   27:46:49   |   16:18:55   |
190000      |   -2.54436e+06   |    -2.5445e+06   |        141.679   |       22.85603   |       22.63312   |       28.46339   |   27:55:46   |   16:10:10   |
191000      |   -2.54431e+06   |    -2.5445e+06   |        188.591   |       22.83642   |       22.63407   |       24.42181   |   28:04:44   |   16:01:26   |
192000      |   -2.54434e+06   |    -2.5445e+06   |        158.331   |       22.83921   |       22.67025   |       26.45707   |   28:13:42   |   15:52:42   |
193000      |   -2.54432e+06   |    -2.5445e+06   |        172.402   |       22.84178   |       22.66754   |       27.58353   |   28:22:42   |   15:43:59   |
194000      |   -2.54436e+06   |   -2.54449e+06   |        138.263   |       22.85647   |        22.6549   |       28.91409   |   28:31:24   |   15:35:05   |
195000      |   -2.54436e+06   |    -2.5445e+06   |        132.376   |        22.8685   |       22.62881   |        25.5656   |   28:40:01   |   15:26:09   |
196000      |   -2.54436e+06   |    -2.5445e+06   |        142.486   |       22.95614   |        22.6162   |       24.85558   |   28:48:38   |   15:17:14   |
197000      |   -2.54435e+06   |    -2.5445e+06   |        144.997   |       22.84162   |       22.63002   |       27.71347   |   28:57:15   |   15:08:18   |
198000      |   -2.54436e+06   |    -2.5445e+06   |        145.563   |       22.87119   |       22.61079   |       26.51192   |   29:05:55   |   14:59:24   |
199000      |   -2.54437e+06   |    -2.5445e+06   |        133.585   |       22.86502   |       22.66569   |       25.98772   |   29:14:35   |   14:50:31   |


Iter        |      Posterior   |     Likelihood   |          Prior   |   divtime_di..   |   divtime_ja..   |      root_time   |    elapsed   |        ETA   |
-------------------------------------------------------------------------------------------------------------------------------------------------------------
200000      |   -2.54435e+06   |    -2.5445e+06   |         153.17   |       22.96635   |       22.64543   |       26.82077   |   29:23:22   |   14:41:41   |
201000      |   -2.54435e+06   |    -2.5445e+06   |        146.747   |         23.024   |       22.61388   |       23.84896   |   29:32:10   |   14:32:51   |
202000      |   -2.54435e+06   |    -2.5445e+06   |        156.573   |       23.23181   |       22.53332   |       29.24834   |   29:41:04   |   14:24:04   |
203000      |   -2.54435e+06   |    -2.5445e+06   |        155.925   |       23.30718   |       22.74256   |       28.71279   |   29:50:04   |   14:15:21   |
204000      |   -2.54434e+06   |    -2.5445e+06   |        166.655   |       23.48588   |        22.7652   |       26.02116   |   29:59:00   |   14:06:35   |
205000      |   -2.54432e+06   |   -2.54451e+06   |        180.845   |       23.73004   |       22.95885   |       28.39596   |   30:07:55   |   13:57:48   |
206000      |   -2.54433e+06   |    -2.5445e+06   |        171.441   |       23.81087   |       22.81448   |        25.7956   |   30:16:42   |   13:48:58   |
207000      |   -2.54434e+06   |    -2.5445e+06   |        161.358   |       23.34951   |       22.65548   |         25.279   |   30:25:23   |   13:40:05   |
208000      |   -2.54432e+06   |    -2.5445e+06   |        186.871   |       23.66993   |       22.61005   |       29.72494   |   30:34:09   |   13:31:15   |
209000      |   -2.54432e+06   |   -2.54451e+06   |        184.069   |       23.54937   |       22.53175   |       25.07568   |   30:43:00   |   13:22:27   |
210000      |   -2.54432e+06   |   -2.54451e+06   |        190.073   |       23.65731   |       22.64198   |       25.37693   |   30:51:56   |   13:13:41   |
211000      |   -2.54433e+06   |   -2.54451e+06   |        179.052   |       23.53416   |       22.91241   |       26.39711   |   31:00:50   |   13:04:54   |
212000      |   -2.54435e+06   |    -2.5445e+06   |        154.526   |       23.72372   |       22.85816   |       26.04429   |   31:09:37   |   12:56:04   |
213000      |   -2.54434e+06   |    -2.5445e+06   |        160.093   |       23.88141   |       23.00136   |       26.22296   |   31:18:26   |   12:47:14   |
214000      |   -2.54432e+06   |   -2.54451e+06   |        188.245   |       24.02576   |       23.05879   |       25.44841   |   31:27:18   |   12:38:26   |
215000      |   -2.54435e+06   |   -2.54449e+06   |        146.289   |       23.96684   |       23.10275   |       25.62544   |   31:36:22   |   12:29:43   |
216000      |   -2.54435e+06   |    -2.5445e+06   |        151.595   |       24.07301   |       22.87012   |       28.00635   |   31:45:20   |   12:20:57   |
217000      |   -2.54432e+06   |   -2.54449e+06   |        168.992   |       24.02115   |       22.85083   |       29.15596   |   31:54:20   |   12:12:12   |
218000      |   -2.54434e+06   |    -2.5445e+06   |        163.114   |       24.18099   |       23.19091   |       26.54787   |   32:03:40   |   12:03:34   |
219000      |   -2.54434e+06   |   -2.54451e+06   |        169.835   |        24.3565   |       23.17657   |       29.98566   |   32:12:53   |   11:54:54   |


Iter        |      Posterior   |     Likelihood   |          Prior   |   divtime_di..   |   divtime_ja..   |      root_time   |    elapsed   |        ETA   |
-------------------------------------------------------------------------------------------------------------------------------------------------------------
220000      |   -2.54436e+06   |   -2.54451e+06   |        146.659   |       24.51761   |       23.03943   |       29.38188   |   32:22:10   |   11:46:14   |
221000      |   -2.54434e+06   |    -2.5445e+06   |        162.471   |       24.82243   |       23.11704   |       29.15575   |   32:31:18   |   11:37:31   |
222000      |   -2.54434e+06   |    -2.5445e+06   |        156.059   |       24.72006   |       23.42673   |       28.06461   |   32:40:25   |   11:28:47   |
223000      |   -2.54434e+06   |    -2.5445e+06   |        158.067   |       24.84543   |       23.66109   |        29.4534   |   32:49:38   |   11:20:05   |
224000      |   -2.54434e+06   |    -2.5445e+06   |        164.868   |       25.38396   |       23.53169   |       29.71098   |   32:58:47   |   11:11:22   |
225000      |   -2.54435e+06   |   -2.54451e+06   |        159.935   |       25.23882   |       23.55383   |       28.71101   |   33:07:52   |   11:02:37   |
226000      |   -2.54434e+06   |    -2.5445e+06   |        159.919   |       25.19054   |        23.5179   |       26.57283   |   33:16:56   |   10:53:51   |
227000      |   -2.54433e+06   |    -2.5445e+06   |        162.441   |       25.12028   |       23.73479   |       28.41488   |   33:25:57   |   10:45:05   |
228000      |   -2.54435e+06   |    -2.5445e+06   |        149.678   |       24.88502   |       23.41738   |       26.96287   |   33:35:05   |   10:36:20   |
229000      |   -2.54434e+06   |    -2.5445e+06   |        159.284   |        24.6213   |       23.78711   |       25.26501   |   33:44:20   |   10:27:37   |
230000      |   -2.54433e+06   |    -2.5445e+06   |        177.114   |       24.98117   |       23.59791   |       28.59757   |   33:53:39   |   10:18:56   |
231000      |   -2.54438e+06   |   -2.54451e+06   |        129.094   |       24.81358   |       23.48961   |       29.89598   |   34:02:46   |   10:10:10   |
232000      |   -2.54435e+06   |   -2.54451e+06   |        157.459   |       24.41323   |       23.22545   |        25.9333   |   34:11:53   |   10:01:24   |
233000      |   -2.54433e+06   |   -2.54449e+06   |        160.317   |       24.17231   |       23.41164   |        25.6003   |   34:20:57   |   09:52:38   |
234000      |   -2.54433e+06   |    -2.5445e+06   |        165.147   |       24.16605   |       23.38136   |       26.10118   |   34:30:09   |   09:43:53   |
235000      |   -2.54433e+06   |    -2.5445e+06   |         168.57   |       24.13216   |       23.55049   |        29.9737   |   34:39:24   |   09:35:09   |
236000      |   -2.54434e+06   |    -2.5445e+06   |        157.769   |        24.1329   |       23.42396   |       28.36109   |   34:48:41   |   09:26:25   |
237000      |   -2.54432e+06   |   -2.54449e+06   |        170.458   |        24.2715   |       23.51319   |       27.71714   |   34:57:57   |   09:17:40   |
238000      |   -2.54432e+06   |    -2.5445e+06   |        177.261   |       24.29472   |       23.45563   |       28.37192   |   35:07:23   |   09:08:58   |
239000      |   -2.54434e+06   |   -2.54451e+06   |        168.852   |       24.15687   |       23.22771   |       28.76784   |   35:16:40   |   09:00:14   |


Iter        |      Posterior   |     Likelihood   |          Prior   |   divtime_di..   |   divtime_ja..   |      root_time   |    elapsed   |        ETA   |
-------------------------------------------------------------------------------------------------------------------------------------------------------------
240000      |   -2.54433e+06   |   -2.54451e+06   |        178.113   |        25.9059   |        23.0322   |       28.32101   |   35:26:02   |   08:51:30   |
241000      |   -2.54433e+06   |   -2.54449e+06   |        164.718   |       26.31135   |        23.1232   |       29.63807   |   35:35:30   |   08:42:47   |
242000      |   -2.54434e+06   |   -2.54449e+06   |        155.359   |       25.28591   |       23.51777   |       29.34002   |   35:44:55   |   08:34:04   |
243000      |   -2.54433e+06   |   -2.54449e+06   |        164.866   |       25.53659   |       23.68814   |       28.02364   |   35:54:10   |   08:25:17   |
244000      |   -2.54433e+06   |    -2.5445e+06   |        172.726   |       26.50221   |       23.81166   |       28.58008   |   36:03:18   |   08:16:29   |
245000      |   -2.54432e+06   |    -2.5445e+06   |        177.017   |        26.3043   |       23.48471   |       29.94448   |   36:12:42   |   08:07:44   |
246000      |   -2.54433e+06   |    -2.5445e+06   |         169.52   |       26.26055   |       23.05951   |       27.58116   |   36:22:13   |   07:59:01   |
247000      |   -2.54434e+06   |   -2.54449e+06   |         156.46   |       27.05554   |       23.27497   |       27.19608   |   36:32:00   |   07:50:20   |
248000      |   -2.54433e+06   |    -2.5445e+06   |        177.414   |       27.02971   |       23.38796   |       28.02228   |   36:41:21   |   07:41:34   |
249000      |   -2.54432e+06   |    -2.5445e+06   |        175.219   |       26.45425   |       23.16147   |       29.17308   |   36:50:39   |   07:32:47   |
250000      |   -2.54433e+06   |   -2.54451e+06   |        179.127   |       26.64039   |       23.05375   |       28.38096   |   36:59:47   |   07:23:57   |
251000      |   -2.54433e+06   |   -2.54449e+06   |        164.684   |       26.58191   |        22.9832   |       27.93807   |   37:09:05   |   07:15:09   |
252000      |   -2.54434e+06   |   -2.54451e+06   |        177.016   |       25.95848   |       23.31375   |        26.7623   |   37:18:25   |   07:06:21   |
253000      |   -2.54433e+06   |   -2.54451e+06   |        177.491   |       25.57154   |       23.41656   |       28.94436   |   37:27:34   |   06:57:31   |
254000      |   -2.54432e+06   |   -2.54451e+06   |         188.04   |       25.33018   |         23.186   |       29.37582   |   37:36:44   |   06:48:41   |
255000      |   -2.54432e+06   |   -2.54448e+06   |        162.833   |       25.84533   |       22.92619   |       29.86297   |   37:45:59   |   06:39:52   |
256000      |   -2.54436e+06   |    -2.5445e+06   |        145.394   |       25.91584   |         22.825   |       27.88572   |   37:55:14   |   06:31:03   |
257000      |   -2.54432e+06   |    -2.5445e+06   |        183.477   |       26.44003   |       22.79904   |       29.05658   |   38:04:36   |   06:22:14   |
258000      |   -2.54432e+06   |   -2.54449e+06   |        172.956   |       27.06641   |       22.78316   |       29.77477   |   38:13:38   |   06:13:22   |
259000      |   -2.54432e+06   |    -2.5445e+06   |          173.6   |       26.08697   |       22.68039   |       29.21184   |   38:22:47   |   06:04:31   |


Iter        |      Posterior   |     Likelihood   |          Prior   |   divtime_di..   |   divtime_ja..   |      root_time   |    elapsed   |        ETA   |
-------------------------------------------------------------------------------------------------------------------------------------------------------------
260000      |   -2.54432e+06   |    -2.5445e+06   |         172.92   |       26.37137   |        22.6803   |       28.17304   |   38:31:55   |   05:55:40   |
261000      |   -2.54437e+06   |   -2.54451e+06   |        138.102   |       26.42192   |       22.73142   |       29.95055   |   38:41:03   |   05:46:49   |
262000      |   -2.54434e+06   |   -2.54449e+06   |        153.795   |       26.19125   |       22.62205   |       28.35275   |   38:50:11   |   05:37:57   |
263000      |   -2.54433e+06   |    -2.5445e+06   |        165.606   |       24.69738   |        22.7595   |       27.90378   |   38:59:21   |   05:29:06   |
264000      |   -2.54433e+06   |    -2.5445e+06   |        167.422   |       25.54353   |       22.86996   |        29.4966   |   39:08:18   |   05:20:13   |
265000      |   -2.54432e+06   |    -2.5445e+06   |        175.278   |       25.45058   |       22.80183   |       28.47563   |   39:17:12   |   05:11:19   |
266000      |   -2.54433e+06   |    -2.5445e+06   |        165.925   |       25.37298   |       22.77751   |       28.91534   |   39:26:14   |   05:02:27   |
267000      |   -2.54432e+06   |   -2.54449e+06   |        176.806   |       24.87198   |       22.79891   |       26.87075   |   39:35:26   |   04:53:35   |
268000      |   -2.54433e+06   |    -2.5445e+06   |        175.067   |       24.65278   |       22.91249   |       28.13132   |   39:44:35   |   04:44:43   |
269000      |   -2.54433e+06   |   -2.54452e+06   |        186.623   |       25.05018   |       22.89735   |       27.86642   |   39:53:57   |   04:35:52   |
270000      |   -2.54431e+06   |    -2.5445e+06   |        182.617   |       25.58168   |       22.73526   |       27.89499   |   40:03:13   |   04:27:01   |
271000      |   -2.54433e+06   |   -2.54449e+06   |        160.254   |       25.51248   |       22.66262   |       29.83628   |   40:12:28   |   04:18:09   |
272000      |   -2.54432e+06   |   -2.54449e+06   |        166.629   |       25.08936   |       22.57034   |       29.92324   |   40:21:39   |   04:09:17   |
273000      |   -2.54433e+06   |    -2.5445e+06   |        172.045   |         25.786   |       22.83925   |       29.92725   |   40:30:49   |   04:00:24   |
274000      |   -2.54435e+06   |    -2.5445e+06   |        155.752   |       25.55172   |       22.82724   |       29.97635   |   40:40:00   |   03:51:31   |
275000      |   -2.54432e+06   |   -2.54449e+06   |        171.532   |       25.14424   |       22.73234   |       27.76236   |   40:49:12   |   03:42:39   |
276000      |    -2.5443e+06   |    -2.5445e+06   |        195.987   |       24.64014   |       22.61692   |       28.50965   |   40:58:32   |   03:33:47   |
277000      |   -2.54431e+06   |    -2.5445e+06   |        185.041   |        25.5059   |       22.61119   |       29.54254   |   41:07:56   |   03:24:55   |
278000      |   -2.54436e+06   |    -2.5445e+06   |            143   |       24.98576   |       22.83623   |       27.63526   |   41:17:21   |   03:16:02   |
279000      |    -2.5443e+06   |   -2.54449e+06   |        189.344   |       24.51494   |       22.64028   |       29.05172   |   41:26:48   |   03:07:10   |


Iter        |      Posterior   |     Likelihood   |          Prior   |   divtime_di..   |   divtime_ja..   |      root_time   |    elapsed   |        ETA   |
-------------------------------------------------------------------------------------------------------------------------------------------------------------
280000      |   -2.54432e+06   |    -2.5445e+06   |        178.058   |       24.09203   |          22.77   |        27.7338   |   41:36:16   |   02:58:18   |
281000      |   -2.54431e+06   |    -2.5445e+06   |        189.659   |       24.05056   |       22.76338   |       28.32802   |   41:45:36   |   02:49:25   |
282000      |   -2.54432e+06   |    -2.5445e+06   |        183.292   |       24.28566   |       22.84351   |       29.01462   |   41:54:42   |   02:40:30   |
283000      |   -2.54435e+06   |   -2.54452e+06   |        167.286   |       24.01276   |       22.84632   |       27.29747   |   42:03:26   |   02:31:35   |
284000      |    -2.5443e+06   |   -2.54449e+06   |        183.056   |       24.12822   |       22.81104   |       28.46765   |   42:12:31   |   02:22:40   |
285000      |   -2.54433e+06   |   -2.54449e+06   |         166.31   |       24.57624   |       22.79825   |       27.46884   |   42:21:32   |   02:13:45   |
286000      |   -2.54431e+06   |   -2.54449e+06   |        184.179   |        24.2357   |       22.82299   |       26.26932   |   42:30:31   |   02:04:51   |
287000      |   -2.54433e+06   |    -2.5445e+06   |        165.615   |       24.03191   |       22.98193   |       28.23489   |   42:39:42   |   01:55:56   |
288000      |   -2.54431e+06   |    -2.5445e+06   |        190.286   |       24.63354   |       23.01709   |       28.17513   |   42:48:52   |   01:47:02   |
289000      |   -2.54434e+06   |    -2.5445e+06   |        164.661   |        24.2194   |        23.0507   |       26.30112   |   42:58:01   |   01:38:07   |
290000      |   -2.54432e+06   |    -2.5445e+06   |        178.946   |       24.08421   |       23.12432   |       29.04701   |   43:07:12   |   01:29:12   |
291000      |   -2.54435e+06   |   -2.54451e+06   |         157.79   |       24.14064   |       23.32836   |        29.5345   |   43:16:25   |   01:20:18   |
292000      |   -2.54431e+06   |   -2.54449e+06   |        185.076   |        24.1228   |       23.32656   |       28.45905   |   43:25:45   |   01:11:23   |
293000      |   -2.54433e+06   |    -2.5445e+06   |        165.197   |       24.12955   |       23.28135   |       28.94506   |   43:35:04   |   01:02:28   |
294000      |   -2.54435e+06   |    -2.5445e+06   |         150.94   |       24.15382   |       23.27082   |       28.68324   |   43:44:24   |   00:53:33   |
295000      |   -2.54434e+06   |    -2.5445e+06   |         162.13   |       24.28396   |       23.36767   |       28.44641   |   43:53:28   |   00:44:38   |
296000      |   -2.54432e+06   |   -2.54449e+06   |         173.16   |       24.06294   |       23.40009   |       29.51734   |   44:02:34   |   00:35:42   |
297000      |   -2.54432e+06   |   -2.54451e+06   |        185.364   |       24.09478   |       23.52318   |        29.1921   |   44:11:38   |   00:26:47   |
298000      |   -2.54432e+06   |    -2.5445e+06   |        173.436   |       24.01075   |        23.3353   |        28.6633   |   44:20:36   |   00:17:51   |
299000      |   -2.54435e+06   |   -2.54451e+06   |        158.755   |       23.98901   |       23.10751   |       28.87451   |   44:30:17   |   00:08:55   |


Iter        |      Posterior   |     Likelihood   |          Prior   |   divtime_di..   |   divtime_ja..   |      root_time   |    elapsed   |        ETA   |
-------------------------------------------------------------------------------------------------------------------------------------------------------------
300000      |   -2.54433e+06   |    -2.5445e+06   |        164.966   |       24.14477   |       23.11468   |       28.39469   |   44:39:15   |   00:00:00   |
