
RevBayes version (1.1.1)
Build from development (rapture-649-g20534c) on Sun Apr 18 13:22:17 CDT 2021

Visit the website www.RevBayes.com for more information about RevBayes.

RevBayes is free software released under the GPL license, version 3. Type 'license()' for details.

To quit RevBayes type 'quit()' or 'q()'.


> source("scripts/nuclear_MCMC.Rev")
   Processing file "scripts/nuclear_MCMC.Rev"
   Successfully read one character matrix from file 'data/nuclear_full.nex'

   Running MCMC simulation
   This simulation runs 2 independent replicates.
   The simulator uses 35 different moves in a random move schedule with 53.6 moves per iteration

Iter        |      Posterior   |     Likelihood   |          Prior   |    elapsed   |        ETA   |
----------------------------------------------------------------------------------------------------
0           |   -6.84866e+06   |   -6.84868e+06   |        12.4249   |   00:00:00   |   --:--:--   |
1000        |   -3.54753e+06   |   -3.54756e+06   |        26.7603   |   00:22:09   |   --:--:--   |
2000        |   -3.54753e+06   |   -3.54756e+06   |         26.746   |   00:44:40   |   17:52:00   |
3000        |   -3.54753e+06   |   -3.54756e+06   |        26.7377   |   01:07:06   |   17:31:14   |
4000        |   -3.54752e+06   |   -3.54755e+06   |        26.7359   |   01:29:30   |   17:09:15   |
5000        |   -3.54752e+06   |   -3.54755e+06   |        26.7166   |   01:52:00   |   16:48:00   |
6000        |   -3.54753e+06   |   -3.54755e+06   |        26.7218   |   02:14:28   |   16:26:05   |
7000        |   -3.54752e+06   |   -3.54755e+06   |        26.7347   |   02:36:53   |   16:03:42   |
8000        |   -3.54753e+06   |   -3.54756e+06   |        26.7227   |   02:59:15   |   15:41:03   |
9000        |   -3.54752e+06   |   -3.54755e+06   |        26.7423   |   03:21:41   |   15:18:46   |
10000       |   -3.54753e+06   |   -3.54756e+06   |         26.741   |   03:44:08   |   14:56:32   |
11000       |   -3.54753e+06   |   -3.54755e+06   |        26.7253   |   04:06:39   |   14:34:29   |
12000       |   -3.54753e+06   |   -3.54756e+06   |        26.7343   |   04:29:13   |   14:12:31   |
13000       |   -3.54754e+06   |   -3.54756e+06   |        26.6998   |   04:51:44   |   13:50:19   |
14000       |   -3.54753e+06   |   -3.54756e+06   |        26.7033   |   05:14:09   |   13:27:48   |
15000       |   -3.54753e+06   |   -3.54756e+06   |        26.7366   |   05:36:33   |   13:05:17   |
16000       |   -3.54753e+06   |   -3.54755e+06   |        26.6718   |   05:58:59   |   12:42:50   |
17000       |   -3.54753e+06   |   -3.54756e+06   |        26.7436   |   06:21:24   |   12:20:21   |
18000       |   -3.54753e+06   |   -3.54756e+06   |        26.7308   |   06:43:54   |   11:58:02   |
19000       |   -3.54753e+06   |   -3.54756e+06   |        26.7032   |   07:06:18   |   11:35:32   |


Iter        |      Posterior   |     Likelihood   |          Prior   |    elapsed   |        ETA   |
----------------------------------------------------------------------------------------------------
20000       |   -3.54753e+06   |   -3.54755e+06   |        26.6969   |   07:28:49   |   11:13:13   |
21000       |   -3.54753e+06   |   -3.54755e+06   |        26.6961   |   07:51:16   |   10:50:47   |
22000       |   -3.54752e+06   |   -3.54755e+06   |        26.7077   |   08:13:40   |   10:28:18   |
23000       |   -3.54753e+06   |   -3.54755e+06   |        26.7353   |   08:36:08   |   10:05:53   |
24000       |   -3.54753e+06   |   -3.54755e+06   |        26.7265   |   08:58:39   |   09:43:32   |
25000       |   -3.54753e+06   |   -3.54756e+06   |        26.6872   |   09:21:04   |   09:21:04   |
26000       |   -3.54753e+06   |   -3.54756e+06   |        26.7565   |   09:43:30   |   08:58:36   |
27000       |   -3.54752e+06   |   -3.54755e+06   |         26.718   |   10:06:00   |   08:36:13   |
28000       |   -3.54753e+06   |   -3.54756e+06   |        26.7332   |   10:28:28   |   08:13:47   |
29000       |   -3.54754e+06   |   -3.54757e+06   |        26.7523   |   10:50:56   |   07:51:21   |
30000       |   -3.54753e+06   |   -3.54756e+06   |        26.7196   |   11:13:23   |   07:28:55   |
31000       |   -3.54753e+06   |   -3.54756e+06   |        26.7283   |   11:35:46   |   07:06:26   |
32000       |   -3.54753e+06   |   -3.54755e+06   |        26.7151   |   11:58:14   |   06:44:00   |
33000       |   -3.54753e+06   |   -3.54756e+06   |        26.7337   |   12:20:40   |   06:21:33   |
34000       |   -3.54753e+06   |   -3.54756e+06   |        26.7327   |   12:43:02   |   05:59:04   |
35000       |   -3.54753e+06   |   -3.54756e+06   |        26.7621   |   13:05:28   |   05:36:37   |
36000       |   -3.54753e+06   |   -3.54756e+06   |        26.6768   |   13:27:54   |   05:14:11   |
37000       |   -3.54753e+06   |   -3.54756e+06   |        26.7206   |   13:50:22   |   04:51:45   |
38000       |   -3.54754e+06   |   -3.54756e+06   |         26.726   |   14:12:47   |   04:29:18   |
39000       |   -3.54753e+06   |   -3.54756e+06   |        26.7084   |   14:35:16   |   04:06:52   |


Iter        |      Posterior   |     Likelihood   |          Prior   |    elapsed   |        ETA   |
----------------------------------------------------------------------------------------------------
40000       |   -3.54753e+06   |   -3.54756e+06   |        26.7298   |   14:57:40   |   03:44:25   |
41000       |   -3.54753e+06   |   -3.54756e+06   |        26.7058   |   15:20:08   |   03:21:58   |
42000       |   -3.54753e+06   |   -3.54756e+06   |        26.7114   |   15:42:37   |   02:59:32   |
43000       |   -3.54753e+06   |   -3.54755e+06   |        26.7087   |   16:05:03   |   02:37:06   |
44000       |   -3.54753e+06   |   -3.54756e+06   |        26.7464   |   16:27:30   |   02:14:39   |
45000       |   -3.54752e+06   |   -3.54755e+06   |        26.7115   |   16:49:58   |   01:52:13   |
46000       |   -3.54753e+06   |   -3.54756e+06   |        26.7188   |   17:12:24   |   01:29:46   |
47000       |   -3.54753e+06   |   -3.54756e+06   |        26.7171   |   17:34:53   |   01:07:19   |
48000       |   -3.54753e+06   |   -3.54756e+06   |        26.7065   |   17:57:20   |   00:44:53   |
49000       |   -3.54753e+06   |   -3.54756e+06   |        26.7331   |   18:19:46   |   00:22:26   |
50000       |   -3.54753e+06   |   -3.54756e+06   |        26.7306   |   18:42:14   |   00:00:00   |
   Processing file "/home/petrucci/canid_tree/output/output_nuclear/nuclear.trees"

Progress:
0---------------25---------------50---------------75--------------100
********************************************************************

   Missing Variable:	Variable treeTrace does not exist
   Error:	Problem processing line 93 in file "scripts/nuclear_MCMC.Rev"
> 