
RevBayes version (1.1.1)
Build from development (rapture-649-g20534c) on Sun Apr 18 13:22:17 CDT 2021

Visit the website www.RevBayes.com for more information about RevBayes.

RevBayes is free software released under the GPL license, version 3. Type 'license()' for details.

To quit RevBayes type 'quit()' or 'q()'.


> source("scripts/nuclear_MCMC.Rev")
   Processing file "scripts/nuclear_MCMC.Rev"
   Successfully read one character matrix from file 'data/nuclear_full.nex'

   Running MCMC simulation
   This simulation runs 2 independent replicates.
   The simulator uses 36 different moves in a random move schedule with 63.6 moves per iteration

Iter        |      Posterior   |     Likelihood   |          Prior   |    elapsed   |        ETA   |
----------------------------------------------------------------------------------------------------
0           |   -7.87547e+06   |   -7.87545e+06   |       -17.1714   |   00:00:00   |   --:--:--   |
1000        |   -3.54883e+06   |   -3.54884e+06   |        8.27324   |   00:58:32   |   --:--:--   |
2000        |   -3.54884e+06   |   -3.54885e+06   |        8.32927   |   01:56:25   |   46:34:00   |
3000        |   -3.54883e+06   |   -3.54884e+06   |        8.26952   |   02:54:09   |   45:28:21   |
4000        |   -3.54883e+06   |   -3.54884e+06   |        8.27435   |   03:52:04   |   44:28:46   |
5000        |   -3.54883e+06   |   -3.54884e+06   |        8.32156   |   04:50:05   |   43:30:45   |
6000        |   -3.54883e+06   |   -3.54884e+06   |         8.2967   |   05:47:57   |   42:31:38   |
7000        |   -3.54883e+06   |   -3.54884e+06   |        8.27734   |   06:45:53   |   41:33:16   |
8000        |   -3.54883e+06   |   -3.54883e+06   |        8.29128   |   07:43:59   |   40:35:54   |
9000        |   -3.54883e+06   |   -3.54884e+06   |        8.30405   |   08:41:56   |   39:37:41   |
10000       |   -3.54883e+06   |   -3.54884e+06   |        8.30925   |   09:39:37   |   38:38:28   |
11000       |   -3.54883e+06   |   -3.54884e+06   |         8.2909   |   10:37:27   |   37:40:03   |
12000       |   -3.54883e+06   |   -3.54883e+06   |        8.30904   |   11:35:18   |   36:41:47   |
13000       |   -3.54883e+06   |   -3.54884e+06   |        8.30299   |   12:33:05   |   35:43:23   |
14000       |   -3.54884e+06   |   -3.54885e+06   |        8.33051   |   13:30:53   |   34:45:07   |
15000       |   -3.54883e+06   |   -3.54883e+06   |        8.27557   |   14:28:48   |   33:47:12   |
16000       |   -3.54883e+06   |   -3.54883e+06   |        8.28881   |   15:26:47   |   32:49:24   |
17000       |   -3.54884e+06   |   -3.54884e+06   |         8.2856   |   16:24:33   |   31:51:11   |
18000       |   -3.54884e+06   |   -3.54885e+06   |        8.28381   |   17:22:18   |   30:52:58   |
19000       |   -3.54883e+06   |   -3.54883e+06   |        8.27061   |   18:20:16   |   29:55:10   |


Iter        |      Posterior   |     Likelihood   |          Prior   |    elapsed   |        ETA   |
----------------------------------------------------------------------------------------------------
20000       |   -3.54883e+06   |   -3.54883e+06   |        8.29139   |   19:18:10   |   28:57:15   |
21000       |   -3.54884e+06   |   -3.54885e+06   |        8.27897   |   20:16:05   |   27:59:21   |
22000       |   -3.54884e+06   |   -3.54885e+06   |        8.28756   |   21:14:00   |   27:01:27   |
23000       |   -3.54883e+06   |   -3.54883e+06   |        8.29178   |   22:11:59   |   26:03:37   |
24000       |   -3.54883e+06   |   -3.54884e+06   |        8.27493   |   23:09:55   |   25:05:44   |
25000       |   -3.54883e+06   |   -3.54883e+06   |        8.29653   |   24:08:06   |   24:08:06   |
26000       |   -3.54883e+06   |   -3.54884e+06   |        8.28097   |   25:05:55   |   23:10:04   |
27000       |   -3.54883e+06   |   -3.54884e+06   |        8.30377   |   26:03:59   |   22:12:16   |
28000       |   -3.54884e+06   |   -3.54884e+06   |        8.28998   |   27:01:51   |   21:14:18   |
29000       |   -3.54884e+06   |   -3.54885e+06   |         8.3053   |   27:59:45   |   20:16:22   |
30000       |   -3.54883e+06   |   -3.54883e+06   |        8.29518   |   28:57:46   |   19:18:30   |
31000       |   -3.54883e+06   |   -3.54884e+06   |        8.28656   |   29:55:36   |   18:20:31   |
32000       |   -3.54883e+06   |   -3.54884e+06   |        8.26554   |   30:53:29   |   17:22:35   |
33000       |   -3.54884e+06   |   -3.54884e+06   |        8.30591   |   31:51:17   |   16:24:36   |
34000       |   -3.54884e+06   |   -3.54885e+06   |        8.30822   |   32:49:03   |   15:26:36   |
35000       |   -3.54883e+06   |   -3.54883e+06   |        8.28181   |   33:46:53   |   14:28:39   |
36000       |   -3.54883e+06   |   -3.54884e+06   |         8.3084   |   34:44:39   |   13:30:41   |
37000       |   -3.54884e+06   |   -3.54885e+06   |         8.2855   |   35:42:36   |   12:32:48   |
38000       |   -3.54883e+06   |   -3.54884e+06   |        8.29876   |   36:40:28   |   11:34:53   |
39000       |   -3.54883e+06   |   -3.54884e+06   |        8.29458   |   37:38:18   |   10:36:57   |


Iter        |      Posterior   |     Likelihood   |          Prior   |    elapsed   |        ETA   |
----------------------------------------------------------------------------------------------------
40000       |   -3.54883e+06   |   -3.54884e+06   |        8.31539   |   38:36:14   |   09:39:03   |
41000       |   -3.54883e+06   |   -3.54884e+06   |        8.26995   |   39:34:08   |   08:41:09   |
42000       |   -3.54883e+06   |   -3.54884e+06   |        8.30125   |   40:32:05   |   07:43:15   |
43000       |   -3.54883e+06   |   -3.54884e+06   |        8.30009   |   41:30:03   |   06:45:21   |
44000       |   -3.54883e+06   |   -3.54883e+06   |        8.32518   |   42:28:02   |   05:47:27   |
45000       |   -3.54884e+06   |   -3.54885e+06   |        8.31947   |   43:25:52   |   04:49:32   |
46000       |   -3.54884e+06   |   -3.54884e+06   |        8.27095   |   44:23:52   |   03:51:38   |
47000       |   -3.54884e+06   |   -3.54884e+06   |        8.28947   |   45:21:44   |   02:53:43   |
48000       |   -3.54883e+06   |   -3.54884e+06   |        8.30084   |   46:19:29   |   01:55:48   |
49000       |   -3.54883e+06   |   -3.54884e+06   |        8.27397   |   47:17:19   |   00:57:54   |
50000       |   -3.54883e+06   |   -3.54884e+06   |        8.26305   |   48:15:15   |   00:00:00   |
   Processing file "/home/petrucci/canid_tree/output/output_nuclear/nuclear.trees"

Progress:
0---------------25---------------50---------------75--------------100
********************************************************************

   Missing Variable:	Variable treeTrace does not exist
   Error:	Problem processing line 105 in file "scripts/nuclear_MCMC.Rev"
> 